[2023-07-11T08:03:36.093] [INFO] LOGIN_ROUTE - [POST] /login Incoming request ...
[2023-07-11T01:03:36.575Z] POST /login 200 | 452 bytes - 661.688 ms
[2023-07-11T08:04:46.286] [INFO] PEGAWAI_ROUTE - [POST] /pegawai Incoming request ...
[2023-07-11T01:04:46.328Z] POST /pegawai 200 | 37 bytes - 42.006 ms
[2023-07-11T08:05:53.512] [INFO] PEGAWAI_ROUTE - [POST] /pegawai Incoming request ...
[2023-07-11T01:05:53.581Z] POST /pegawai 200 | 158 bytes - 69.523 ms
[2023-07-11T08:06:13.876] [INFO] PEGAWAI_ROUTE - [GET] /pegawai/ Incoming request ...
[2023-07-11T01:06:13.923Z] GET /pegawai/ 200 | 1290 bytes - 47.777 ms
[2023-07-11T08:06:44.014] [INFO] PEGAWAI_ROUTE - [GET] /pegawai/8 Incoming request ...
[2023-07-11T01:06:44.027Z] GET /pegawai/8 200 | 382 bytes - 15.053 ms
[2023-07-11T01:07:57.297Z] PATCH /pegawai/8 403 | 33 bytes - 2.598 ms
[2023-07-11T08:07:57.295] [INFO] PEGAWAI_ROUTE - [PATCH] /pegawai/8 Incoming request ...
[2023-07-11T08:08:02.612] [INFO] PEGAWAI_ROUTE - [PATCH] /pegawai/8 Incoming request ...
[2023-07-11T01:08:02.646Z] PATCH /pegawai/8 200 | 34 bytes - 33.441 ms
[2023-07-11T08:08:08.618] [INFO] PEGAWAI_ROUTE - [GET] /pegawai/8 Incoming request ...
[2023-07-11T01:08:08.626Z] GET /pegawai/8 200 | 387 bytes - 8.355 ms
[2023-07-11T08:08:29.572] [INFO] PEGAWAI_ROUTE - [PATCH] /pegawai/8 Incoming request ...
[2023-07-11T01:08:29.608Z] PATCH /pegawai/8 200 | 34 bytes - 35.967 ms
[2023-07-11T08:08:34.319] [INFO] PEGAWAI_ROUTE - [GET] /pegawai/8 Incoming request ...
[2023-07-11T01:08:34.331Z] GET /pegawai/8 200 | 392 bytes - 13.668 ms
[2023-07-11T08:08:58.069] [INFO] PEGAWAI_ROUTE - [DELETE] /pegawai/8 Incoming request ...
[2023-07-11T01:08:58.086Z] DELETE /pegawai/8 200 | 34 bytes - 16.273 ms
[2023-07-11T08:09:08.154] [INFO] PEGAWAI_ROUTE - [GET] /pegawai/ Incoming request ...
[2023-07-11T01:09:08.174Z] GET /pegawai/ 200 | 981 bytes - 20.451 ms
[2023-07-11T08:09:26.478] [INFO] KANTOR_ROUTE - [GET] /kantor/ Incoming request ...
[2023-07-11T01:09:26.499Z] GET /kantor/ 200 | 352 bytes - 19.983 ms
[2023-07-11T08:09:53.619] [INFO] KANTOR_ROUTE - [POST] /kantor Incoming request ...
[2023-07-11T01:09:53.638Z] POST /kantor 200 | 138 bytes - 19.612 ms
[2023-07-11T08:10:00.777] [INFO] KANTOR_ROUTE - [GET] /kantor/ Incoming request ...
[2023-07-11T01:10:00.786Z] GET /kantor/ 200 | 491 bytes - 9.294 ms
[2023-07-11T08:10:08.554] [INFO] KANTOR_ROUTE - [GET] /kantor/4 Incoming request ...
[2023-07-11T01:10:08.558Z] GET /kantor/4 200 | 138 bytes - 4.933 ms
[2023-07-11T01:10:38.724Z] PATCH /kantor/4 403 | 33 bytes - 1.735 ms
[2023-07-11T08:10:38.722] [INFO] KANTOR_ROUTE - [PATCH] /kantor/4 Incoming request ...
[2023-07-11T08:11:06.579] [INFO] KANTOR_ROUTE - [GET] /kantor/ Incoming request ...
[2023-07-11T01:11:06.592Z] GET /kantor/ 200 | 491 bytes - 14.613 ms
[2023-07-11T08:12:15.507] [INFO] KANTOR_ROUTE - [GET] /kantor/?page=2 Incoming request ...
[2023-07-11T01:12:15.518Z] GET /kantor/?page=2 200 | 65 bytes - 11.186 ms
[2023-07-11T08:12:32.647] [INFO] KANTOR_ROUTE - [GET] /kantor/ Incoming request ...
[2023-07-11T01:12:32.661Z] GET /kantor/ 200 | 491 bytes - 13.531 ms
[2023-07-11T08:13:32.158] [INFO] PEMESANAN_ROUTE - [POST] /pemesanan Incoming request ...
[2023-07-11T08:14:59.221] [INFO] PEMESANAN_ROUTE - [POST] /pemesanan Incoming request ...
