[2023-07-27T14:22:20.371Z] GET /kantor/ 403 | 33 bytes - 10.891 ms
[2023-07-27T21:22:20.359] [INFO] KANTOR_ROUTE - [GET] /kantor/ Incoming request ...
[2023-07-27T21:22:29.269] [INFO] LOGIN_ROUTE - [POST] /login Incoming request ...
[2023-07-27T22:07:56.967] [INFO] LOGIN_ROUTE - [POST] /login Incoming request ...
[2023-07-27T15:07:57.516Z] POST /login 200 | 452 bytes - 558.461 ms
[2023-07-27T22:08:08.422] [INFO] TAMBANG_ROUTE - [GET] /tambang Incoming request ...
[2023-07-27T15:08:08.442Z] GET /tambang 200 | 700 bytes - 21.944 ms
[2023-07-27T22:08:22.198] [INFO] DRIVER_ROUTE - [GET] /driver Incoming request ...
[2023-07-27T15:08:22.220Z] GET /driver 200 | 1514 bytes - 22.702 ms
[2023-07-27T22:08:31.365] [INFO] UNIT_ROUTE - [GET] /unit/ Incoming request ...
[2023-07-27T15:08:31.430Z] GET /unit/ 200 | 1196768 bytes - 64.846 ms
[2023-07-27T22:08:41.665] [INFO] PEMESANAN_ROUTE - [DELETE] /pemesanan/2 Incoming request ...
[2023-07-27T15:08:41.676Z] DELETE /pemesanan/2 404 | 33 bytes - 10.744 ms
[2023-07-27T15:08:47.209Z] DELETE /pemesanan/ 404 | 33 bytes - 2.687 ms
[2023-07-27T22:08:47.206] [INFO] PEMESANAN_ROUTE - [DELETE] /pemesanan/ Incoming request ...
[2023-07-27T15:08:49.727Z] DELETE /pemesanan/ 404 | 33 bytes - 2.904 ms
[2023-07-27T22:08:49.723] [INFO] PEMESANAN_ROUTE - [DELETE] /pemesanan/ Incoming request ...
[2023-07-27T15:08:50.677Z] DELETE /pemesanan/ 404 | 33 bytes - 3.446 ms
[2023-07-27T22:08:50.674] [INFO] PEMESANAN_ROUTE - [DELETE] /pemesanan/ Incoming request ...
[2023-07-27T22:09:39.500] [INFO] PEMESANAN_ROUTE - [DELETE] /pemesanan/3 Incoming request ...
[2023-07-27T15:09:39.510Z] DELETE /pemesanan/3 200 | 34 bytes - 9.474 ms
[2023-07-27T15:10:43.472Z] GET /pemesanan/ 403 | 33 bytes - 1.364 ms
[2023-07-27T22:10:43.470] [INFO] PEMESANAN_ROUTE - [GET] /pemesanan/ Incoming request ...
[2023-07-27T22:10:57.287] [INFO] PEMESANAN_ROUTE - [GET] /pemesanan/ Incoming request ...
[2023-07-27T22:12:00.759] [INFO] PEMESANAN_ROUTE - [GET] /pemesanan/ Incoming request ...
[2023-07-27T15:12:00.819Z] GET /pemesanan/ 200 | 65 bytes - 60.942 ms
[2023-07-27T15:12:24.319Z] POST /unit 403 | 33 bytes - 4.412 ms
[2023-07-27T22:12:24.314] [INFO] UNIT_ROUTE - [POST] /unit Incoming request ...
[2023-07-27T22:12:30.443] [INFO] UNIT_ROUTE - [POST] /unit Incoming request ...
[2023-07-27T15:12:30.487Z] POST /unit 200 | 282 bytes - 42.958 ms
[2023-07-27T22:12:37.703] [INFO] UNIT_ROUTE - [GET] /unit/ Incoming request ...
[2023-07-27T15:12:37.737Z] GET /unit/ 200 | 1795126 bytes - 33.846 ms
[2023-07-27T15:13:16.804Z] PATCH /unit/service/4 403 | 33 bytes - 3.718 ms
[2023-07-27T22:13:16.800] [INFO] UNIT_ROUTE - [PATCH] /unit/service/4 Incoming request ...
[2023-07-27T22:13:21.763] [INFO] UNIT_ROUTE - [PATCH] /unit/service/4 Incoming request ...
[2023-07-27T15:13:21.777Z] PATCH /unit/service/4 200 | 58 bytes - 13.453 ms
[2023-07-27T15:14:04.643Z] PATCH /unit/4 403 | 33 bytes - 2.904 ms
[2023-07-27T22:14:04.640] [INFO] UNIT_ROUTE - [PATCH] /unit/4 Incoming request ...
[2023-07-27T22:14:10.128] [INFO] UNIT_ROUTE - [PATCH] /unit/4 Incoming request ...
[2023-07-27T15:14:10.145Z] PATCH /unit/4 200 | 34 bytes - 16.331 ms
[2023-07-27T22:14:44.886] [INFO] UNIT_ROUTE - [DELETE] /unit/4 Incoming request ...
[2023-07-27T15:14:44.897Z] DELETE /unit/4 200 | 34 bytes - 10.581 ms
[2023-07-27T15:15:35.886Z] POST /driver 403 | 33 bytes - 11.167 ms
[2023-07-27T22:15:35.884] [INFO] DRIVER_ROUTE - [POST] /driver Incoming request ...
[2023-07-27T22:15:41.054] [INFO] DRIVER_ROUTE - [POST] /driver Incoming request ...
[2023-07-27T15:15:41.064Z] POST /driver 200 | 126 bytes - 10.741 ms
[2023-07-27T22:15:44.725] [INFO] DRIVER_ROUTE - [GET] /driver Incoming request ...
[2023-07-27T15:15:44.740Z] GET /driver 200 | 1755 bytes - 15.551 ms
[2023-07-27T22:15:47.577] [INFO] DRIVER_ROUTE - [GET] /driver Incoming request ...
[2023-07-27T15:15:47.585Z] GET /driver 200 | 1755 bytes - 7.967 ms
[2023-07-27T22:15:53.499] [INFO] DRIVER_ROUTE - [GET] /driver Incoming request ...
[2023-07-27T15:15:53.506Z] GET /driver 200 | 1755 bytes - 7.102 ms
[2023-07-27T22:16:14.140] [INFO] DRIVER_ROUTE - [PATCH] /driver/8 Incoming request ...
[2023-07-27T15:16:14.148Z] PATCH /driver/8 200 | 64 bytes - 7.974 ms
[2023-07-27T22:16:43.826] [INFO] DRIVER_ROUTE - [DELETE] /driver/8 Incoming request ...
[2023-07-27T15:16:43.834Z] DELETE /driver/8 200 | 34 bytes - 7.293 ms
[2023-07-27T15:16:57.468Z] POST /tambang 403 | 33 bytes - 2.321 ms
[2023-07-27T22:16:57.465] [INFO] TAMBANG_ROUTE - [POST] /tambang Incoming request ...
[2023-07-27T22:17:01.826] [INFO] TAMBANG_ROUTE - [POST] /tambang Incoming request ...
[2023-07-27T15:17:01.838Z] POST /tambang 200 | 105 bytes - 12.720 ms
[2023-07-27T22:17:20.063] [INFO] TAMBANG_ROUTE - [GET] /tambang Incoming request ...
[2023-07-27T15:17:20.072Z] GET /tambang 200 | 806 bytes - 9.437 ms
[2023-07-27T22:17:27.965] [INFO] TAMBANG_ROUTE - [PATCH] /tambang/7 Incoming request ...
[2023-07-27T15:17:27.972Z] PATCH /tambang/7 404 | 33 bytes - 6.813 ms
[2023-07-27T22:17:33.738] [INFO] TAMBANG_ROUTE - [PATCH] /tambang/8 Incoming request ...
[2023-07-27T15:17:33.748Z] PATCH /tambang/8 200 | 65 bytes - 10.214 ms
[2023-07-27T22:17:43.382] [INFO] TAMBANG_ROUTE - [DELETE] /tambang/7 Incoming request ...
[2023-07-27T15:17:43.386Z] DELETE /tambang/7 404 | 33 bytes - 3.497 ms
[2023-07-27T22:17:47.777] [INFO] TAMBANG_ROUTE - [DELETE] /tambang/8 Incoming request ...
[2023-07-27T15:17:47.783Z] DELETE /tambang/8 200 | 34 bytes - 5.641 ms
