[2023-07-06T15:10:28.701] [INFO] PEGAWAI_ROUTE - [GET] /pegawai/ Incoming request ...
[2023-07-06T15:22:19.488] [INFO] PEGAWAI_ROUTE - [GET] /pegawai/ Incoming request ...
[2023-07-06T08:22:19.756Z] GET /pegawai/ 200 | 372 bytes - 268.608 ms
[2023-07-06T08:23:33.270Z] POST /pegawai 403 | 33 bytes - 1666.225 ms
[2023-07-06T15:23:33.262] [INFO] PEGAWAI_ROUTE - [POST] /pegawai Incoming request ...
[2023-07-06T15:23:43.147] [INFO] PEGAWAI_ROUTE - [POST] /pegawai Incoming request ...
[2023-07-06T15:25:55.282] [INFO] PEGAWAI_ROUTE - [POST] /pegawai Incoming request ...
[2023-07-06T15:29:41.832] [INFO] KANTOR_ROUTE - [POST] /kantor Incoming request ...
[2023-07-06T15:31:56.753] [INFO] KANTOR_ROUTE - [POST] /kantor Incoming request ...
[2023-07-06T08:31:56.844Z] POST /kantor 200 | 144 bytes - 102.868 ms
[2023-07-06T15:32:13.394] [INFO] PEGAWAI_ROUTE - [POST] /pegawai Incoming request ...
[2023-07-06T08:32:13.439Z] POST /pegawai 200 | 224 bytes - 45.214 ms
[2023-07-06T15:32:36.456] [INFO] PEGAWAI_ROUTE - [GET] /pegawai/ Incoming request ...
[2023-07-06T08:32:36.482Z] GET /pegawai/ 200 | 670 bytes - 27.215 ms
[2023-07-06T15:37:39.678] [INFO] PEGAWAI_ROUTE - [PATCH] /pegawai/4 Incoming request ...
[2023-07-06T08:37:39.772Z] PATCH /pegawai/4 200 | 34 bytes - 104.912 ms
[2023-07-06T15:37:45.462] [INFO] PEGAWAI_ROUTE - [GET] /pegawai/ Incoming request ...
[2023-07-06T08:37:45.496Z] GET /pegawai/ 200 | 675 bytes - 35.330 ms
[2023-07-06T15:45:05.228] [INFO] PEGAWAI_ROUTE - [POST] /pegawai Incoming request ...
[2023-07-06T08:45:05.271Z] POST /pegawai 200 | 227 bytes - 43.209 ms
[2023-07-06T15:48:01.963] [INFO] PEGAWAI_ROUTE - [POST] /pegawai Incoming request ...
[2023-07-06T08:48:02.050Z] POST /pegawai 200 | 37 bytes - 97.578 ms
[2023-07-06T15:48:10.120] [INFO] PEGAWAI_ROUTE - [POST] /pegawai Incoming request ...
[2023-07-06T08:48:10.175Z] POST /pegawai 200 | 154 bytes - 55.716 ms
[2023-07-06T15:48:20.857] [INFO] PEGAWAI_ROUTE - [GET] /pegawai/ Incoming request ...
[2023-07-06T08:48:20.891Z] GET /pegawai/ 200 | 1284 bytes - 34.582 ms
[2023-07-06T15:48:46.293] [INFO] PEGAWAI_ROUTE - [DELETE] /pegawai/5 Incoming request ...
[2023-07-06T08:48:46.295Z] DELETE /pegawai/5 403 | 33 bytes - 2.471 ms
[2023-07-06T15:48:54.060] [INFO] PEGAWAI_ROUTE - [DELETE] /pegawai/5 Incoming request ...
[2023-07-06T08:48:54.070Z] DELETE /pegawai/5 200 | 34 bytes - 9.871 ms
[2023-07-06T15:48:59.382] [INFO] PEGAWAI_ROUTE - [DELETE] /pegawai/6 Incoming request ...
[2023-07-06T08:48:59.393Z] DELETE /pegawai/6 200 | 34 bytes - 10.006 ms
[2023-07-06T15:49:03.437] [INFO] PEGAWAI_ROUTE - [GET] /pegawai/ Incoming request ...
[2023-07-06T08:49:03.447Z] GET /pegawai/ 200 | 675 bytes - 10.127 ms
[2023-07-06T15:50:52.907] [INFO] PEGAWAI_ROUTE - [PATCH] /pegawai/4 Incoming request ...
[2023-07-06T08:50:52.931Z] PATCH /pegawai/4 200 | 34 bytes - 23.028 ms
[2023-07-06T15:51:12.018] [INFO] PEGAWAI_ROUTE - [PATCH] /pegawai/4 Incoming request ...
[2023-07-06T08:51:12.040Z] PATCH /pegawai/4 200 | 34 bytes - 22.076 ms
[2023-07-06T12:04:16.704Z] GET /kantor 403 | 33 bytes - 21.598 ms
[2023-07-06T19:04:16.690] [INFO] KANTOR_ROUTE - [GET] /kantor Incoming request ...
[2023-07-06T19:04:24.650] [INFO] KANTOR_ROUTE - [GET] /kantor Incoming request ...
[2023-07-06T19:04:58.367] [INFO] KANTOR_ROUTE - [GET] /kantor Incoming request ...
[2023-07-06T12:04:58.550Z] GET /kantor 200 | 352 bytes - 185.420 ms
[2023-07-06T19:05:37.803] [INFO] KANTOR_ROUTE - [GET] /kantor/1 Incoming request ...
[2023-07-06T12:05:37.826Z] GET /kantor/1 200 | 142 bytes - 24.001 ms
[2023-07-06T19:06:48.406] [INFO] KANTOR_ROUTE - [POST] /kantor Incoming request ...
[2023-07-06T12:06:48.451Z] POST /kantor 200 | 139 bytes - 71.771 ms
[2023-07-06T19:07:37.857] [INFO] KANTOR_ROUTE - [PATCH] /kantor/3 Incoming request ...
[2023-07-06T12:07:37.889Z] PATCH /kantor/3 200 | 34 bytes - 32.678 ms
[2023-07-06T19:07:45.217] [INFO] KANTOR_ROUTE - [GET] /kantor/ Incoming request ...
[2023-07-06T12:07:45.235Z] GET /kantor/ 200 | 493 bytes - 19.135 ms
[2023-07-06T19:08:14.290] [INFO] KANTOR_ROUTE - [DELETE] /kantor/3 Incoming request ...
[2023-07-06T12:08:14.296Z] DELETE /kantor/3 403 | 33 bytes - 4.883 ms
[2023-07-06T19:08:22.087] [INFO] KANTOR_ROUTE - [DELETE] /kantor/3 Incoming request ...
[2023-07-06T12:08:22.106Z] DELETE /kantor/3 200 | 34 bytes - 18.444 ms
[2023-07-06T20:04:41.255] [INFO] TAMBANG_ROUTE - [GET] /tambang Incoming request ...
[2023-07-06T20:05:02.529] [INFO] TAMBANG_ROUTE - [GET] /tambang Incoming request ...
[2023-07-06T13:05:02.592Z] GET /tambang 200 | 65 bytes - 76.086 ms
[2023-07-06T20:05:17.484] [INFO] TAMBANG_ROUTE - [POST] /tambang Incoming request ...
[2023-07-06T13:05:17.514Z] POST /tambang 200 | 105 bytes - 30.493 ms
[2023-07-06T20:05:30.347] [INFO] TAMBANG_ROUTE - [POST] /tambang Incoming request ...
[2023-07-06T13:05:30.366Z] POST /tambang 200 | 105 bytes - 18.763 ms
[2023-07-06T20:05:37.434] [INFO] TAMBANG_ROUTE - [POST] /tambang Incoming request ...
[2023-07-06T13:05:37.448Z] POST /tambang 200 | 105 bytes - 13.972 ms
[2023-07-06T20:29:19.301] [INFO] TAMBANG_ROUTE - [POST] /tambang Incoming request ...
[2023-07-06T13:29:19.327Z] POST /tambang 200 | 105 bytes - 25.567 ms
[2023-07-06T20:29:25.511] [INFO] TAMBANG_ROUTE - [POST] /tambang Incoming request ...
[2023-07-06T13:29:25.524Z] POST /tambang 200 | 105 bytes - 14.005 ms
[2023-07-06T20:29:29.864] [INFO] TAMBANG_ROUTE - [POST] /tambang Incoming request ...
[2023-07-06T13:29:29.880Z] POST /tambang 200 | 105 bytes - 16.114 ms
[2023-07-06T20:30:04.368] [INFO] TAMBANG_ROUTE - [POST] /tambang Incoming request ...
[2023-07-06T13:30:04.393Z] POST /tambang 200 | 105 bytes - 25.119 ms
[2023-07-06T13:30:58.043Z] GET /tambang 403 | 33 bytes - 4.519 ms
[2023-07-06T20:30:58.038] [INFO] TAMBANG_ROUTE - [GET] /tambang Incoming request ...
[2023-07-06T20:31:07.679] [INFO] TAMBANG_ROUTE - [GET] /tambang Incoming request ...
[2023-07-06T13:31:07.699Z] GET /tambang 200 | 806 bytes - 19.792 ms
[2023-07-06T13:33:30.424Z] PATCH /tambang/7 403 | 33 bytes - 44.361 ms
[2023-07-06T20:33:30.403] [INFO] TAMBANG_ROUTE - [PATCH] /tambang/7 Incoming request ...
[2023-07-06T20:33:37.440] [INFO] TAMBANG_ROUTE - [PATCH] /tambang/7 Incoming request ...
[2023-07-06T13:33:37.563Z] PATCH /tambang/7 200 | 60 bytes - 123.165 ms
[2023-07-06T20:34:23.923] [INFO] TAMBANG_ROUTE - [PATCH] /tambang/7 Incoming request ...
[2023-07-06T13:34:24.074Z] PATCH /tambang/7 200 | 60 bytes - 181.566 ms
[2023-07-06T20:36:35.167] [INFO] TAMBANG_ROUTE - [PATCH] /tambang/7 Incoming request ...
[2023-07-06T20:37:05.360] [INFO] TAMBANG_ROUTE - [PATCH] /tambang/7 Incoming request ...
[2023-07-06T13:37:05.505Z] PATCH /tambang/7 200 | 60 bytes - 171.954 ms
[2023-07-06T20:38:06.024] [INFO] TAMBANG_ROUTE - [PATCH] /tambang/7 Incoming request ...
[2023-07-06T13:38:06.161Z] PATCH /tambang/7 200 | 65 bytes - 163.459 ms
[2023-07-06T20:46:06.700] [INFO] TAMBANG_ROUTE - [GET] /tambang/7 Incoming request ...
[2023-07-06T13:46:06.720Z] GET /tambang/7 200 | 110 bytes - 24.270 ms
[2023-07-06T20:46:16.119] [INFO] TAMBANG_ROUTE - [DELETE] /tambang/7 Incoming request ...
[2023-07-06T13:46:16.137Z] DELETE /tambang/7 200 | 34 bytes - 17.706 ms
[2023-07-06T20:52:28.183] [INFO] DRIVER_ROUTE - [POST] /driver Incoming request ...
[2023-07-06T13:52:28.323Z] POST /driver 200 | 127 bytes - 163.852 ms
[2023-07-06T20:52:46.510] [INFO] DRIVER_ROUTE - [POST] /driver Incoming request ...
[2023-07-06T13:52:46.529Z] POST /driver 200 | 127 bytes - 19.586 ms
[2023-07-06T20:53:10.534] [INFO] DRIVER_ROUTE - [POST] /driver Incoming request ...
[2023-07-06T13:53:10.557Z] POST /driver 200 | 126 bytes - 22.706 ms
[2023-07-06T20:53:28.832] [INFO] DRIVER_ROUTE - [POST] /driver Incoming request ...
[2023-07-06T13:53:28.852Z] POST /driver 200 | 125 bytes - 19.743 ms
[2023-07-06T20:53:42.421] [INFO] DRIVER_ROUTE - [POST] /driver Incoming request ...
[2023-07-06T13:53:42.443Z] POST /driver 200 | 127 bytes - 21.492 ms
[2023-07-06T20:53:56.068] [INFO] DRIVER_ROUTE - [POST] /driver Incoming request ...
[2023-07-06T13:53:56.087Z] POST /driver 200 | 128 bytes - 19.975 ms
[2023-07-06T20:54:26.240] [INFO] DRIVER_ROUTE - [GET] /driver Incoming request ...
[2023-07-06T20:55:27.068] [INFO] DRIVER_ROUTE - [GET] /driver Incoming request ...
[2023-07-06T13:55:27.214Z] GET /driver 200 | 1514 bytes - 146.739 ms
[2023-07-06T20:59:03.424] [INFO] DRIVER_ROUTE - [POST] /driver Incoming request ...
[2023-07-06T13:59:03.471Z] POST /driver 200 | 126 bytes - 74.212 ms
[2023-07-06T20:59:38.325] [INFO] DRIVER_ROUTE - [GET] /driver/7 Incoming request ...
[2023-07-06T13:59:38.344Z] GET /driver/7 200 | 124 bytes - 21.280 ms
[2023-07-06T20:59:48.043] [INFO] DRIVER_ROUTE - [PATCH] /driver/7 Incoming request ...
[2023-07-06T13:59:48.062Z] PATCH /driver/7 200 | 34 bytes - 19.094 ms
[2023-07-06T21:00:36.974] [INFO] DRIVER_ROUTE - [PATCH] /driver/7 Incoming request ...
[2023-07-06T14:00:37.091Z] PATCH /driver/7 200 | 64 bytes - 140.480 ms
[2023-07-06T21:01:06.187] [INFO] DRIVER_ROUTE - [DELETE] /driver/7 Incoming request ...
[2023-07-06T14:01:06.218Z] DELETE /driver/7 200 | 34 bytes - 30.362 ms
[2023-07-06T21:22:53.403] [INFO] UNIT_ROUTE - [POST] /unit Incoming request ...
[2023-07-06T21:26:42.320] [INFO] UNIT_ROUTE - [POST] /unit Incoming request ...
[2023-07-06T21:27:19.380] [INFO] UNIT_ROUTE - [POST] /unit Incoming request ...
[2023-07-06T14:27:19.675Z] POST /unit 200 | 260 bytes - 297.640 ms
[2023-07-06T21:29:22.365] [INFO] UNIT_ROUTE - [POST] /unit Incoming request ...
[2023-07-06T14:29:22.657Z] POST /unit 200 | 281 bytes - 291.858 ms
[2023-07-06T21:30:22.843] [INFO] UNIT_ROUTE - [GET] /unit/1 Incoming request ...
[2023-07-06T21:32:06.670] [INFO] UNIT_ROUTE - [GET] /unit/1 Incoming request ...
[2023-07-06T21:32:39.168] [INFO] UNIT_ROUTE - [GET] /unit/1 Incoming request ...
[2023-07-06T14:32:39.387Z] GET /unit/1 200 | 598343 bytes - 221.644 ms
[2023-07-06T21:41:59.948] [INFO] UNIT_ROUTE - [GET] /unit/1 Incoming request ...
[2023-07-06T21:42:29.703] [INFO] UNIT_ROUTE - [GET] /unit/1 Incoming request ...
[2023-07-06T14:42:29.794Z] GET /unit/1 200 | 1589578 bytes - 88.925 ms
[2023-07-06T21:44:22.188] [INFO] UNIT_ROUTE - [GET] /unit/1 Incoming request ...
[2023-07-06T14:44:22.247Z] GET /unit/1 200 | 598343 bytes - 59.546 ms
[2023-07-06T21:52:56.258] [INFO] UNIT_ROUTE - [PATCH] /unit/services/1 Incoming request ...
[2023-07-06T14:52:56.271Z] PATCH /unit/services/1 404 | 33 bytes - 12.798 ms
[2023-07-06T21:53:14.892] [INFO] UNIT_ROUTE - [PATCH] /unit/service/1 Incoming request ...
[2023-07-06T14:53:14.995Z] PATCH /unit/service/1 200 | - bytes - 104.193 ms
[2023-07-06T21:55:14.440] [INFO] UNIT_ROUTE - [PATCH] /unit/service/1 Incoming request ...
[2023-07-06T14:55:14.458Z] PATCH /unit/service/1 200 | - bytes - 17.162 ms
[2023-07-06T22:03:08.259] [INFO] UNIT_ROUTE - [PATCH] /unit/service/1 Incoming request ...
[2023-07-06T15:03:08.282Z] PATCH /unit/service/1 200 | - bytes - 22.733 ms
[2023-07-06T22:04:18.600] [INFO] UNIT_ROUTE - [PATCH] /unit/service/1 Incoming request ...
[2023-07-06T15:04:18.620Z] PATCH /unit/service/1 404 | 33 bytes - 19.482 ms
[2023-07-06T22:05:57.511] [INFO] UNIT_ROUTE - [PATCH] /unit/service/1 Incoming request ...
[2023-07-06T15:05:57.549Z] PATCH /unit/service/1 404 | 33 bytes - 36.775 ms
[2023-07-06T22:08:17.528] [INFO] UNIT_ROUTE - [PATCH] /unit/service/1 Incoming request ...
[2023-07-06T15:08:17.588Z] PATCH /unit/service/1 404 | 33 bytes - 61.299 ms
[2023-07-06T22:09:03.966] [INFO] UNIT_ROUTE - [PATCH] /unit/service/1 Incoming request ...
[2023-07-06T15:09:04.018Z] PATCH /unit/service/1 404 | 33 bytes - 49.632 ms
[2023-07-06T22:11:15.430] [INFO] UNIT_ROUTE - [PATCH] /unit/service/1 Incoming request ...
[2023-07-06T15:11:15.489Z] PATCH /unit/service/1 200 | - bytes - 57.795 ms
[2023-07-06T22:12:30.911] [INFO] UNIT_ROUTE - [PATCH] /unit/service/1 Incoming request ...
[2023-07-06T15:12:30.972Z] PATCH /unit/service/1 200 | 58 bytes - 59.792 ms
[2023-07-06T22:20:50.090] [INFO] UNIT_ROUTE - [PATCH] /unit/1 Incoming request ...
[2023-07-06T15:20:50.137Z] PATCH /unit/1 200 | 34 bytes - 50.631 ms
[2023-07-06T22:21:41.302] [INFO] UNIT_ROUTE - [PATCH] /unit/1 Incoming request ...
[2023-07-06T15:21:41.326Z] PATCH /unit/1 200 | 34 bytes - 23.805 ms
[2023-07-06T22:22:46.928] [INFO] UNIT_ROUTE - [PATCH] /unit/1 Incoming request ...
[2023-07-06T15:22:46.966Z] PATCH /unit/1 200 | 34 bytes - 38.594 ms
[2023-07-06T22:26:36.387] [INFO] UNIT_ROUTE - [PATCH] /unit/1 Incoming request ...
[2023-07-06T15:26:36.478Z] PATCH /unit/1 200 | 34 bytes - 91.723 ms
[2023-07-07T10:43:33.907] [INFO] UNIT_ROUTE - [GET] /unit/1 Incoming request ...
[2023-07-07T03:43:33.987Z] GET /unit/1 200 | 231203 bytes - 80.533 ms
