[2023-07-07T10:48:15.949] [INFO] UNIT_ROUTE - [DELETE] /unit/1 Incoming request ...
[2023-07-07T03:48:16.018Z] DELETE /unit/1 200 | 34 bytes - 68.573 ms
[2023-07-07T10:48:35.917] [INFO] UNIT_ROUTE - [POST] /unit Incoming request ...
[2023-07-07T03:48:35.942Z] POST /unit 200 | 33 bytes - 25.914 ms
[2023-07-07T10:48:43.997] [INFO] UNIT_ROUTE - [POST] /unit Incoming request ...
[2023-07-07T03:48:44.033Z] POST /unit 200 | 280 bytes - 35.571 ms
[2023-07-07T10:48:51.822] [INFO] UNIT_ROUTE - [GET] /unit/1 Incoming request ...
[2023-07-07T03:48:51.830Z] GET /unit/1 404 | 33 bytes - 10.004 ms
[2023-07-07T10:48:57.348] [INFO] UNIT_ROUTE - [GET] /unit/2 Incoming request ...
[2023-07-07T03:48:57.354Z] GET /unit/2 200 | 309 bytes - 6.756 ms
[2023-07-07T10:49:06.818] [INFO] UNIT_ROUTE - [GET] /unit/3 Incoming request ...
[2023-07-07T03:49:06.827Z] GET /unit/3 200 | 308 bytes - 8.342 ms
[2023-07-07T10:49:53.281] [INFO] UNIT_ROUTE - [GET] /unit/3 Incoming request ...
[2023-07-07T03:49:53.354Z] GET /unit/3 200 | 308 bytes - 74.000 ms
[2023-07-07T10:50:51.552] [INFO] UNIT_ROUTE - [GET] /unit/3 Incoming request ...
[2023-07-07T03:50:51.564Z] GET /unit/3 200 | 308 bytes - 13.089 ms
[2023-07-07T10:51:23.927] [INFO] UNIT_ROUTE - [GET] /unit/3 Incoming request ...
[2023-07-07T03:51:24.413Z] GET /unit/3 200 | 308 bytes - 487.042 ms
[2023-07-07T10:51:53.691] [INFO] UNIT_ROUTE - [GET] /unit/3 Incoming request ...
[2023-07-07T03:51:54.208Z] GET /unit/3 200 | 308 bytes - 516.873 ms
[2023-07-07T10:52:51.318] [INFO] UNIT_ROUTE - [GET] /unit/3 Incoming request ...
[2023-07-07T03:52:51.834Z] GET /unit/3 200 | 598028 bytes - 515.462 ms
[2023-07-07T10:53:18.614] [INFO] UNIT_ROUTE - [GET] /unit/3 Incoming request ...
[2023-07-07T03:53:19.111Z] GET /unit/3 200 | 297 bytes - 498.611 ms
[2023-07-07T10:54:02.423] [INFO] UNIT_ROUTE - [GET] /unit/3 Incoming request ...
[2023-07-07T03:54:02.492Z] GET /unit/3 200 | 297 bytes - 70.636 ms
[2023-07-07T10:56:51.064] [INFO] UNIT_ROUTE - [GET] /unit/3 Incoming request ...
[2023-07-07T03:56:51.136Z] GET /unit/3 200 | 297 bytes - 72.532 ms
[2023-07-07T10:57:33.788] [INFO] UNIT_ROUTE - [GET] /unit/3 Incoming request ...
[2023-07-07T10:57:46.121] [INFO] UNIT_ROUTE - [GET] /unit/3 Incoming request ...
[2023-07-07T03:57:46.205Z] GET /unit/3 200 | 598349 bytes - 84.777 ms
[2023-07-07T10:58:22.748] [INFO] UNIT_ROUTE - [GET] /unit/3 Incoming request ...
[2023-07-07T03:58:22.819Z] GET /unit/3 200 | 598028 bytes - 72.483 ms
[2023-07-07T11:00:19.218] [INFO] UNIT_ROUTE - [GET] /unit/ Incoming request ...
[2023-07-07T11:00:43.158] [INFO] UNIT_ROUTE - [GET] /unit/ Incoming request ...
[2023-07-07T11:02:38.989] [INFO] UNIT_ROUTE - [GET] /unit/ Incoming request ...
[2023-07-07T11:07:51.020] [INFO] UNIT_ROUTE - [GET] /unit/ Incoming request ...
[2023-07-07T11:08:04.836] [INFO] UNIT_ROUTE - [GET] /unit/ Incoming request ...
[2023-07-07T11:08:18.953] [INFO] UNIT_ROUTE - [GET] /unit/ Incoming request ...
[2023-07-07T04:08:19.042Z] GET /unit/ 200 | 661 bytes - 89.636 ms
[2023-07-07T11:10:44.119] [INFO] UNIT_ROUTE - [GET] /unit/ Incoming request ...
[2023-07-07T04:10:44.205Z] GET /unit/ 200 | 1196746 bytes - 88.260 ms
[2023-07-07T13:15:41.683] [INFO] PEGAWAI_ROUTE - [POST] /pegawai Incoming request ...
[2023-07-07T06:15:41.792Z] POST /pegawai 200 | 155 bytes - 123.350 ms
[2023-07-07T13:17:09.219] [INFO] PEMESANAN_ROUTE - [POST] /pemesanan Incoming request ...
[2023-07-07T06:17:09.230Z] POST /pemesanan 200 | 61 bytes - 11.573 ms
[2023-07-07T13:18:27.906] [INFO] PEMESANAN_ROUTE - [POST] /pemesanan Incoming request ...
[2023-07-07T06:18:27.978Z] POST /pemesanan 200 | 61 bytes - 86.584 ms
[2023-07-07T13:18:59.255] [INFO] PEMESANAN_ROUTE - [POST] /pemesanan Incoming request ...
[2023-07-07T06:18:59.320Z] POST /pemesanan 200 | 61 bytes - 78.554 ms
[2023-07-07T13:19:53.204] [INFO] PEMESANAN_ROUTE - [POST] /pemesanan Incoming request ...
[2023-07-07T13:20:42.097] [INFO] PEMESANAN_ROUTE - [POST] /pemesanan Incoming request ...
[2023-07-07T06:20:42.184Z] POST /pemesanan 200 | 205 bytes - 99.241 ms
[2023-07-07T13:23:07.412] [INFO] PEMESANAN_ROUTE - [POST] /pemesanan Incoming request ...
[2023-07-07T13:23:54.499] [INFO] PEMESANAN_ROUTE - [POST] /pemesanan Incoming request ...
[2023-07-07T13:25:26.790] [INFO] PEMESANAN_ROUTE - [POST] /pemesanan Incoming request ...
[2023-07-07T13:29:56.928] [INFO] PEMESANAN_ROUTE - [POST] /pemesanan Incoming request ...
[2023-07-07T06:29:57.021Z] POST /pemesanan 200 | 187 bytes - 106.819 ms
[2023-07-07T13:31:46.580] [INFO] LOGIN_ROUTE - [POST] /login Incoming request ...
[2023-07-07T06:31:48.195Z] POST /login 200 | 448 bytes - 1615.264 ms
[2023-07-07T13:32:58.322] [INFO] PEMESANAN_ROUTE - [PATCH] /pemesanan/2 Incoming request ...
[2023-07-07T06:32:58.338Z] PATCH /pemesanan/2 401 | 80 bytes - 17.258 ms
[2023-07-07T13:35:03.864] [INFO] PEMESANAN_ROUTE - [PATCH] /pemesanan/2 Incoming request ...
[2023-07-07T06:35:03.874Z] PATCH /pemesanan/2 401 | 80 bytes - 10.573 ms
[2023-07-07T13:35:28.303] [INFO] PEMESANAN_ROUTE - [PATCH] /pemesanan/2 Incoming request ...
[2023-07-07T06:35:28.365Z] PATCH /pemesanan/2 401 | 80 bytes - 76.381 ms
[2023-07-07T13:36:12.373] [INFO] PEMESANAN_ROUTE - [PATCH] /pemesanan/2 Incoming request ...
[2023-07-07T06:36:12.436Z] PATCH /pemesanan/2 401 | 80 bytes - 76.624 ms
[2023-07-07T13:36:41.391] [INFO] PEMESANAN_ROUTE - [PATCH] /pemesanan/2 Incoming request ...
[2023-07-07T06:36:41.469Z] PATCH /pemesanan/2 200 | 29 bytes - 91.550 ms
[2023-07-07T13:37:04.223] [INFO] PEMESANAN_ROUTE - [PATCH] /pemesanan/status/2 Incoming request ...
[2023-07-07T06:37:04.251Z] PATCH /pemesanan/status/2 200 | 49 bytes - 29.336 ms
[2023-07-07T13:37:21.401] [INFO] PEMESANAN_ROUTE - [PATCH] /pemesanan/status/2 Incoming request ...
[2023-07-07T06:37:21.422Z] PATCH /pemesanan/status/2 200 | 49 bytes - 21.141 ms
[2023-07-07T13:38:01.727] [INFO] PEMESANAN_ROUTE - [PATCH] /pemesanan/status/2 Incoming request ...
[2023-07-07T06:38:01.810Z] PATCH /pemesanan/status/2 200 | 49 bytes - 96.114 ms
[2023-07-07T13:38:41.023] [INFO] PEMESANAN_ROUTE - [PATCH] /pemesanan/status/2 Incoming request ...
[2023-07-07T06:38:41.131Z] PATCH /pemesanan/status/2 200 | 49 bytes - 123.240 ms
[2023-07-07T13:38:53.972] [INFO] PEMESANAN_ROUTE - [PATCH] /pemesanan/status/2 Incoming request ...
[2023-07-07T06:38:53.990Z] PATCH /pemesanan/status/2 200 | 49 bytes - 18.630 ms
[2023-07-07T13:39:20.084] [INFO] PEMESANAN_ROUTE - [PATCH] /pemesanan/status/2 Incoming request ...
[2023-07-07T06:39:20.151Z] PATCH /pemesanan/status/2 401 | 68 bytes - 80.763 ms
[2023-07-07T13:39:51.483] [INFO] PEMESANAN_ROUTE - [PATCH] /pemesanan/status/2 Incoming request ...
[2023-07-07T06:39:51.544Z] PATCH /pemesanan/status/2 401 | 41 bytes - 74.362 ms
[2023-07-07T13:40:46.621] [INFO] PEMESANAN_ROUTE - [PATCH] /pemesanan/2 Incoming request ...
[2023-07-07T06:40:46.691Z] PATCH /pemesanan/2 401 | 80 bytes - 84.998 ms
[2023-07-07T06:41:39.888Z] PATCH /pemesanan/selesai/2 403 | 33 bytes - 3.229 ms
[2023-07-07T13:41:39.883] [INFO] PEMESANAN_ROUTE - [PATCH] /pemesanan/selesai/2 Incoming request ...
[2023-07-07T13:41:47.935] [INFO] PEMESANAN_ROUTE - [PATCH] /pemesanan/selesai/2 Incoming request ...
[2023-07-07T06:41:47.964Z] PATCH /pemesanan/selesai/2 404 | 33 bytes - 29.149 ms
[2023-07-07T13:42:12.394] [INFO] PEMESANAN_ROUTE - [PATCH] /pemesanan/selesai/2 Incoming request ...
[2023-07-07T06:42:12.410Z] PATCH /pemesanan/selesai/2 404 | 33 bytes - 15.312 ms
[2023-07-07T13:44:28.015] [INFO] PEMESANAN_ROUTE - [PATCH] /pemesanan/selesai/2 Incoming request ...
[2023-07-07T06:44:28.093Z] PATCH /pemesanan/selesai/2 404 | 33 bytes - 77.759 ms
[2023-07-07T13:46:12.302] [INFO] PEMESANAN_ROUTE - [PATCH] /pemesanan/selesai/2 Incoming request ...
[2023-07-07T06:46:12.371Z] PATCH /pemesanan/selesai/2 200 | 43 bytes - 67.269 ms
[2023-07-07T13:47:00.770] [INFO] PEMESANAN_ROUTE - [PATCH] /pemesanan/selesai/2 Incoming request ...
[2023-07-07T06:47:00.779Z] PATCH /pemesanan/selesai/2 200 | 43 bytes - 9.494 ms
[2023-07-07T13:47:48.543] [INFO] PEMESANAN_ROUTE - [PATCH] /pemesanan/selesai/2 Incoming request ...
[2023-07-07T06:47:48.609Z] PATCH /pemesanan/selesai/2 200 | 43 bytes - 65.426 ms
[2023-07-07T13:48:16.813] [INFO] PEMESANAN_ROUTE - [PATCH] /pemesanan/selesai/2 Incoming request ...
[2023-07-07T06:48:16.901Z] PATCH /pemesanan/selesai/2 404 | 33 bytes - 87.516 ms
[2023-07-07T13:49:36.628] [INFO] PEMESANAN_ROUTE - [PATCH] /pemesanan/selesai/2 Incoming request ...
[2023-07-07T06:49:36.714Z] PATCH /pemesanan/selesai/2 404 | 33 bytes - 85.248 ms
[2023-07-07T13:50:19.180] [INFO] PEMESANAN_ROUTE - [PATCH] /pemesanan/selesai/2 Incoming request ...
[2023-07-07T06:50:19.264Z] PATCH /pemesanan/selesai/2 404 | 33 bytes - 82.891 ms
[2023-07-07T13:51:13.708] [INFO] PEMESANAN_ROUTE - [PATCH] /pemesanan/selesai/2 Incoming request ...
[2023-07-07T06:51:13.795Z] PATCH /pemesanan/selesai/2 404 | 33 bytes - 84.947 ms
[2023-07-07T13:52:35.261] [INFO] PEMESANAN_ROUTE - [PATCH] /pemesanan/selesai/2 Incoming request ...
[2023-07-07T06:52:35.345Z] PATCH /pemesanan/selesai/2 404 | 33 bytes - 82.956 ms
[2023-07-07T13:53:24.602] [INFO] PEMESANAN_ROUTE - [PATCH] /pemesanan/selesai/3 Incoming request ...
[2023-07-07T13:55:26.710] [INFO] PEMESANAN_ROUTE - [PATCH] /pemesanan/selesai/2 Incoming request ...
[2023-07-07T06:55:26.797Z] PATCH /pemesanan/selesai/2 404 | 33 bytes - 86.685 ms
[2023-07-07T13:57:31.419] [INFO] PEMESANAN_ROUTE - [PATCH] /pemesanan/selesai/2 Incoming request ...
[2023-07-07T06:57:31.512Z] PATCH /pemesanan/selesai/2 200 | 51 bytes - 93.029 ms
[2023-07-07T13:58:25.270] [INFO] PEMESANAN_ROUTE - [PATCH] /pemesanan/selesai/2 Incoming request ...
[2023-07-07T06:58:25.346Z] PATCH /pemesanan/selesai/2 200 | 51 bytes - 75.811 ms
[2023-07-07T14:01:05.584] [INFO] PEMESANAN_ROUTE - [PATCH] /pemesanan/selesai/2 Incoming request ...
[2023-07-07T07:01:05.668Z] PATCH /pemesanan/selesai/2 404 | 33 bytes - 82.763 ms
[2023-07-07T14:03:37.465] [INFO] PEMESANAN_ROUTE - [PATCH] /pemesanan/selesai/2 Incoming request ...
[2023-07-07T07:03:37.541Z] PATCH /pemesanan/selesai/2 404 | 33 bytes - 75.040 ms
[2023-07-07T14:04:25.314] [INFO] PEMESANAN_ROUTE - [PATCH] /pemesanan/selesai/2 Incoming request ...
[2023-07-07T07:04:25.387Z] PATCH /pemesanan/selesai/2 404 | 33 bytes - 72.193 ms
[2023-07-07T14:05:37.676] [INFO] PEMESANAN_ROUTE - [PATCH] /pemesanan/selesai/2 Incoming request ...
[2023-07-07T07:05:37.689Z] PATCH /pemesanan/selesai/2 404 | 33 bytes - 13.033 ms
[2023-07-07T14:06:28.751] [INFO] PEMESANAN_ROUTE - [PATCH] /pemesanan/selesai/2 Incoming request ...
[2023-07-07T07:06:28.763Z] PATCH /pemesanan/selesai/2 404 | 33 bytes - 10.950 ms
[2023-07-07T14:06:30.868] [INFO] PEMESANAN_ROUTE - [PATCH] /pemesanan/selesai/2 Incoming request ...
[2023-07-07T07:06:30.875Z] PATCH /pemesanan/selesai/2 404 | 33 bytes - 6.366 ms
[2023-07-07T14:07:28.184] [INFO] PEMESANAN_ROUTE - [PATCH] /pemesanan/selesai/2 Incoming request ...
[2023-07-07T07:07:28.257Z] PATCH /pemesanan/selesai/2 404 | 33 bytes - 73.728 ms
[2023-07-07T14:09:51.755] [INFO] PEMESANAN_ROUTE - [PATCH] /pemesanan/selesai/2 Incoming request ...
[2023-07-07T07:09:51.841Z] PATCH /pemesanan/selesai/2 404 | 33 bytes - 85.760 ms
[2023-07-07T14:14:47.604] [INFO] PEMESANAN_ROUTE - [PATCH] /pemesanan/selesai/2 Incoming request ...
[2023-07-07T07:14:47.692Z] PATCH /pemesanan/selesai/2 404 | 33 bytes - 86.515 ms
[2023-07-07T14:15:59.712] [INFO] PEMESANAN_ROUTE - [PATCH] /pemesanan/selesai/2 Incoming request ...
[2023-07-07T07:15:59.808Z] PATCH /pemesanan/selesai/2 404 | 33 bytes - 93.957 ms
[2023-07-07T14:16:57.540] [INFO] PEMESANAN_ROUTE - [PATCH] /pemesanan/selesai/2 Incoming request ...
[2023-07-07T14:17:13.043] [INFO] PEMESANAN_ROUTE - [PATCH] /pemesanan/selesai/2 Incoming request ...
[2023-07-07T07:17:13.153Z] PATCH /pemesanan/selesai/2 404 | 33 bytes - 107.715 ms
[2023-07-07T14:24:49.326] [INFO] PEMESANAN_ROUTE - [PATCH] /pemesanan/selesai/2 Incoming request ...
[2023-07-07T14:25:54.531] [INFO] PEMESANAN_ROUTE - [PATCH] /pemesanan/selesai/2 Incoming request ...
[2023-07-07T14:27:12.098] [INFO] PEMESANAN_ROUTE - [PATCH] /pemesanan/selesai/2 Incoming request ...
[2023-07-07T14:28:24.062] [INFO] PEMESANAN_ROUTE - [PATCH] /pemesanan/selesai/2 Incoming request ...
[2023-07-07T14:30:14.738] [INFO] PEMESANAN_ROUTE - [PATCH] /pemesanan/selesai/2 Incoming request ...
[2023-07-07T07:30:14.843Z] PATCH /pemesanan/selesai/2 200 | 43 bytes - 104.136 ms
[2023-07-07T14:30:50.154] [INFO] PEMESANAN_ROUTE - [PATCH] /pemesanan/selesai/2 Incoming request ...
[2023-07-07T07:30:50.207Z] PATCH /pemesanan/selesai/2 200 | 43 bytes - 50.593 ms
[2023-07-07T14:31:44.614] [INFO] PEMESANAN_ROUTE - [PATCH] /pemesanan/selesai/2 Incoming request ...
[2023-07-07T07:31:44.672Z] PATCH /pemesanan/selesai/2 200 | 43 bytes - 58.124 ms
[2023-07-07T14:33:36.104] [INFO] PEMESANAN_ROUTE - [PATCH] /pemesanan/selesai/2 Incoming request ...
[2023-07-07T07:33:36.182Z] PATCH /pemesanan/selesai/2 404 | 33 bytes - 76.218 ms
[2023-07-07T14:35:11.228] [INFO] PEMESANAN_ROUTE - [PATCH] /pemesanan/selesai/2 Incoming request ...
[2023-07-07T07:35:11.300Z] PATCH /pemesanan/selesai/2 404 | 33 bytes - 71.528 ms
[2023-07-07T14:36:33.618] [INFO] PEMESANAN_ROUTE - [PATCH] /pemesanan/selesai/2 Incoming request ...
[2023-07-07T07:36:33.708Z] PATCH /pemesanan/selesai/2 404 | 33 bytes - 89.495 ms
[2023-07-07T14:36:48.148] [INFO] PEMESANAN_ROUTE - [PATCH] /pemesanan/selesai/2 Incoming request ...
[2023-07-07T07:36:48.225Z] PATCH /pemesanan/selesai/2 404 | 33 bytes - 76.242 ms
[2023-07-07T14:37:23.980] [INFO] PEMESANAN_ROUTE - [PATCH] /pemesanan/selesai/2 Incoming request ...
[2023-07-07T07:37:24.094Z] PATCH /pemesanan/selesai/2 200 | 51 bytes - 111.851 ms
[2023-07-07T14:38:21.667] [INFO] PEMESANAN_ROUTE - [DELETE] /pemesanan/2 Incoming request ...
[2023-07-07T07:38:21.684Z] DELETE /pemesanan/2 200 | 34 bytes - 17.235 ms
[2023-07-07T15:24:57.469] [INFO] PEMESANAN_ROUTE - [POST] /pemesanan Incoming request ...
[2023-07-07T08:24:57.887Z] POST /pemesanan 200 | 187 bytes - 773.577 ms
[2023-07-07T15:25:24.594] [INFO] PEMESANAN_ROUTE - [PATCH] /pemesanan/status/3 Incoming request ...
[2023-07-07T08:25:24.620Z] PATCH /pemesanan/status/3 200 | 49 bytes - 25.992 ms
