[2023-07-08T23:13:28.893] [INFO] UNIT_ROUTE - [GET] /unit/ Incoming request ...
[2023-07-08T16:13:29.003Z] GET /unit/ 200 | 1196769 bytes - 108.767 ms
[2023-07-08T16:18:11.027Z] OPTIONS /pegawai 204 | 0 bytes - 0.892 ms
[2023-07-08T16:18:11.035Z] GET /pegawai 403 | 33 bytes - 4.391 ms
[2023-07-08T23:18:11.032] [INFO] PEGAWAI_ROUTE - [GET] /pegawai Incoming request ...
[2023-07-08T16:18:25.090Z] OPTIONS /pegawai 204 | 0 bytes - 0.353 ms
[2023-07-08T23:18:25.092] [INFO] PEGAWAI_ROUTE - [GET] /pegawai Incoming request ...
[2023-07-08T16:18:25.180Z] GET /pegawai 200 | 981 bytes - 87.512 ms
[2023-07-08T16:19:15.870Z] OPTIONS /pegawai 204 | 0 bytes - 0.253 ms
[2023-07-08T23:19:15.873] [INFO] PEGAWAI_ROUTE - [GET] /pegawai Incoming request ...
[2023-07-08T16:19:15.895Z] GET /pegawai 304 | - bytes - 22.681 ms
[2023-07-08T16:19:31.437Z] OPTIONS /pegawai 204 | 0 bytes - 0.231 ms
[2023-07-08T23:19:31.439] [INFO] PEGAWAI_ROUTE - [GET] /pegawai Incoming request ...
[2023-07-08T16:19:31.456Z] GET /pegawai 304 | - bytes - 16.856 ms
[2023-07-08T16:19:57.403Z] OPTIONS /pegawai 204 | 0 bytes - 0.246 ms
[2023-07-08T23:19:57.405] [INFO] PEGAWAI_ROUTE - [GET] /pegawai Incoming request ...
[2023-07-08T16:19:57.424Z] GET /pegawai 304 | - bytes - 18.877 ms
[2023-07-08T16:20:11.870Z] OPTIONS /pegawai 204 | 0 bytes - 0.143 ms
[2023-07-08T23:20:11.872] [INFO] PEGAWAI_ROUTE - [GET] /pegawai Incoming request ...
[2023-07-08T16:20:11.887Z] GET /pegawai 304 | - bytes - 14.864 ms
[2023-07-08T16:21:19.035Z] OPTIONS /pegawai 204 | 0 bytes - 0.160 ms
[2023-07-08T23:21:19.037] [INFO] PEGAWAI_ROUTE - [GET] /pegawai Incoming request ...
[2023-07-08T16:21:19.053Z] GET /pegawai 304 | - bytes - 16.077 ms
[2023-07-08T16:22:52.365Z] OPTIONS /pegawai 204 | 0 bytes - 0.142 ms
[2023-07-08T23:22:52.367] [INFO] PEGAWAI_ROUTE - [GET] /pegawai Incoming request ...
[2023-07-08T16:22:52.381Z] GET /pegawai 304 | - bytes - 15.013 ms
[2023-07-08T16:23:32.063Z] OPTIONS /pegawai 204 | 0 bytes - 0.147 ms
[2023-07-08T23:23:32.065] [INFO] PEGAWAI_ROUTE - [GET] /pegawai Incoming request ...
[2023-07-08T16:23:32.079Z] GET /pegawai 304 | - bytes - 14.485 ms
[2023-07-08T16:23:45.619Z] OPTIONS /pegawai 204 | 0 bytes - 0.175 ms
[2023-07-08T23:23:45.621] [INFO] PEGAWAI_ROUTE - [GET] /pegawai Incoming request ...
[2023-07-08T16:23:45.632Z] GET /pegawai 304 | - bytes - 11.457 ms
[2023-07-08T16:24:01.172Z] OPTIONS /pegawai 204 | 0 bytes - 0.209 ms
[2023-07-08T23:24:01.174] [INFO] PEGAWAI_ROUTE - [GET] /pegawai Incoming request ...
[2023-07-08T16:24:01.188Z] GET /pegawai 304 | - bytes - 13.495 ms
[2023-07-08T16:24:14.162Z] OPTIONS /pegawai 204 | 0 bytes - 0.214 ms
[2023-07-08T23:24:14.164] [INFO] PEGAWAI_ROUTE - [GET] /pegawai Incoming request ...
[2023-07-08T16:24:14.181Z] GET /pegawai 304 | - bytes - 16.641 ms
[2023-07-08T16:24:20.104Z] OPTIONS /pegawai 204 | 0 bytes - 0.160 ms
[2023-07-08T23:24:20.106] [INFO] PEGAWAI_ROUTE - [GET] /pegawai Incoming request ...
[2023-07-08T16:24:20.119Z] GET /pegawai 304 | - bytes - 13.165 ms
[2023-07-08T16:24:27.892Z] OPTIONS /pegawai 204 | 0 bytes - 0.182 ms
[2023-07-08T23:24:27.894] [INFO] PEGAWAI_ROUTE - [GET] /pegawai Incoming request ...
[2023-07-08T16:24:27.904Z] GET /pegawai 304 | - bytes - 10.115 ms
[2023-07-08T23:24:30.648] [INFO] PEGAWAI_ROUTE - [GET] /pegawai Incoming request ...
[2023-07-08T16:24:30.656Z] GET /pegawai 304 | - bytes - 7.743 ms
[2023-07-08T16:24:49.749Z] OPTIONS /pegawai 204 | 0 bytes - 0.184 ms
[2023-07-08T23:24:49.751] [INFO] PEGAWAI_ROUTE - [GET] /pegawai Incoming request ...
[2023-07-08T16:24:49.762Z] GET /pegawai 304 | - bytes - 11.272 ms
[2023-07-08T16:25:15.481Z] OPTIONS /pegawai 204 | 0 bytes - 0.167 ms
[2023-07-08T23:25:15.483] [INFO] PEGAWAI_ROUTE - [GET] /pegawai Incoming request ...
[2023-07-08T16:25:15.495Z] GET /pegawai 304 | - bytes - 12.023 ms
[2023-07-08T23:25:18.051] [INFO] PEGAWAI_ROUTE - [GET] /pegawai Incoming request ...
[2023-07-08T16:25:18.060Z] GET /pegawai 304 | - bytes - 10.411 ms
[2023-07-08T16:25:22.892Z] OPTIONS /pegawai 204 | 0 bytes - 0.157 ms
[2023-07-08T23:25:22.895] [INFO] PEGAWAI_ROUTE - [GET] /pegawai Incoming request ...
[2023-07-08T16:25:22.904Z] GET /pegawai 304 | - bytes - 9.695 ms
[2023-07-08T16:25:57.031Z] OPTIONS /pegawai 204 | 0 bytes - 0.126 ms
[2023-07-08T23:25:57.033] [INFO] PEGAWAI_ROUTE - [GET] /pegawai Incoming request ...
[2023-07-08T16:25:57.046Z] GET /pegawai 304 | - bytes - 12.811 ms
[2023-07-08T16:26:14.566Z] OPTIONS /pegawai 204 | 0 bytes - 0.120 ms
[2023-07-08T23:26:14.568] [INFO] PEGAWAI_ROUTE - [GET] /pegawai Incoming request ...
[2023-07-08T16:26:14.581Z] GET /pegawai 304 | - bytes - 12.928 ms
[2023-07-08T16:26:21.455Z] OPTIONS /pegawai 204 | 0 bytes - 0.184 ms
[2023-07-08T23:26:21.457] [INFO] PEGAWAI_ROUTE - [GET] /pegawai Incoming request ...
[2023-07-08T16:26:21.466Z] GET /pegawai 304 | - bytes - 8.303 ms
[2023-07-08T23:26:24.268] [INFO] PEGAWAI_ROUTE - [GET] /pegawai Incoming request ...
[2023-07-08T16:26:24.276Z] GET /pegawai 304 | - bytes - 8.902 ms
[2023-07-08T16:26:27.569Z] OPTIONS /pegawai 204 | 0 bytes - 0.158 ms
[2023-07-08T23:26:27.572] [INFO] PEGAWAI_ROUTE - [GET] /pegawai Incoming request ...
[2023-07-08T16:26:27.579Z] GET /pegawai 304 | - bytes - 7.222 ms
[2023-07-08T16:26:41.727Z] OPTIONS /pegawai 204 | 0 bytes - 0.161 ms
[2023-07-08T23:26:41.729] [INFO] PEGAWAI_ROUTE - [GET] /pegawai Incoming request ...
[2023-07-08T16:26:41.744Z] GET /pegawai 304 | - bytes - 14.996 ms
[2023-07-08T16:26:58.410Z] OPTIONS /pegawai 204 | 0 bytes - 0.125 ms
[2023-07-08T23:26:58.412] [INFO] PEGAWAI_ROUTE - [GET] /pegawai Incoming request ...
[2023-07-08T16:26:58.424Z] GET /pegawai 304 | - bytes - 11.605 ms
[2023-07-08T23:27:02.816] [INFO] PEGAWAI_ROUTE - [GET] /pegawai Incoming request ...
[2023-07-08T16:27:02.825Z] GET /pegawai 304 | - bytes - 9.472 ms
[2023-07-08T16:27:17.200Z] OPTIONS /pegawai 204 | 0 bytes - 0.158 ms
[2023-07-08T23:27:17.204] [INFO] PEGAWAI_ROUTE - [GET] /pegawai Incoming request ...
[2023-07-08T16:27:17.219Z] GET /pegawai 304 | - bytes - 15.258 ms
[2023-07-08T23:27:19.288] [INFO] PEGAWAI_ROUTE - [GET] /pegawai Incoming request ...
[2023-07-08T16:27:19.299Z] OPTIONS /kantor 204 | 0 bytes - 0.261 ms
[2023-07-08T16:27:19.307Z] GET /pegawai 304 | - bytes - 18.138 ms
[2023-07-08T23:27:19.309] [INFO] KANTOR_ROUTE - [GET] /kantor Incoming request ...
[2023-07-08T16:27:19.320Z] GET /kantor 200 | 352 bytes - 10.308 ms
[2023-07-08T16:27:48.617Z] OPTIONS /pegawai 204 | 0 bytes - 0.297 ms
[2023-07-08T16:27:48.619Z] OPTIONS /kantor 204 | 0 bytes - 0.139 ms
[2023-07-08T23:27:48.620] [INFO] PEGAWAI_ROUTE - [GET] /pegawai Incoming request ...
[2023-07-08T23:27:48.627] [INFO] KANTOR_ROUTE - [GET] /kantor Incoming request ...
[2023-07-08T16:27:48.645Z] GET /pegawai 304 | - bytes - 24.786 ms
[2023-07-08T16:27:48.647Z] GET /kantor 304 | - bytes - 19.469 ms
[2023-07-08T16:27:59.673Z] OPTIONS /pegawai 204 | 0 bytes - 0.239 ms
[2023-07-08T16:27:59.676Z] OPTIONS /kantor 204 | 0 bytes - 0.209 ms
[2023-07-08T23:27:59.677] [INFO] PEGAWAI_ROUTE - [GET] /pegawai Incoming request ...
[2023-07-08T23:27:59.687] [INFO] KANTOR_ROUTE - [GET] /kantor Incoming request ...
[2023-07-08T16:27:59.704Z] GET /pegawai 304 | - bytes - 27.169 ms
[2023-07-08T16:27:59.708Z] GET /kantor 304 | - bytes - 21.864 ms
[2023-07-08T16:28:05.688Z] OPTIONS /pegawai 204 | 0 bytes - 0.244 ms
[2023-07-08T16:28:05.691Z] OPTIONS /kantor 204 | 0 bytes - 0.306 ms
[2023-07-08T23:28:05.693] [INFO] PEGAWAI_ROUTE - [GET] /pegawai Incoming request ...
[2023-07-08T16:28:05.703Z] GET /pegawai 304 | - bytes - 10.456 ms
[2023-07-08T23:28:05.704] [INFO] KANTOR_ROUTE - [GET] /kantor Incoming request ...
[2023-07-08T16:28:05.712Z] GET /kantor 304 | - bytes - 11.760 ms
[2023-07-08T16:28:21.163Z] OPTIONS /pegawai 204 | 0 bytes - 0.201 ms
[2023-07-08T23:28:21.165] [INFO] PEGAWAI_ROUTE - [GET] /pegawai Incoming request ...
[2023-07-08T16:28:21.173Z] OPTIONS /kantor 204 | 0 bytes - 0.196 ms
[2023-07-08T23:28:21.176] [INFO] KANTOR_ROUTE - [GET] /kantor Incoming request ...
[2023-07-08T16:28:21.190Z] GET /pegawai 304 | - bytes - 25.055 ms
[2023-07-08T16:28:21.192Z] GET /kantor 304 | - bytes - 16.690 ms
[2023-07-08T16:28:31.634Z] OPTIONS /pegawai 204 | 0 bytes - 0.192 ms
[2023-07-08T16:28:31.637Z] OPTIONS /kantor 204 | 0 bytes - 0.199 ms
[2023-07-08T23:28:31.638] [INFO] PEGAWAI_ROUTE - [GET] /pegawai Incoming request ...
[2023-07-08T23:28:31.646] [INFO] KANTOR_ROUTE - [GET] /kantor Incoming request ...
[2023-07-08T16:28:31.664Z] GET /pegawai 304 | - bytes - 26.607 ms
[2023-07-08T16:28:31.667Z] GET /kantor 304 | - bytes - 20.499 ms
[2023-07-08T23:28:33.485] [INFO] PEGAWAI_ROUTE - [GET] /pegawai Incoming request ...
[2023-07-08T23:28:33.492] [INFO] KANTOR_ROUTE - [GET] /kantor Incoming request ...
[2023-07-08T16:28:33.499Z] OPTIONS /unit 204 | 0 bytes - 0.224 ms
[2023-07-08T16:28:33.501Z] GET /pegawai 304 | - bytes - 16.470 ms
[2023-07-08T16:28:33.504Z] GET /kantor 304 | - bytes - 11.449 ms
[2023-07-08T23:28:33.505] [INFO] UNIT_ROUTE - [GET] /unit Incoming request ...
[2023-07-08T16:28:33.533Z] GET /unit 200 | 1196769 bytes - 27.466 ms
[2023-07-08T16:29:05.443Z] OPTIONS /pegawai 204 | 0 bytes - 0.140 ms
[2023-07-08T16:29:05.446Z] OPTIONS /kantor 204 | 0 bytes - 0.148 ms
[2023-07-08T16:29:05.448Z] OPTIONS /unit 204 | 0 bytes - 0.205 ms
[2023-07-08T23:29:05.450] [INFO] PEGAWAI_ROUTE - [GET] /pegawai Incoming request ...
[2023-07-08T23:29:05.458] [INFO] KANTOR_ROUTE - [GET] /kantor Incoming request ...
[2023-07-08T23:29:05.466] [INFO] UNIT_ROUTE - [GET] /unit Incoming request ...
[2023-07-08T16:29:05.488Z] GET /pegawai 304 | - bytes - 38.479 ms
[2023-07-08T16:29:05.491Z] GET /kantor 304 | - bytes - 33.317 ms
[2023-07-08T16:29:05.544Z] GET /unit 304 | - bytes - 85.494 ms
[2023-07-08T16:31:36.654Z] OPTIONS /pegawai 204 | 0 bytes - 1.796 ms
[2023-07-08T16:31:36.659Z] OPTIONS /kantor 204 | 0 bytes - 0.342 ms
[2023-07-08T23:31:36.662] [INFO] PEGAWAI_ROUTE - [GET] /pegawai Incoming request ...
[2023-07-08T16:31:36.699Z] OPTIONS /unit 204 | 0 bytes - 0.228 ms
[2023-07-08T23:31:36.705] [INFO] KANTOR_ROUTE - [GET] /kantor Incoming request ...
[2023-07-08T23:31:36.741] [INFO] UNIT_ROUTE - [GET] /unit Incoming request ...
[2023-07-08T16:31:36.795Z] GET /pegawai 304 | - bytes - 137.666 ms
[2023-07-08T16:31:36.798Z] GET /kantor 304 | - bytes - 93.814 ms
[2023-07-08T16:31:36.821Z] GET /unit 200 | 1197419 bytes - 106.452 ms
[2023-07-08T16:34:44.394Z] GET /unit/ 403 | 33 bytes - 11.009 ms
[2023-07-08T23:34:44.383] [INFO] UNIT_ROUTE - [GET] /unit/ Incoming request ...
[2023-07-08T23:35:08.823] [INFO] LOGIN_ROUTE - [POST] /login Incoming request ...
[2023-07-08T16:35:08.974Z] POST /login 200 | 452 bytes - 729.613 ms
[2023-07-08T23:35:24.869] [INFO] UNIT_ROUTE - [GET] /unit/ Incoming request ...
[2023-07-08T16:35:24.900Z] GET /unit/ 200 | 1196756 bytes - 31.138 ms
[2023-07-08T16:37:27.564Z] OPTIONS /pegawai 204 | 0 bytes - 2.580 ms
[2023-07-08T16:37:27.571Z] OPTIONS /kantor 204 | 0 bytes - 0.393 ms
[2023-07-08T23:37:27.574] [INFO] PEGAWAI_ROUTE - [GET] /pegawai Incoming request ...
[2023-07-08T16:37:27.601Z] OPTIONS /unit 204 | 0 bytes - 0.138 ms
[2023-07-08T23:37:27.602] [INFO] KANTOR_ROUTE - [GET] /kantor Incoming request ...
[2023-07-08T23:37:27.626] [INFO] UNIT_ROUTE - [GET] /unit Incoming request ...
[2023-07-08T16:37:27.671Z] GET /pegawai 304 | - bytes - 103.455 ms
[2023-07-08T16:37:27.675Z] GET /kantor 304 | - bytes - 72.974 ms
[2023-07-08T23:37:49.009] [INFO] UNIT_ROUTE - [GET] /unit Incoming request ...
[2023-07-08T16:38:45.497Z] OPTIONS /pegawai 204 | 0 bytes - 1.640 ms
[2023-07-08T16:38:45.503Z] OPTIONS /kantor 204 | 0 bytes - 0.419 ms
[2023-07-08T23:38:45.506] [INFO] PEGAWAI_ROUTE - [GET] /pegawai Incoming request ...
[2023-07-08T16:38:45.532Z] OPTIONS /unit 204 | 0 bytes - 0.152 ms
[2023-07-08T23:38:45.534] [INFO] KANTOR_ROUTE - [GET] /kantor Incoming request ...
[2023-07-08T23:38:45.559] [INFO] UNIT_ROUTE - [GET] /unit Incoming request ...
[2023-07-08T16:38:45.622Z] GET /pegawai 304 | - bytes - 121.932 ms
[2023-07-08T16:38:45.628Z] GET /kantor 304 | - bytes - 93.904 ms
[2023-07-08T16:38:45.658Z] GET /unit 200 | 1196779 bytes - 98.459 ms
[2023-07-08T16:40:09.199Z] OPTIONS /pegawai 204 | 0 bytes - 2.378 ms
[2023-07-08T16:40:09.204Z] OPTIONS /kantor 204 | 0 bytes - 0.247 ms
[2023-07-08T23:40:09.207] [INFO] PEGAWAI_ROUTE - [GET] /pegawai Incoming request ...
[2023-07-08T16:40:09.231Z] OPTIONS /unit 204 | 0 bytes - 0.146 ms
[2023-07-08T23:40:09.232] [INFO] KANTOR_ROUTE - [GET] /kantor Incoming request ...
[2023-07-08T23:40:09.250] [INFO] UNIT_ROUTE - [GET] /unit Incoming request ...
[2023-07-08T16:40:09.318Z] GET /pegawai 304 | - bytes - 116.296 ms
[2023-07-08T16:40:09.323Z] GET /kantor 304 | - bytes - 90.681 ms
[2023-07-08T16:40:09.344Z] GET /unit 200 | 1196768 bytes - 93.516 ms
[2023-07-08T16:43:45.032Z] OPTIONS /pegawai 204 | 0 bytes - 0.244 ms
[2023-07-08T16:43:45.034Z] OPTIONS /kantor 204 | 0 bytes - 0.165 ms
[2023-07-08T16:43:45.036Z] OPTIONS /unit 204 | 0 bytes - 0.215 ms
[2023-07-08T23:43:45.038] [INFO] PEGAWAI_ROUTE - [GET] /pegawai Incoming request ...
[2023-07-08T23:43:45.048] [INFO] KANTOR_ROUTE - [GET] /kantor Incoming request ...
[2023-07-08T23:43:45.058] [INFO] UNIT_ROUTE - [GET] /unit Incoming request ...
[2023-07-08T16:43:45.083Z] GET /pegawai 304 | - bytes - 45.067 ms
[2023-07-08T16:43:45.088Z] GET /kantor 304 | - bytes - 40.960 ms
[2023-07-08T16:43:45.117Z] GET /unit 304 | - bytes - 69.530 ms
[2023-07-08T16:43:50.360Z] OPTIONS /pegawai 204 | 0 bytes - 0.256 ms
[2023-07-08T16:43:50.362Z] OPTIONS /kantor 204 | 0 bytes - 0.313 ms
[2023-07-08T23:43:50.365] [INFO] PEGAWAI_ROUTE - [GET] /pegawai Incoming request ...
[2023-07-08T23:43:50.372] [INFO] KANTOR_ROUTE - [GET] /kantor Incoming request ...
[2023-07-08T16:43:50.382Z] GET /pegawai 304 | - bytes - 17.864 ms
[2023-07-08T16:43:50.387Z] GET /kantor 304 | - bytes - 21.627 ms
[2023-07-08T16:43:50.396Z] OPTIONS /unit 204 | 0 bytes - 0.278 ms
[2023-07-08T23:43:50.399] [INFO] UNIT_ROUTE - [GET] /unit Incoming request ...
[2023-07-08T16:43:50.432Z] GET /unit 304 | - bytes - 33.192 ms
[2023-07-08T16:43:58.391Z] OPTIONS /pegawai 204 | 0 bytes - 0.266 ms
[2023-07-08T16:43:58.393Z] OPTIONS /kantor 204 | 0 bytes - 0.236 ms
[2023-07-08T16:43:58.395Z] OPTIONS /unit 204 | 0 bytes - 0.231 ms
[2023-07-08T23:43:58.398] [INFO] KANTOR_ROUTE - [GET] /kantor Incoming request ...
[2023-07-08T23:43:58.406] [INFO] PEGAWAI_ROUTE - [GET] /pegawai Incoming request ...
[2023-07-08T16:43:58.425Z] GET /kantor 304 | - bytes - 28.210 ms
[2023-07-08T23:43:58.415] [INFO] UNIT_ROUTE - [GET] /unit Incoming request ...
[2023-07-08T16:43:58.430Z] GET /pegawai 304 | - bytes - 32.027 ms
[2023-07-08T16:43:58.457Z] GET /unit 304 | - bytes - 59.197 ms
[2023-07-08T16:44:22.663Z] OPTIONS /pegawai 204 | 0 bytes - 0.214 ms
[2023-07-08T16:44:22.665Z] OPTIONS /kantor 204 | 0 bytes - 0.177 ms
[2023-07-08T16:44:22.666Z] OPTIONS /unit 204 | 0 bytes - 0.202 ms
[2023-07-08T23:44:22.669] [INFO] PEGAWAI_ROUTE - [GET] /pegawai Incoming request ...
[2023-07-08T23:44:22.674] [INFO] KANTOR_ROUTE - [GET] /kantor Incoming request ...
[2023-07-08T23:44:22.681] [INFO] UNIT_ROUTE - [GET] /unit Incoming request ...
[2023-07-08T16:44:22.700Z] GET /pegawai 304 | - bytes - 31.905 ms
[2023-07-08T16:44:22.702Z] GET /kantor 304 | - bytes - 33.411 ms
[2023-07-08T16:44:22.727Z] GET /unit 304 | - bytes - 46.522 ms
[2023-07-08T23:44:25.637] [INFO] PEGAWAI_ROUTE - [GET] /pegawai Incoming request ...
[2023-07-08T16:44:25.645Z] GET /pegawai 304 | - bytes - 8.419 ms
[2023-07-08T23:44:25.646] [INFO] KANTOR_ROUTE - [GET] /kantor Incoming request ...
[2023-07-08T23:44:25.652] [INFO] UNIT_ROUTE - [GET] /unit Incoming request ...
[2023-07-08T16:44:25.658Z] GET /kantor 304 | - bytes - 15.049 ms
[2023-07-08T16:44:25.689Z] GET /unit 304 | - bytes - 37.747 ms
[2023-07-08T16:44:28.855Z] OPTIONS /pegawai 204 | 0 bytes - 0.161 ms
[2023-07-08T16:44:28.857Z] OPTIONS /kantor 204 | 0 bytes - 0.190 ms
[2023-07-08T23:44:28.859] [INFO] PEGAWAI_ROUTE - [GET] /pegawai Incoming request ...
[2023-07-08T16:44:28.867Z] OPTIONS /unit 204 | 0 bytes - 0.219 ms
[2023-07-08T23:44:28.869] [INFO] KANTOR_ROUTE - [GET] /kantor Incoming request ...
[2023-07-08T16:44:28.880Z] GET /pegawai 304 | - bytes - 20.952 ms
[2023-07-08T16:44:28.883Z] GET /kantor 304 | - bytes - 14.002 ms
[2023-07-08T23:44:28.883] [INFO] UNIT_ROUTE - [GET] /unit Incoming request ...
[2023-07-08T16:44:28.904Z] GET /unit 304 | - bytes - 23.325 ms
[2023-07-08T16:44:36.210Z] OPTIONS /pegawai 204 | 0 bytes - 0.196 ms
[2023-07-08T16:44:36.213Z] OPTIONS /kantor 204 | 0 bytes - 0.181 ms
[2023-07-08T16:44:36.214Z] OPTIONS /unit 204 | 0 bytes - 0.155 ms
[2023-07-08T23:44:36.216] [INFO] KANTOR_ROUTE - [GET] /kantor Incoming request ...
[2023-07-08T23:44:36.222] [INFO] PEGAWAI_ROUTE - [GET] /pegawai Incoming request ...
[2023-07-08T16:44:36.238Z] GET /kantor 304 | - bytes - 22.501 ms
[2023-07-08T23:44:36.230] [INFO] UNIT_ROUTE - [GET] /unit Incoming request ...
[2023-07-08T16:44:36.244Z] GET /pegawai 304 | - bytes - 27.413 ms
[2023-07-08T16:44:36.270Z] GET /unit 304 | - bytes - 39.935 ms
[2023-07-08T16:44:43.489Z] OPTIONS /pegawai 204 | 0 bytes - 0.112 ms
[2023-07-08T16:44:43.491Z] OPTIONS /kantor 204 | 0 bytes - 0.210 ms
[2023-07-08T16:44:43.493Z] OPTIONS /unit 204 | 0 bytes - 0.221 ms
[2023-07-08T23:44:43.495] [INFO] KANTOR_ROUTE - [GET] /kantor Incoming request ...
[2023-07-08T23:44:43.500] [INFO] PEGAWAI_ROUTE - [GET] /pegawai Incoming request ...
[2023-07-08T16:44:43.516Z] GET /kantor 304 | - bytes - 21.577 ms
[2023-07-08T23:44:43.510] [INFO] UNIT_ROUTE - [GET] /unit Incoming request ...
[2023-07-08T16:44:43.520Z] GET /pegawai 304 | - bytes - 24.680 ms
[2023-07-08T16:44:43.552Z] GET /unit 304 | - bytes - 42.591 ms
[2023-07-08T23:44:45.739] [INFO] PEGAWAI_ROUTE - [GET] /pegawai Incoming request ...
[2023-07-08T16:44:45.746Z] GET /pegawai 304 | - bytes - 6.922 ms
[2023-07-08T23:44:45.747] [INFO] KANTOR_ROUTE - [GET] /kantor Incoming request ...
[2023-07-08T23:44:45.751] [INFO] UNIT_ROUTE - [GET] /unit Incoming request ...
[2023-07-08T16:44:45.756Z] GET /kantor 304 | - bytes - 12.740 ms
[2023-07-08T16:44:45.776Z] GET /unit 304 | - bytes - 32.240 ms
[2023-07-08T16:44:49.521Z] OPTIONS /pegawai 204 | 0 bytes - 0.146 ms
[2023-07-08T16:44:49.522Z] OPTIONS /kantor 204 | 0 bytes - 0.200 ms
[2023-07-08T16:44:49.525Z] OPTIONS /unit 204 | 0 bytes - 0.416 ms
[2023-07-08T23:44:49.527] [INFO] PEGAWAI_ROUTE - [GET] /pegawai Incoming request ...
[2023-07-08T23:44:49.536] [INFO] KANTOR_ROUTE - [GET] /kantor Incoming request ...
[2023-07-08T16:44:49.551Z] GET /pegawai 304 | - bytes - 24.542 ms
[2023-07-08T23:44:49.542] [INFO] UNIT_ROUTE - [GET] /unit Incoming request ...
[2023-07-08T16:44:49.579Z] GET /kantor 304 | - bytes - 52.144 ms
[2023-07-08T16:44:49.656Z] GET /unit 304 | - bytes - 114.031 ms
[2023-07-08T16:45:00.224Z] OPTIONS /pegawai 204 | 0 bytes - 0.176 ms
[2023-07-08T16:45:00.226Z] OPTIONS /kantor 204 | 0 bytes - 0.186 ms
[2023-07-08T16:45:00.228Z] OPTIONS /unit 204 | 0 bytes - 0.182 ms
[2023-07-08T23:45:00.229] [INFO] PEGAWAI_ROUTE - [GET] /pegawai Incoming request ...
[2023-07-08T23:45:00.236] [INFO] KANTOR_ROUTE - [GET] /kantor Incoming request ...
[2023-07-08T23:45:00.242] [INFO] UNIT_ROUTE - [GET] /unit Incoming request ...
[2023-07-08T16:45:00.257Z] GET /pegawai 304 | - bytes - 28.235 ms
[2023-07-08T16:45:00.262Z] GET /kantor 304 | - bytes - 26.267 ms
[2023-07-08T16:45:00.282Z] GET /unit 304 | - bytes - 45.507 ms
[2023-07-08T16:45:18.623Z] OPTIONS /pegawai 204 | 0 bytes - 0.195 ms
[2023-07-08T16:45:18.625Z] OPTIONS /kantor 204 | 0 bytes - 0.208 ms
[2023-07-08T16:45:18.627Z] OPTIONS /unit 204 | 0 bytes - 0.156 ms
[2023-07-08T16:45:18.628Z] OPTIONS /tambang 204 | 0 bytes - 0.131 ms
[2023-07-08T23:45:18.629] [INFO] PEGAWAI_ROUTE - [GET] /pegawai Incoming request ...
[2023-07-08T23:45:18.637] [INFO] KANTOR_ROUTE - [GET] /kantor Incoming request ...
[2023-07-08T23:45:18.647] [INFO] TAMBANG_ROUTE - [GET] /tambang Incoming request ...
[2023-07-08T23:45:18.652] [INFO] UNIT_ROUTE - [GET] /unit Incoming request ...
[2023-07-08T16:45:18.670Z] GET /pegawai 304 | - bytes - 42.125 ms
[2023-07-08T16:45:18.679Z] GET /kantor 304 | - bytes - 42.226 ms
[2023-07-08T16:45:18.705Z] GET /unit 304 | - bytes - 58.867 ms
[2023-07-08T16:45:18.734Z] GET /tambang 200 | 700 bytes - 96.319 ms
[2023-07-08T23:45:21.220] [INFO] PEGAWAI_ROUTE - [GET] /pegawai Incoming request ...
[2023-07-08T16:45:21.232Z] GET /pegawai 304 | - bytes - 11.847 ms
[2023-07-08T23:45:21.233] [INFO] KANTOR_ROUTE - [GET] /kantor Incoming request ...
[2023-07-08T23:45:21.236] [INFO] UNIT_ROUTE - [GET] /unit Incoming request ...
[2023-07-08T16:45:21.245Z] GET /kantor 304 | - bytes - 17.619 ms
[2023-07-08T23:45:21.240] [INFO] TAMBANG_ROUTE - [GET] /tambang Incoming request ...
[2023-07-08T16:45:21.251Z] GET /tambang 304 | - bytes - 22.262 ms
[2023-07-08T16:45:21.269Z] GET /unit 304 | - bytes - 40.265 ms
[2023-07-08T16:45:29.275Z] OPTIONS /pegawai 204 | 0 bytes - 0.155 ms
[2023-07-08T16:45:29.277Z] OPTIONS /kantor 204 | 0 bytes - 0.181 ms
[2023-07-08T16:45:29.278Z] OPTIONS /unit 204 | 0 bytes - 0.200 ms
[2023-07-08T16:45:29.281Z] OPTIONS /tambang 204 | 0 bytes - 0.311 ms
[2023-07-08T23:45:29.282] [INFO] PEGAWAI_ROUTE - [GET] /pegawai Incoming request ...
[2023-07-08T23:45:29.292] [INFO] KANTOR_ROUTE - [GET] /kantor Incoming request ...
[2023-07-08T16:45:29.301Z] GET /pegawai 304 | - bytes - 21.033 ms
[2023-07-08T23:45:29.302] [INFO] TAMBANG_ROUTE - [GET] /tambang Incoming request ...
[2023-07-08T16:45:29.313Z] GET /kantor 304 | - bytes - 21.733 ms
[2023-07-08T23:45:29.306] [INFO] UNIT_ROUTE - [GET] /unit Incoming request ...
[2023-07-08T16:45:29.317Z] GET /tambang 304 | - bytes - 19.739 ms
[2023-07-08T16:45:29.341Z] GET /unit 304 | - bytes - 42.830 ms
[2023-07-08T23:45:34.176] [INFO] PEGAWAI_ROUTE - [GET] /pegawai Incoming request ...
[2023-07-08T16:45:34.184Z] GET /pegawai 304 | - bytes - 8.720 ms
[2023-07-08T23:45:34.185] [INFO] KANTOR_ROUTE - [GET] /kantor Incoming request ...
[2023-07-08T23:45:34.189] [INFO] UNIT_ROUTE - [GET] /unit Incoming request ...
[2023-07-08T16:45:34.199Z] GET /kantor 304 | - bytes - 18.518 ms
[2023-07-08T23:45:34.194] [INFO] TAMBANG_ROUTE - [GET] /tambang Incoming request ...
[2023-07-08T16:45:34.203Z] GET /tambang 304 | - bytes - 20.587 ms
[2023-07-08T16:45:34.221Z] GET /unit 304 | - bytes - 39.683 ms
[2023-07-08T16:45:36.484Z] OPTIONS /pegawai 204 | 0 bytes - 0.263 ms
[2023-07-08T23:45:36.486] [INFO] PEGAWAI_ROUTE - [GET] /pegawai Incoming request ...
[2023-07-08T16:45:36.494Z] GET /pegawai 304 | - bytes - 7.888 ms
[2023-07-08T16:45:36.500Z] OPTIONS /kantor 204 | 0 bytes - 0.260 ms
[2023-07-08T16:45:36.502Z] OPTIONS /unit 204 | 0 bytes - 0.202 ms
[2023-07-08T16:45:36.503Z] OPTIONS /tambang 204 | 0 bytes - 0.190 ms
[2023-07-08T23:45:36.506] [INFO] KANTOR_ROUTE - [GET] /kantor Incoming request ...
[2023-07-08T23:45:36.512] [INFO] UNIT_ROUTE - [GET] /unit Incoming request ...
[2023-07-08T16:45:36.523Z] GET /kantor 304 | - bytes - 18.074 ms
[2023-07-08T23:45:36.517] [INFO] TAMBANG_ROUTE - [GET] /tambang Incoming request ...
[2023-07-08T16:45:36.530Z] GET /tambang 304 | - bytes - 18.345 ms
[2023-07-08T16:45:36.548Z] GET /unit 304 | - bytes - 37.373 ms
[2023-07-08T16:46:05.135Z] OPTIONS /pegawai 204 | 0 bytes - 0.106 ms
[2023-07-08T23:46:05.137] [INFO] PEGAWAI_ROUTE - [GET] /pegawai Incoming request ...
[2023-07-08T16:46:05.144Z] OPTIONS /kantor 204 | 0 bytes - 0.190 ms
[2023-07-08T16:46:05.147Z] OPTIONS /unit 204 | 0 bytes - 0.318 ms
[2023-07-08T16:46:05.150Z] OPTIONS /tambang 204 | 0 bytes - 0.234 ms
[2023-07-08T16:46:05.151Z] OPTIONS /driver 204 | 0 bytes - 0.119 ms
[2023-07-08T23:46:05.156] [INFO] KANTOR_ROUTE - [GET] /kantor Incoming request ...
[2023-07-08T23:46:05.163] [INFO] UNIT_ROUTE - [GET] /unit Incoming request ...
[2023-07-08T23:46:05.170] [INFO] TAMBANG_ROUTE - [GET] /tambang Incoming request ...
[2023-07-08T16:46:05.192Z] GET /pegawai 304 | - bytes - 54.667 ms
[2023-07-08T23:46:05.172] [INFO] DRIVER_ROUTE - [GET] /driver Incoming request ...
[2023-07-08T16:46:05.261Z] GET /kantor 304 | - bytes - 107.137 ms
[2023-07-08T16:46:05.326Z] GET /tambang 304 | - bytes - 171.688 ms
[2023-07-08T16:46:05.365Z] GET /unit 304 | - bytes - 210.460 ms
[2023-07-08T16:46:05.371Z] GET /driver 200 | 1514 bytes - 215.346 ms
[2023-07-08T16:48:08.319Z] OPTIONS /pegawai 204 | 0 bytes - 0.122 ms
[2023-07-08T16:48:08.321Z] OPTIONS /kantor 204 | 0 bytes - 0.180 ms
[2023-07-08T16:48:08.324Z] OPTIONS /unit 204 | 0 bytes - 0.216 ms
[2023-07-08T16:48:08.326Z] OPTIONS /tambang 204 | 0 bytes - 0.189 ms
[2023-07-08T16:48:08.329Z] OPTIONS /driver 204 | 0 bytes - 0.173 ms
[2023-07-08T23:48:08.329] [INFO] PEGAWAI_ROUTE - [GET] /pegawai Incoming request ...
[2023-07-08T23:48:08.336] [INFO] KANTOR_ROUTE - [GET] /kantor Incoming request ...
[2023-07-08T23:48:08.342] [INFO] UNIT_ROUTE - [GET] /unit Incoming request ...
[2023-07-08T23:48:08.349] [INFO] DRIVER_ROUTE - [GET] /driver Incoming request ...
[2023-07-08T23:48:08.352] [INFO] TAMBANG_ROUTE - [GET] /tambang Incoming request ...
[2023-07-08T16:48:08.369Z] GET /pegawai 304 | - bytes - 41.618 ms
[2023-07-08T16:48:08.373Z] GET /kantor 304 | - bytes - 37.098 ms
[2023-07-08T16:48:08.379Z] GET /driver 304 | - bytes - 32.057 ms
[2023-07-08T16:48:08.397Z] GET /unit 304 | - bytes - 61.238 ms
[2023-07-08T16:48:08.456Z] GET /tambang 304 | - bytes - 108.853 ms
[2023-07-08T16:49:14.021Z] OPTIONS /pegawai 204 | 0 bytes - 0.166 ms
[2023-07-08T16:49:14.024Z] OPTIONS /kantor 204 | 0 bytes - 0.180 ms
[2023-07-08T23:49:14.025] [INFO] PEGAWAI_ROUTE - [GET] /pegawai Incoming request ...
[2023-07-08T16:49:14.035Z] OPTIONS /tambang 204 | 0 bytes - 0.155 ms
[2023-07-08T16:49:14.037Z] OPTIONS /unit 204 | 0 bytes - 0.183 ms
[2023-07-08T16:49:14.040Z] OPTIONS /driver 204 | 0 bytes - 0.203 ms
[2023-07-08T23:49:14.044] [INFO] KANTOR_ROUTE - [GET] /kantor Incoming request ...
[2023-07-08T23:49:14.053] [INFO] TAMBANG_ROUTE - [GET] /tambang Incoming request ...
[2023-07-08T23:49:14.063] [INFO] DRIVER_ROUTE - [GET] /driver Incoming request ...
[2023-07-08T23:49:14.068] [INFO] UNIT_ROUTE - [GET] /unit Incoming request ...
[2023-07-08T16:49:14.084Z] GET /pegawai 304 | - bytes - 59.159 ms
[2023-07-08T16:49:14.092Z] GET /kantor 304 | - bytes - 52.746 ms
[2023-07-08T16:49:14.095Z] GET /tambang 304 | - bytes - 51.181 ms
[2023-07-08T16:49:14.100Z] GET /driver 304 | - bytes - 40.058 ms
[2023-07-08T16:49:14.125Z] GET /unit 304 | - bytes - 63.597 ms
[2023-07-08T23:49:17.664] [INFO] PEGAWAI_ROUTE - [GET] /pegawai Incoming request ...
[2023-07-08T23:49:17.671] [INFO] KANTOR_ROUTE - [GET] /kantor Incoming request ...
[2023-07-08T16:49:17.686Z] GET /pegawai 304 | - bytes - 20.976 ms
[2023-07-08T23:49:17.676] [INFO] UNIT_ROUTE - [GET] /unit Incoming request ...
[2023-07-08T16:49:17.697Z] GET /kantor 304 | - bytes - 26.449 ms
[2023-07-08T23:49:17.687] [INFO] TAMBANG_ROUTE - [GET] /tambang Incoming request ...
[2023-07-08T16:49:17.704Z] GET /tambang 304 | - bytes - 22.597 ms
[2023-07-08T23:49:17.690] [INFO] DRIVER_ROUTE - [GET] /driver Incoming request ...
[2023-07-08T16:49:17.707Z] GET /driver 304 | - bytes - 19.799 ms
[2023-07-08T16:49:17.726Z] GET /unit 304 | - bytes - 55.032 ms
[2023-07-08T16:51:38.233Z] OPTIONS /pegawai 204 | 0 bytes - 0.106 ms
[2023-07-08T16:51:38.235Z] OPTIONS /kantor 204 | 0 bytes - 0.116 ms
[2023-07-08T16:51:38.238Z] OPTIONS /unit 204 | 0 bytes - 0.159 ms
[2023-07-08T23:51:38.238] [INFO] PEGAWAI_ROUTE - [GET] /pegawai Incoming request ...
[2023-07-08T16:51:38.246Z] OPTIONS /tambang 204 | 0 bytes - 0.160 ms
[2023-07-08T16:51:38.248Z] OPTIONS /driver 204 | 0 bytes - 0.163 ms
[2023-07-08T23:51:38.249] [INFO] KANTOR_ROUTE - [GET] /kantor Incoming request ...
[2023-07-08T23:51:38.258] [INFO] UNIT_ROUTE - [GET] /unit Incoming request ...
[2023-07-08T23:51:38.264] [INFO] TAMBANG_ROUTE - [GET] /tambang Incoming request ...
[2023-07-08T23:51:38.266] [INFO] DRIVER_ROUTE - [GET] /driver Incoming request ...
[2023-07-08T16:51:38.279Z] GET /pegawai 304 | - bytes - 42.330 ms
[2023-07-08T16:51:38.285Z] GET /kantor 304 | - bytes - 37.496 ms
[2023-07-08T16:51:38.293Z] GET /tambang 304 | - bytes - 35.545 ms
[2023-07-08T16:51:38.297Z] GET /driver 304 | - bytes - 34.117 ms
[2023-07-08T16:51:38.315Z] GET /unit 304 | - bytes - 59.680 ms
[2023-07-08T23:52:18.244] [INFO] UNIT_ROUTE - [GET] /unit/ Incoming request ...
[2023-07-08T16:52:18.268Z] GET /unit/ 200 | 1196768 bytes - 24.076 ms
[2023-07-09T11:53:27.316Z] OPTIONS /pegawai 204 | 0 bytes - 0.220 ms
[2023-07-09T11:53:27.319Z] OPTIONS /kantor 204 | 0 bytes - 0.208 ms
[2023-07-09T11:53:27.325Z] OPTIONS /unit 204 | 0 bytes - 0.230 ms
[2023-07-09T18:53:27.329] [INFO] PEGAWAI_ROUTE - [GET] /pegawai Incoming request ...
[2023-07-09T11:53:27.327Z] OPTIONS /tambang 204 | 0 bytes - 0.231 ms
[2023-07-09T18:53:27.337] [INFO] KANTOR_ROUTE - [GET] /kantor Incoming request ...
[2023-07-09T11:53:27.346Z] OPTIONS /driver 204 | 0 bytes - 0.210 ms
[2023-07-09T18:53:27.348] [INFO] UNIT_ROUTE - [GET] /unit Incoming request ...
[2023-07-09T18:53:27.359] [INFO] TAMBANG_ROUTE - [GET] /tambang Incoming request ...
[2023-07-09T18:53:27.361] [INFO] DRIVER_ROUTE - [GET] /driver Incoming request ...
[2023-07-09T11:53:27.383Z] GET /pegawai 304 | - bytes - 59.259 ms
[2023-07-09T11:53:27.392Z] GET /kantor 304 | - bytes - 63.492 ms
[2023-07-09T11:53:27.399Z] GET /tambang 304 | - bytes - 51.035 ms
[2023-07-09T11:53:27.401Z] GET /driver 304 | - bytes - 42.296 ms
[2023-07-09T11:53:27.442Z] GET /unit 304 | - bytes - 95.111 ms
[2023-07-09T11:53:39.987Z] OPTIONS /pegawai 204 | 0 bytes - 0.536 ms
[2023-07-09T18:53:39.989] [INFO] PEGAWAI_ROUTE - [GET] /pegawai Incoming request ...
[2023-07-09T11:53:40.001Z] OPTIONS /kantor 204 | 0 bytes - 0.224 ms
[2023-07-09T11:53:40.006Z] OPTIONS /unit 204 | 0 bytes - 0.221 ms
[2023-07-09T18:53:40.007] [INFO] KANTOR_ROUTE - [GET] /kantor Incoming request ...
[2023-07-09T18:53:40.017] [INFO] UNIT_ROUTE - [GET] /unit Incoming request ...
[2023-07-09T11:53:40.025Z] OPTIONS /tambang 204 | 0 bytes - 0.388 ms
[2023-07-09T11:53:40.028Z] OPTIONS /driver 204 | 0 bytes - 0.229 ms
[2023-07-09T18:53:40.035] [INFO] TAMBANG_ROUTE - [GET] /tambang Incoming request ...
[2023-07-09T11:53:40.048Z] GET /pegawai 304 | - bytes - 59.394 ms
[2023-07-09T18:53:40.039] [INFO] DRIVER_ROUTE - [GET] /driver Incoming request ...
[2023-07-09T11:53:40.057Z] GET /kantor 304 | - bytes - 53.094 ms
[2023-07-09T11:53:40.065Z] GET /tambang 304 | - bytes - 32.036 ms
[2023-07-09T11:53:40.070Z] GET /driver 304 | - bytes - 35.191 ms
[2023-07-09T11:53:40.091Z] GET /unit 304 | - bytes - 75.096 ms
[2023-07-09T11:53:45.707Z] OPTIONS /pegawai 204 | 0 bytes - 0.123 ms
[2023-07-09T11:53:45.710Z] OPTIONS /kantor 204 | 0 bytes - 0.161 ms
[2023-07-09T11:53:45.712Z] OPTIONS /unit 204 | 0 bytes - 0.207 ms
[2023-07-09T18:53:45.714] [INFO] PEGAWAI_ROUTE - [GET] /pegawai Incoming request ...
[2023-07-09T11:53:45.723Z] OPTIONS /tambang 204 | 0 bytes - 0.223 ms
[2023-07-09T11:53:45.725Z] OPTIONS /driver 204 | 0 bytes - 0.342 ms
[2023-07-09T18:53:45.728] [INFO] KANTOR_ROUTE - [GET] /kantor Incoming request ...
[2023-07-09T11:53:45.734Z] GET /pegawai 304 | - bytes - 20.362 ms
[2023-07-09T18:53:45.736] [INFO] UNIT_ROUTE - [GET] /unit Incoming request ...
[2023-07-09T11:53:45.742Z] GET /kantor 304 | - bytes - 15.429 ms
[2023-07-09T18:53:45.743] [INFO] TAMBANG_ROUTE - [GET] /tambang Incoming request ...
[2023-07-09T18:53:45.747] [INFO] DRIVER_ROUTE - [GET] /driver Incoming request ...
[2023-07-09T11:53:45.756Z] GET /tambang 304 | - bytes - 20.478 ms
[2023-07-09T11:53:45.759Z] GET /driver 304 | - bytes - 18.087 ms
[2023-07-09T11:53:45.776Z] GET /unit 304 | - bytes - 40.986 ms
[2023-07-09T11:54:06.832Z] OPTIONS /pegawai 204 | 0 bytes - 0.320 ms
[2023-07-09T11:54:06.835Z] OPTIONS /kantor 204 | 0 bytes - 0.213 ms
[2023-07-09T11:54:06.837Z] OPTIONS /unit 204 | 0 bytes - 0.271 ms
[2023-07-09T11:54:06.839Z] OPTIONS /tambang 204 | 0 bytes - 0.265 ms
[2023-07-09T18:54:06.841] [INFO] PEGAWAI_ROUTE - [GET] /pegawai Incoming request ...
[2023-07-09T18:54:06.850] [INFO] KANTOR_ROUTE - [GET] /kantor Incoming request ...
[2023-07-09T11:54:06.859Z] OPTIONS /driver 204 | 0 bytes - 0.240 ms
[2023-07-09T18:54:06.865] [INFO] UNIT_ROUTE - [GET] /unit Incoming request ...
[2023-07-09T18:54:06.870] [INFO] TAMBANG_ROUTE - [GET] /tambang Incoming request ...
[2023-07-09T18:54:06.881] [INFO] DRIVER_ROUTE - [GET] /driver Incoming request ...
[2023-07-09T11:54:06.901Z] GET /pegawai 304 | - bytes - 59.809 ms
[2023-07-09T11:54:06.909Z] GET /kantor 304 | - bytes - 58.855 ms
[2023-07-09T11:54:06.916Z] GET /tambang 304 | - bytes - 55.491 ms
[2023-07-09T11:54:06.920Z] GET /driver 304 | - bytes - 40.640 ms
[2023-07-09T11:54:06.945Z] GET /unit 304 | - bytes - 87.757 ms
[2023-07-09T11:54:54.964Z] OPTIONS /pegawai 204 | 0 bytes - 0.178 ms
[2023-07-09T11:54:54.967Z] OPTIONS /kantor 204 | 0 bytes - 0.248 ms
[2023-07-09T11:54:54.970Z] OPTIONS /unit 204 | 0 bytes - 0.363 ms
[2023-07-09T18:54:54.971] [INFO] PEGAWAI_ROUTE - [GET] /pegawai Incoming request ...
[2023-07-09T11:54:54.981Z] OPTIONS /tambang 204 | 0 bytes - 0.323 ms
[2023-07-09T11:54:54.986Z] OPTIONS /driver 204 | 0 bytes - 1.656 ms
[2023-07-09T18:54:54.990] [INFO] KANTOR_ROUTE - [GET] /kantor Incoming request ...
[2023-07-09T18:54:54.998] [INFO] UNIT_ROUTE - [GET] /unit Incoming request ...
[2023-07-09T18:54:55.004] [INFO] TAMBANG_ROUTE - [GET] /tambang Incoming request ...
[2023-07-09T18:54:55.010] [INFO] DRIVER_ROUTE - [GET] /driver Incoming request ...
[2023-07-09T11:54:55.026Z] GET /pegawai 304 | - bytes - 56.426 ms
[2023-07-09T11:54:55.033Z] GET /kantor 304 | - bytes - 48.757 ms
[2023-07-09T11:54:55.040Z] GET /tambang 304 | - bytes - 49.817 ms
[2023-07-09T11:54:55.044Z] GET /driver 304 | - bytes - 34.689 ms
[2023-07-09T11:54:55.069Z] GET /unit 304 | - bytes - 80.619 ms
[2023-07-09T18:54:57.272] [INFO] PEGAWAI_ROUTE - [GET] /pegawai Incoming request ...
[2023-07-09T18:54:57.279] [INFO] KANTOR_ROUTE - [GET] /kantor Incoming request ...
[2023-07-09T11:54:57.305Z] GET /pegawai 304 | - bytes - 33.790 ms
[2023-07-09T18:54:57.285] [INFO] UNIT_ROUTE - [GET] /unit Incoming request ...
[2023-07-09T11:54:57.312Z] GET /kantor 304 | - bytes - 40.110 ms
[2023-07-09T18:54:57.292] [INFO] TAMBANG_ROUTE - [GET] /tambang Incoming request ...
[2023-07-09T11:54:57.319Z] GET /tambang 304 | - bytes - 28.949 ms
[2023-07-09T11:54:57.324Z] GET /driver 304 | - bytes - 32.649 ms
[2023-07-09T18:54:57.294] [INFO] DRIVER_ROUTE - [GET] /driver Incoming request ...
[2023-07-09T11:54:57.343Z] GET /unit 304 | - bytes - 71.082 ms
[2023-07-09T11:55:56.065Z] OPTIONS /pegawai 204 | 0 bytes - 0.321 ms
[2023-07-09T11:55:56.077Z] OPTIONS /kantor 204 | 0 bytes - 0.193 ms
[2023-07-09T11:55:56.085Z] OPTIONS /unit 204 | 0 bytes - 0.220 ms
[2023-07-09T11:55:56.087Z] OPTIONS /tambang 204 | 0 bytes - 0.201 ms
[2023-07-09T11:55:56.089Z] OPTIONS /driver 204 | 0 bytes - 0.217 ms
[2023-07-09T18:55:56.098] [INFO] KANTOR_ROUTE - [GET] /kantor Incoming request ...
[2023-07-09T18:55:56.106] [INFO] PEGAWAI_ROUTE - [GET] /pegawai Incoming request ...
[2023-07-09T18:55:56.114] [INFO] UNIT_ROUTE - [GET] /unit Incoming request ...
[2023-07-09T18:55:56.122] [INFO] TAMBANG_ROUTE - [GET] /tambang Incoming request ...
[2023-07-09T18:55:56.129] [INFO] DRIVER_ROUTE - [GET] /driver Incoming request ...
[2023-07-09T11:55:56.143Z] GET /kantor 304 | - bytes - 45.612 ms
[2023-07-09T11:55:56.157Z] GET /pegawai 304 | - bytes - 60.856 ms
[2023-07-09T11:55:56.163Z] GET /tambang 304 | - bytes - 42.144 ms
[2023-07-09T11:55:56.166Z] GET /driver 304 | - bytes - 40.863 ms
[2023-07-09T11:55:56.199Z] GET /unit 304 | - bytes - 101.168 ms
[2023-07-09T11:56:11.991Z] OPTIONS /pegawai 204 | 0 bytes - 0.149 ms
[2023-07-09T11:56:11.994Z] OPTIONS /kantor 204 | 0 bytes - 0.180 ms
[2023-07-09T11:56:11.996Z] OPTIONS /unit 204 | 0 bytes - 0.228 ms
[2023-07-09T11:56:11.999Z] OPTIONS /tambang 204 | 0 bytes - 0.416 ms
[2023-07-09T18:56:12.000] [INFO] PEGAWAI_ROUTE - [GET] /pegawai Incoming request ...
[2023-07-09T11:56:12.013Z] OPTIONS /driver 204 | 0 bytes - 0.212 ms
[2023-07-09T18:56:12.014] [INFO] KANTOR_ROUTE - [GET] /kantor Incoming request ...
[2023-07-09T18:56:12.021] [INFO] UNIT_ROUTE - [GET] /unit Incoming request ...
[2023-07-09T18:56:12.036] [INFO] DRIVER_ROUTE - [GET] /driver Incoming request ...
[2023-07-09T18:56:12.046] [INFO] TAMBANG_ROUTE - [GET] /tambang Incoming request ...
[2023-07-09T11:56:12.183Z] GET /pegawai 304 | - bytes - 182.647 ms
[2023-07-09T11:56:12.190Z] GET /kantor 304 | - bytes - 181.089 ms
[2023-07-09T11:56:12.201Z] GET /driver 304 | - bytes - 167.278 ms
[2023-07-09T11:56:12.205Z] GET /tambang 304 | - bytes - 170.684 ms
[2023-07-09T11:56:12.228Z] GET /unit 304 | - bytes - 217.490 ms
[2023-07-09T11:59:27.691Z] OPTIONS /pegawai 204 | 0 bytes - 0.230 ms
[2023-07-09T11:59:27.695Z] OPTIONS /kantor 204 | 0 bytes - 0.354 ms
[2023-07-09T18:59:27.697] [INFO] PEGAWAI_ROUTE - [GET] /pegawai Incoming request ...
[2023-07-09T11:59:27.708Z] OPTIONS /unit 204 | 0 bytes - 0.248 ms
[2023-07-09T11:59:27.713Z] OPTIONS /tambang 204 | 0 bytes - 0.218 ms
[2023-07-09T18:59:27.719] [INFO] KANTOR_ROUTE - [GET] /kantor Incoming request ...
[2023-07-09T11:59:27.715Z] OPTIONS /driver 204 | 0 bytes - 0.225 ms
[2023-07-09T18:59:27.726] [INFO] UNIT_ROUTE - [GET] /unit Incoming request ...
[2023-07-09T18:59:27.734] [INFO] TAMBANG_ROUTE - [GET] /tambang Incoming request ...
[2023-07-09T18:59:27.736] [INFO] DRIVER_ROUTE - [GET] /driver Incoming request ...
[2023-07-09T11:59:27.750Z] GET /pegawai 304 | - bytes - 53.359 ms
[2023-07-09T11:59:27.756Z] GET /kantor 304 | - bytes - 43.189 ms
[2023-07-09T11:59:27.762Z] GET /tambang 304 | - bytes - 29.878 ms
[2023-07-09T11:59:27.765Z] GET /driver 304 | - bytes - 32.029 ms
[2023-07-09T11:59:27.786Z] GET /unit 304 | - bytes - 66.867 ms
[2023-07-09T12:03:13.827Z] OPTIONS /pegawai 204 | 0 bytes - 0.275 ms
[2023-07-09T12:03:13.829Z] OPTIONS /kantor 204 | 0 bytes - 0.210 ms
[2023-07-09T12:03:13.831Z] OPTIONS /unit 204 | 0 bytes - 0.371 ms
[2023-07-09T19:03:13.834] [INFO] PEGAWAI_ROUTE - [GET] /pegawai Incoming request ...
[2023-07-09T12:03:13.845Z] OPTIONS /tambang 204 | 0 bytes - 0.200 ms
[2023-07-09T19:03:13.846] [INFO] KANTOR_ROUTE - [GET] /kantor Incoming request ...
[2023-07-09T12:03:13.856Z] OPTIONS /driver 204 | 0 bytes - 0.198 ms
[2023-07-09T19:03:13.861] [INFO] UNIT_ROUTE - [GET] /unit Incoming request ...
[2023-07-09T19:03:13.864] [INFO] TAMBANG_ROUTE - [GET] /tambang Incoming request ...
[2023-07-09T19:03:13.873] [INFO] DRIVER_ROUTE - [GET] /driver Incoming request ...
[2023-07-09T12:03:13.889Z] GET /pegawai 304 | - bytes - 56.080 ms
[2023-07-09T12:03:13.892Z] GET /kantor 304 | - bytes - 48.459 ms
[2023-07-09T12:03:13.897Z] GET /tambang 304 | - bytes - 36.694 ms
[2023-07-09T12:03:13.899Z] GET /driver 304 | - bytes - 28.127 ms
[2023-07-09T12:03:13.915Z] GET /unit 304 | - bytes - 60.614 ms
[2023-07-09T12:03:28.381Z] OPTIONS /pegawai 204 | 0 bytes - 0.122 ms
[2023-07-09T12:03:28.383Z] OPTIONS /kantor 204 | 0 bytes - 0.182 ms
[2023-07-09T12:03:28.385Z] OPTIONS /unit 204 | 0 bytes - 0.132 ms
[2023-07-09T19:03:28.385] [INFO] PEGAWAI_ROUTE - [GET] /pegawai Incoming request ...
[2023-07-09T12:03:28.392Z] OPTIONS /tambang 204 | 0 bytes - 0.132 ms
[2023-07-09T12:03:28.394Z] OPTIONS /driver 204 | 0 bytes - 0.118 ms
[2023-07-09T19:03:28.397] [INFO] KANTOR_ROUTE - [GET] /kantor Incoming request ...
[2023-07-09T19:03:28.403] [INFO] UNIT_ROUTE - [GET] /unit Incoming request ...
[2023-07-09T19:03:28.410] [INFO] TAMBANG_ROUTE - [GET] /tambang Incoming request ...
[2023-07-09T19:03:28.412] [INFO] DRIVER_ROUTE - [GET] /driver Incoming request ...
[2023-07-09T12:03:28.426Z] GET /pegawai 304 | - bytes - 41.805 ms
[2023-07-09T12:03:28.434Z] GET /kantor 304 | - bytes - 40.941 ms
[2023-07-09T12:03:28.442Z] GET /tambang 304 | - bytes - 45.657 ms
[2023-07-09T12:03:28.445Z] GET /driver 304 | - bytes - 36.238 ms
[2023-07-09T12:03:28.471Z] GET /unit 304 | - bytes - 75.958 ms
[2023-07-09T12:04:02.152Z] OPTIONS /pegawai 204 | 0 bytes - 0.153 ms
[2023-07-09T12:04:02.154Z] OPTIONS /kantor 204 | 0 bytes - 0.184 ms
[2023-07-09T12:04:02.155Z] OPTIONS /unit 204 | 0 bytes - 0.194 ms
[2023-07-09T12:04:02.157Z] OPTIONS /tambang 204 | 0 bytes - 0.174 ms
[2023-07-09T19:04:02.159] [INFO] PEGAWAI_ROUTE - [GET] /pegawai Incoming request ...
[2023-07-09T12:04:02.175Z] OPTIONS /driver 204 | 0 bytes - 0.176 ms
[2023-07-09T19:04:02.167] [INFO] KANTOR_ROUTE - [GET] /kantor Incoming request ...
[2023-07-09T19:04:02.180] [INFO] UNIT_ROUTE - [GET] /unit Incoming request ...
[2023-07-09T12:04:02.217Z] GET /pegawai 304 | - bytes - 58.882 ms
[2023-07-09T19:04:02.218] [INFO] TAMBANG_ROUTE - [GET] /tambang Incoming request ...
[2023-07-09T12:04:02.230Z] GET /kantor 304 | - bytes - 71.449 ms
[2023-07-09T19:04:02.233] [INFO] DRIVER_ROUTE - [GET] /driver Incoming request ...
[2023-07-09T12:04:02.241Z] GET /tambang 304 | - bytes - 63.620 ms
[2023-07-09T12:04:02.271Z] GET /unit 304 | - bytes - 94.669 ms
[2023-07-09T12:04:02.275Z] GET /driver 304 | - bytes - 52.275 ms
[2023-07-09T12:04:14.123Z] OPTIONS /pegawai 204 | 0 bytes - 0.243 ms
[2023-07-09T12:04:14.126Z] OPTIONS /kantor 204 | 0 bytes - 0.125 ms
[2023-07-09T12:04:14.128Z] OPTIONS /unit 204 | 0 bytes - 0.261 ms
[2023-07-09T12:04:14.131Z] OPTIONS /tambang 204 | 0 bytes - 0.254 ms
[2023-07-09T19:04:14.142] [INFO] PEGAWAI_ROUTE - [GET] /pegawai Incoming request ...
[2023-07-09T12:04:14.140Z] OPTIONS /driver 204 | 0 bytes - 0.384 ms
[2023-07-09T19:04:14.151] [INFO] UNIT_ROUTE - [GET] /unit Incoming request ...
[2023-07-09T19:04:14.161] [INFO] KANTOR_ROUTE - [GET] /kantor Incoming request ...
[2023-07-09T19:04:14.174] [INFO] DRIVER_ROUTE - [GET] /driver Incoming request ...
[2023-07-09T19:04:14.180] [INFO] TAMBANG_ROUTE - [GET] /tambang Incoming request ...
[2023-07-09T12:04:14.199Z] GET /pegawai 304 | - bytes - 66.200 ms
[2023-07-09T12:04:14.211Z] GET /kantor 304 | - bytes - 51.721 ms
[2023-07-09T12:04:14.214Z] GET /tambang 304 | - bytes - 43.044 ms
[2023-07-09T12:04:14.217Z] GET /driver 304 | - bytes - 47.458 ms
[2023-07-09T12:04:14.238Z] GET /unit 304 | - bytes - 96.403 ms
[2023-07-09T19:04:18.961] [INFO] PEGAWAI_ROUTE - [GET] /pegawai Incoming request ...
[2023-07-09T19:04:18.968] [INFO] KANTOR_ROUTE - [GET] /kantor Incoming request ...
[2023-07-09T12:04:18.976Z] GET /pegawai 304 | - bytes - 15.631 ms
[2023-07-09T19:04:18.977] [INFO] UNIT_ROUTE - [GET] /unit Incoming request ...
[2023-07-09T12:04:18.993Z] GET /kantor 304 | - bytes - 25.198 ms
[2023-07-09T19:04:18.983] [INFO] TAMBANG_ROUTE - [GET] /tambang Incoming request ...
[2023-07-09T12:04:18.999Z] GET /tambang 304 | - bytes - 25.937 ms
[2023-07-09T19:04:18.986] [INFO] DRIVER_ROUTE - [GET] /driver Incoming request ...
[2023-07-09T12:04:19.002Z] GET /driver 304 | - bytes - 27.583 ms
[2023-07-09T12:04:19.018Z] GET /unit 304 | - bytes - 44.804 ms
[2023-07-09T12:16:18.319Z] OPTIONS /pegawai 204 | 0 bytes - 0.273 ms
[2023-07-09T12:16:18.322Z] OPTIONS /kantor 204 | 0 bytes - 0.188 ms
[2023-07-09T12:16:18.324Z] OPTIONS /unit 204 | 0 bytes - 0.322 ms
[2023-07-09T12:16:18.326Z] OPTIONS /tambang 204 | 0 bytes - 0.178 ms
[2023-07-09T19:16:18.328] [INFO] PEGAWAI_ROUTE - [GET] /pegawai Incoming request ...
[2023-07-09T12:16:18.346Z] OPTIONS /driver 204 | 0 bytes - 0.197 ms
[2023-07-09T19:16:18.336] [INFO] KANTOR_ROUTE - [GET] /kantor Incoming request ...
[2023-07-09T19:16:18.347] [INFO] UNIT_ROUTE - [GET] /unit Incoming request ...
[2023-07-09T19:16:18.355] [INFO] TAMBANG_ROUTE - [GET] /tambang Incoming request ...
[2023-07-09T19:16:18.360] [INFO] DRIVER_ROUTE - [GET] /driver Incoming request ...
[2023-07-09T12:16:18.378Z] GET /pegawai 304 | - bytes - 50.950 ms
[2023-07-09T12:16:18.384Z] GET /kantor 304 | - bytes - 56.205 ms
[2023-07-09T12:16:18.388Z] GET /tambang 304 | - bytes - 35.024 ms
[2023-07-09T12:16:18.392Z] GET /driver 304 | - bytes - 33.086 ms
[2023-07-09T12:16:18.461Z] GET /unit 304 | - bytes - 116.589 ms
[2023-07-09T19:16:20.569] [INFO] PEGAWAI_ROUTE - [GET] /pegawai Incoming request ...
[2023-07-09T19:16:20.576] [INFO] KANTOR_ROUTE - [GET] /kantor Incoming request ...
[2023-07-09T12:16:20.595Z] GET /pegawai 304 | - bytes - 28.254 ms
[2023-07-09T19:16:20.581] [INFO] UNIT_ROUTE - [GET] /unit Incoming request ...
[2023-07-09T12:16:20.601Z] GET /kantor 304 | - bytes - 34.091 ms
[2023-07-09T19:16:20.584] [INFO] TAMBANG_ROUTE - [GET] /tambang Incoming request ...
[2023-07-09T12:16:20.609Z] GET /tambang 304 | - bytes - 40.409 ms
[2023-07-09T12:16:20.612Z] GET /driver 304 | - bytes - 43.514 ms
[2023-07-09T19:16:20.587] [INFO] DRIVER_ROUTE - [GET] /driver Incoming request ...
[2023-07-09T12:16:20.631Z] GET /unit 304 | - bytes - 62.962 ms
[2023-07-09T19:16:22.428] [INFO] PEGAWAI_ROUTE - [GET] /pegawai Incoming request ...
[2023-07-09T19:16:22.437] [INFO] KANTOR_ROUTE - [GET] /kantor Incoming request ...
[2023-07-09T12:16:22.445Z] GET /pegawai 304 | - bytes - 17.218 ms
[2023-07-09T19:16:22.445] [INFO] UNIT_ROUTE - [GET] /unit Incoming request ...
[2023-07-09T12:16:22.464Z] GET /kantor 304 | - bytes - 27.593 ms
[2023-07-09T19:16:22.450] [INFO] TAMBANG_ROUTE - [GET] /tambang Incoming request ...
[2023-07-09T12:16:22.471Z] GET /tambang 304 | - bytes - 28.402 ms
[2023-07-09T19:16:22.455] [INFO] DRIVER_ROUTE - [GET] /driver Incoming request ...
[2023-07-09T12:16:22.475Z] GET /driver 304 | - bytes - 31.920 ms
[2023-07-09T12:16:22.496Z] GET /unit 304 | - bytes - 54.454 ms
[2023-07-09T12:16:27.542Z] OPTIONS /pegawai 204 | 0 bytes - 0.271 ms
[2023-07-09T12:16:27.544Z] OPTIONS /kantor 204 | 0 bytes - 0.359 ms
[2023-07-09T12:16:27.547Z] OPTIONS /unit 204 | 0 bytes - 0.284 ms
[2023-07-09T12:16:27.549Z] OPTIONS /tambang 204 | 0 bytes - 0.579 ms
[2023-07-09T19:16:27.551] [INFO] PEGAWAI_ROUTE - [GET] /pegawai Incoming request ...
[2023-07-09T12:16:27.560Z] OPTIONS /driver 204 | 0 bytes - 0.198 ms
[2023-07-09T19:16:27.564] [INFO] KANTOR_ROUTE - [GET] /kantor Incoming request ...
[2023-07-09T12:16:27.584Z] GET /pegawai 304 | - bytes - 33.171 ms
[2023-07-09T19:16:27.572] [INFO] UNIT_ROUTE - [GET] /unit Incoming request ...
[2023-07-09T12:16:27.601Z] GET /kantor 304 | - bytes - 42.261 ms
[2023-07-09T19:16:27.586] [INFO] TAMBANG_ROUTE - [GET] /tambang Incoming request ...
[2023-07-09T12:16:27.609Z] GET /tambang 304 | - bytes - 23.821 ms
[2023-07-09T12:16:27.614Z] GET /driver 304 | - bytes - 27.540 ms
[2023-07-09T12:16:27.638Z] GET /unit 304 | - bytes - 74.954 ms
[2023-07-09T19:16:27.590] [INFO] DRIVER_ROUTE - [GET] /driver Incoming request ...
[2023-07-09T12:16:34.758Z] OPTIONS /pegawai 204 | 0 bytes - 0.175 ms
[2023-07-09T12:16:34.761Z] OPTIONS /kantor 204 | 0 bytes - 0.264 ms
[2023-07-09T12:16:34.762Z] OPTIONS /unit 204 | 0 bytes - 0.201 ms
[2023-07-09T12:16:34.765Z] OPTIONS /tambang 204 | 0 bytes - 0.514 ms
[2023-07-09T19:16:34.767] [INFO] PEGAWAI_ROUTE - [GET] /pegawai Incoming request ...
[2023-07-09T12:16:34.773Z] OPTIONS /driver 204 | 0 bytes - 0.221 ms
[2023-07-09T19:16:34.780] [INFO] UNIT_ROUTE - [GET] /unit Incoming request ...
[2023-07-09T12:16:34.788Z] GET /pegawai 304 | - bytes - 22.070 ms
[2023-07-09T19:16:34.790] [INFO] KANTOR_ROUTE - [GET] /kantor Incoming request ...
[2023-07-09T19:16:34.794] [INFO] DRIVER_ROUTE - [GET] /driver Incoming request ...
[2023-07-09T12:16:34.810Z] GET /kantor 304 | - bytes - 30.389 ms
[2023-07-09T19:16:34.804] [INFO] TAMBANG_ROUTE - [GET] /tambang Incoming request ...
[2023-07-09T12:16:34.834Z] GET /unit 304 | - bytes - 58.934 ms
[2023-07-09T12:16:34.838Z] GET /driver 304 | - bytes - 48.453 ms
[2023-07-09T12:16:34.841Z] GET /tambang 304 | - bytes - 50.743 ms
[2023-07-09T12:17:09.246Z] OPTIONS /pegawai 204 | 0 bytes - 0.190 ms
[2023-07-09T12:17:09.248Z] OPTIONS /kantor 204 | 0 bytes - 0.189 ms
[2023-07-09T12:17:09.250Z] OPTIONS /unit 204 | 0 bytes - 0.194 ms
[2023-07-09T12:17:09.253Z] OPTIONS /tambang 204 | 0 bytes - 0.184 ms
[2023-07-09T19:17:09.254] [INFO] PEGAWAI_ROUTE - [GET] /pegawai Incoming request ...
[2023-07-09T12:17:09.262Z] OPTIONS /driver 204 | 0 bytes - 0.179 ms
[2023-07-09T19:17:09.269] [INFO] KANTOR_ROUTE - [GET] /kantor Incoming request ...
[2023-07-09T19:17:09.275] [INFO] TAMBANG_ROUTE - [GET] /tambang Incoming request ...
[2023-07-09T19:17:09.281] [INFO] UNIT_ROUTE - [GET] /unit Incoming request ...
[2023-07-09T19:17:09.286] [INFO] DRIVER_ROUTE - [GET] /driver Incoming request ...
[2023-07-09T12:17:09.313Z] GET /pegawai 304 | - bytes - 60.726 ms
[2023-07-09T12:17:09.317Z] GET /kantor 304 | - bytes - 52.250 ms
[2023-07-09T12:17:09.328Z] GET /driver 304 | - bytes - 43.673 ms
[2023-07-09T12:17:09.330Z] GET /tambang 304 | - bytes - 64.880 ms
[2023-07-09T12:17:09.371Z] GET /unit 304 | - bytes - 101.993 ms
[2023-07-09T12:17:20.297Z] OPTIONS /pegawai 204 | 0 bytes - 0.177 ms
[2023-07-09T12:17:20.299Z] OPTIONS /kantor 204 | 0 bytes - 0.126 ms
[2023-07-09T12:17:20.300Z] OPTIONS /unit 204 | 0 bytes - 0.191 ms
[2023-07-09T19:17:20.302] [INFO] PEGAWAI_ROUTE - [GET] /pegawai Incoming request ...
[2023-07-09T12:17:20.309Z] OPTIONS /tambang 204 | 0 bytes - 0.123 ms
[2023-07-09T19:17:20.311] [INFO] KANTOR_ROUTE - [GET] /kantor Incoming request ...
[2023-07-09T12:17:20.320Z] OPTIONS /driver 204 | 0 bytes - 0.195 ms
[2023-07-09T19:17:20.322] [INFO] UNIT_ROUTE - [GET] /unit Incoming request ...
[2023-07-09T19:17:20.328] [INFO] TAMBANG_ROUTE - [GET] /tambang Incoming request ...
[2023-07-09T19:17:20.335] [INFO] DRIVER_ROUTE - [GET] /driver Incoming request ...
[2023-07-09T12:17:20.353Z] GET /pegawai 304 | - bytes - 50.771 ms
[2023-07-09T12:17:20.360Z] GET /kantor 304 | - bytes - 49.703 ms
[2023-07-09T12:17:20.369Z] GET /tambang 304 | - bytes - 46.358 ms
[2023-07-09T12:17:20.373Z] GET /driver 304 | - bytes - 38.324 ms
[2023-07-09T12:17:20.393Z] GET /unit 304 | - bytes - 73.755 ms
[2023-07-09T19:17:23.606] [INFO] PEGAWAI_ROUTE - [GET] /pegawai Incoming request ...
[2023-07-09T19:17:23.612] [INFO] KANTOR_ROUTE - [GET] /kantor Incoming request ...
[2023-07-09T12:17:23.624Z] GET /pegawai 304 | - bytes - 18.495 ms
[2023-07-09T19:17:23.626] [INFO] UNIT_ROUTE - [GET] /unit Incoming request ...
[2023-07-09T12:17:23.645Z] GET /kantor 304 | - bytes - 32.803 ms
[2023-07-09T19:17:23.633] [INFO] TAMBANG_ROUTE - [GET] /tambang Incoming request ...
[2023-07-09T12:17:23.651Z] GET /tambang 304 | - bytes - 29.974 ms
[2023-07-09T19:17:23.637] [INFO] DRIVER_ROUTE - [GET] /driver Incoming request ...
[2023-07-09T12:17:23.653Z] GET /driver 304 | - bytes - 27.658 ms
[2023-07-09T12:17:23.673Z] GET /unit 304 | - bytes - 53.359 ms
[2023-07-09T12:21:25.694Z] OPTIONS /unit 204 | 0 bytes - 0.228 ms
[2023-07-09T12:21:25.698Z] OPTIONS /pegawai 204 | 0 bytes - 0.204 ms
[2023-07-09T12:21:25.702Z] OPTIONS /kantor 204 | 0 bytes - 0.225 ms
[2023-07-09T12:21:25.709Z] OPTIONS /tambang 204 | 0 bytes - 0.200 ms
[2023-07-09T19:21:25.714] [INFO] UNIT_ROUTE - [GET] /unit Incoming request ...
[2023-07-09T19:21:25.721] [INFO] PEGAWAI_ROUTE - [GET] /pegawai Incoming request ...
[2023-07-09T12:21:25.735Z] OPTIONS /driver 204 | 0 bytes - 0.183 ms
[2023-07-09T19:21:25.737] [INFO] KANTOR_ROUTE - [GET] /kantor Incoming request ...
[2023-07-09T19:21:25.745] [INFO] TAMBANG_ROUTE - [GET] /tambang Incoming request ...
[2023-07-09T19:21:25.754] [INFO] DRIVER_ROUTE - [GET] /driver Incoming request ...
[2023-07-09T12:21:25.779Z] GET /pegawai 304 | - bytes - 64.083 ms
[2023-07-09T12:21:25.788Z] GET /kantor 304 | - bytes - 52.305 ms
[2023-07-09T12:21:25.794Z] GET /tambang 304 | - bytes - 50.388 ms
[2023-07-09T12:21:25.847Z] GET /unit 304 | - bytes - 133.880 ms
[2023-07-09T12:21:25.850Z] GET /driver 304 | - bytes - 98.722 ms
[2023-07-09T19:21:25.859] [INFO] UNIT_ROUTE - [GET] /unit Incoming request ...
[2023-07-09T12:21:25.889Z] GET /unit 304 | - bytes - 30.836 ms
[2023-07-09T12:21:39.663Z] OPTIONS / 204 | 0 bytes - 0.216 ms
[2023-07-09T12:21:39.667Z] GET / 404 | 33 bytes - 2.548 ms
[2023-07-09T12:21:39.672Z] OPTIONS /pegawai 204 | 0 bytes - 0.208 ms
[2023-07-09T12:21:39.674Z] OPTIONS /kantor 204 | 0 bytes - 0.236 ms
[2023-07-09T12:21:39.675Z] OPTIONS /unit 204 | 0 bytes - 0.214 ms
[2023-07-09T12:21:39.677Z] OPTIONS /tambang 204 | 0 bytes - 0.411 ms
[2023-07-09T12:21:39.678Z] OPTIONS /driver 204 | 0 bytes - 0.210 ms
[2023-07-09T19:21:39.680] [INFO] PEGAWAI_ROUTE - [GET] /pegawai Incoming request ...
[2023-07-09T19:21:39.687] [INFO] KANTOR_ROUTE - [GET] /kantor Incoming request ...
[2023-07-09T19:21:39.697] [INFO] UNIT_ROUTE - [GET] /unit Incoming request ...
[2023-07-09T19:21:39.701] [INFO] TAMBANG_ROUTE - [GET] /tambang Incoming request ...
[2023-07-09T19:21:39.703] [INFO] DRIVER_ROUTE - [GET] /driver Incoming request ...
[2023-07-09T12:21:39.732Z] GET /pegawai 304 | - bytes - 52.099 ms
[2023-07-09T12:21:39.743Z] GET /kantor 304 | - bytes - 62.194 ms
[2023-07-09T12:21:39.751Z] GET /tambang 304 | - bytes - 54.682 ms
[2023-07-09T12:21:39.755Z] GET /driver 304 | - bytes - 57.962 ms
[2023-07-09T12:21:39.776Z] GET /unit 304 | - bytes - 79.672 ms
[2023-07-09T12:21:53.325Z] OPTIONS / 204 | 0 bytes - 0.199 ms
[2023-07-09T12:21:53.327Z] OPTIONS /pegawai 204 | 0 bytes - 0.206 ms
[2023-07-09T12:21:53.329Z] OPTIONS /kantor 204 | 0 bytes - 0.199 ms
[2023-07-09T12:21:53.332Z] GET / 404 | 33 bytes - 1.011 ms
[2023-07-09T19:21:53.334] [INFO] PEGAWAI_ROUTE - [GET] /pegawai Incoming request ...
[2023-07-09T12:21:53.352Z] OPTIONS /unit 204 | 0 bytes - 0.326 ms
[2023-07-09T19:21:53.342] [INFO] KANTOR_ROUTE - [GET] /kantor Incoming request ...
[2023-07-09T12:21:53.356Z] OPTIONS /tambang 204 | 0 bytes - 0.213 ms
[2023-07-09T12:21:53.357Z] OPTIONS /driver 204 | 0 bytes - 0.197 ms
[2023-07-09T19:21:53.361] [INFO] UNIT_ROUTE - [GET] /unit Incoming request ...
[2023-07-09T19:21:53.369] [INFO] TAMBANG_ROUTE - [GET] /tambang Incoming request ...
[2023-07-09T19:21:53.373] [INFO] DRIVER_ROUTE - [GET] /driver Incoming request ...
[2023-07-09T12:21:53.388Z] GET /pegawai 304 | - bytes - 54.148 ms
[2023-07-09T12:21:53.394Z] GET /kantor 304 | - bytes - 59.873 ms
[2023-07-09T12:21:53.401Z] GET /tambang 304 | - bytes - 33.907 ms
[2023-07-09T12:21:53.404Z] GET /driver 304 | - bytes - 36.280 ms
[2023-07-09T12:21:53.429Z] GET /unit 304 | - bytes - 67.418 ms
[2023-07-09T12:21:59.292Z] OPTIONS /$ 204 | 0 bytes - 0.292 ms
[2023-07-09T12:21:59.295Z] OPTIONS /pegawai 204 | 0 bytes - 0.203 ms
[2023-07-09T12:21:59.298Z] OPTIONS /kantor 204 | 0 bytes - 0.216 ms
[2023-07-09T12:21:59.300Z] GET /$ 404 | 33 bytes - 2.386 ms
[2023-07-09T12:21:59.302Z] OPTIONS /tambang 204 | 0 bytes - 0.195 ms
[2023-07-09T12:21:59.304Z] OPTIONS /unit 204 | 0 bytes - 0.205 ms
[2023-07-09T19:21:59.305] [INFO] PEGAWAI_ROUTE - [GET] /pegawai Incoming request ...
[2023-07-09T12:21:59.316Z] OPTIONS /driver 204 | 0 bytes - 0.199 ms
[2023-07-09T19:21:59.317] [INFO] KANTOR_ROUTE - [GET] /kantor Incoming request ...
[2023-07-09T12:21:59.326Z] GET /pegawai 304 | - bytes - 23.181 ms
[2023-07-09T19:21:59.327] [INFO] TAMBANG_ROUTE - [GET] /tambang Incoming request ...
[2023-07-09T12:21:59.339Z] GET /kantor 304 | - bytes - 23.706 ms
[2023-07-09T19:21:59.333] [INFO] UNIT_ROUTE - [GET] /unit Incoming request ...
[2023-07-09T12:21:59.346Z] GET /tambang 304 | - bytes - 24.146 ms
[2023-07-09T19:21:59.339] [INFO] DRIVER_ROUTE - [GET] /driver Incoming request ...
[2023-07-09T12:21:59.352Z] GET /driver 304 | - bytes - 15.763 ms
[2023-07-09T12:21:59.371Z] GET /unit 304 | - bytes - 48.159 ms
[2023-07-09T12:22:06.283Z] OPTIONS /undefined 204 | 0 bytes - 0.190 ms
[2023-07-09T12:22:06.286Z] GET /undefined 404 | 33 bytes - 1.658 ms
[2023-07-09T12:22:06.288Z] OPTIONS /pegawai 204 | 0 bytes - 0.218 ms
[2023-07-09T12:22:06.290Z] OPTIONS /kantor 204 | 0 bytes - 0.243 ms
[2023-07-09T19:22:06.292] [INFO] PEGAWAI_ROUTE - [GET] /pegawai Incoming request ...
[2023-07-09T12:22:06.299Z] OPTIONS /unit 204 | 0 bytes - 0.208 ms
[2023-07-09T19:22:06.301] [INFO] KANTOR_ROUTE - [GET] /kantor Incoming request ...
[2023-07-09T12:22:06.306Z] OPTIONS /tambang 204 | 0 bytes - 0.171 ms
[2023-07-09T12:22:06.311Z] OPTIONS /driver 204 | 0 bytes - 0.200 ms
[2023-07-09T12:22:06.314Z] GET /pegawai 304 | - bytes - 22.747 ms
[2023-07-09T19:22:06.315] [INFO] UNIT_ROUTE - [GET] /unit Incoming request ...
[2023-07-09T12:22:06.322Z] GET /kantor 304 | - bytes - 21.392 ms
[2023-07-09T19:22:06.325] [INFO] TAMBANG_ROUTE - [GET] /tambang Incoming request ...
[2023-07-09T19:22:06.330] [INFO] DRIVER_ROUTE - [GET] /driver Incoming request ...
[2023-07-09T12:22:06.341Z] GET /tambang 304 | - bytes - 17.615 ms
[2023-07-09T12:22:06.345Z] GET /driver 304 | - bytes - 20.443 ms
[2023-07-09T12:22:06.369Z] GET /unit 304 | - bytes - 53.631 ms
[2023-07-09T12:22:32.739Z] OPTIONS / 204 | 0 bytes - 0.125 ms
[2023-07-09T12:22:32.743Z] GET / 404 | 33 bytes - 1.226 ms
[2023-07-09T12:22:32.745Z] OPTIONS /pegawai 204 | 0 bytes - 0.227 ms
[2023-07-09T12:22:32.747Z] OPTIONS /kantor 204 | 0 bytes - 0.227 ms
[2023-07-09T12:22:32.749Z] OPTIONS /unit 204 | 0 bytes - 0.216 ms
[2023-07-09T19:22:32.751] [INFO] PEGAWAI_ROUTE - [GET] /pegawai Incoming request ...
[2023-07-09T12:22:32.761Z] OPTIONS /tambang 204 | 0 bytes - 0.232 ms
[2023-07-09T12:22:32.768Z] OPTIONS /driver 204 | 0 bytes - 0.209 ms
[2023-07-09T19:22:32.772] [INFO] KANTOR_ROUTE - [GET] /kantor Incoming request ...
[2023-07-09T19:22:32.782] [INFO] UNIT_ROUTE - [GET] /unit Incoming request ...
[2023-07-09T19:22:32.790] [INFO] TAMBANG_ROUTE - [GET] /tambang Incoming request ...
[2023-07-09T12:22:32.811Z] GET /pegawai 304 | - bytes - 60.799 ms
[2023-07-09T19:22:32.795] [INFO] DRIVER_ROUTE - [GET] /driver Incoming request ...
[2023-07-09T12:22:32.817Z] GET /kantor 304 | - bytes - 51.554 ms
[2023-07-09T12:22:32.829Z] GET /tambang 304 | - bytes - 56.523 ms
[2023-07-09T12:22:32.839Z] GET /driver 304 | - bytes - 44.161 ms
[2023-07-09T12:22:32.884Z] GET /unit 304 | - bytes - 116.736 ms
[2023-07-09T12:22:40.879Z] OPTIONS /unit 204 | 0 bytes - 0.429 ms
[2023-07-09T12:22:40.882Z] OPTIONS /pegawai 204 | 0 bytes - 0.333 ms
[2023-07-09T12:22:40.889Z] OPTIONS /kantor 204 | 0 bytes - 0.208 ms
[2023-07-09T19:22:40.890] [INFO] UNIT_ROUTE - [GET] /unit Incoming request ...
[2023-07-09T19:22:40.896] [INFO] PEGAWAI_ROUTE - [GET] /pegawai Incoming request ...
[2023-07-09T12:22:40.905Z] OPTIONS /tambang 204 | 0 bytes - 0.179 ms
[2023-07-09T12:22:40.908Z] OPTIONS /driver 204 | 0 bytes - 0.184 ms
[2023-07-09T19:22:40.913] [INFO] KANTOR_ROUTE - [GET] /kantor Incoming request ...
[2023-07-09T12:22:40.922Z] GET /pegawai 304 | - bytes - 31.842 ms
[2023-07-09T12:22:40.950Z] GET /unit 304 | - bytes - 62.464 ms
[2023-07-09T19:22:40.951] [INFO] TAMBANG_ROUTE - [GET] /tambang Incoming request ...
[2023-07-09T12:22:40.970Z] GET /kantor 304 | - bytes - 59.884 ms
[2023-07-09T19:22:40.958] [INFO] DRIVER_ROUTE - [GET] /driver Incoming request ...
[2023-07-09T12:22:40.979Z] GET /tambang 304 | - bytes - 52.086 ms
[2023-07-09T12:22:40.985Z] GET /driver 304 | - bytes - 58.192 ms
[2023-07-09T19:22:40.972] [INFO] UNIT_ROUTE - [GET] /unit Incoming request ...
[2023-07-09T12:22:41.008Z] GET /unit 304 | - bytes - 35.371 ms
[2023-07-09T12:23:21.766Z] OPTIONS /unit 204 | 0 bytes - 0.127 ms
[2023-07-09T12:23:21.771Z] OPTIONS /pegawai 204 | 0 bytes - 0.208 ms
[2023-07-09T19:23:21.772] [INFO] UNIT_ROUTE - [GET] /unit Incoming request ...
[2023-07-09T12:23:21.782Z] OPTIONS /kantor 204 | 0 bytes - 0.248 ms
[2023-07-09T19:23:21.782] [INFO] PEGAWAI_ROUTE - [GET] /pegawai Incoming request ...
[2023-07-09T12:23:21.793Z] OPTIONS /tambang 204 | 0 bytes - 0.239 ms
[2023-07-09T19:23:21.798] [INFO] KANTOR_ROUTE - [GET] /kantor Incoming request ...
[2023-07-09T12:23:21.796Z] OPTIONS /driver 204 | 0 bytes - 0.204 ms
[2023-07-09T19:23:21.805] [INFO] DRIVER_ROUTE - [GET] /driver Incoming request ...
[2023-07-09T19:23:21.811] [INFO] TAMBANG_ROUTE - [GET] /tambang Incoming request ...
[2023-07-09T12:23:21.827Z] GET /pegawai 304 | - bytes - 47.835 ms
[2023-07-09T12:23:21.830Z] GET /kantor 304 | - bytes - 37.611 ms
[2023-07-09T12:23:21.833Z] GET /driver 304 | - bytes - 30.453 ms
[2023-07-09T12:23:21.836Z] GET /tambang 304 | - bytes - 31.796 ms
[2023-07-09T12:23:21.854Z] GET /unit 304 | - bytes - 83.786 ms
[2023-07-09T19:23:21.857] [INFO] UNIT_ROUTE - [GET] /unit Incoming request ...
[2023-07-09T12:23:21.890Z] GET /unit 304 | - bytes - 32.923 ms
[2023-07-09T12:23:29.278Z] OPTIONS /unit 204 | 0 bytes - 0.202 ms
[2023-07-09T19:23:29.281] [INFO] UNIT_ROUTE - [GET] /unit Incoming request ...
[2023-07-09T12:23:29.288Z] OPTIONS /pegawai 204 | 0 bytes - 0.193 ms
[2023-07-09T12:23:29.292Z] OPTIONS /kantor 204 | 0 bytes - 0.359 ms
[2023-07-09T12:23:29.317Z] GET /unit 304 | - bytes - 35.619 ms
[2023-07-09T19:23:29.320] [INFO] PEGAWAI_ROUTE - [GET] /pegawai Incoming request ...
[2023-07-09T12:23:29.332Z] OPTIONS /tambang 204 | 0 bytes - 0.228 ms
[2023-07-09T12:23:29.334Z] OPTIONS /driver 204 | 0 bytes - 0.228 ms
[2023-07-09T19:23:29.343] [INFO] UNIT_ROUTE - [GET] /unit Incoming request ...
[2023-07-09T12:23:29.340Z] GET /pegawai 304 | - bytes - 46.282 ms
[2023-07-09T19:23:29.347] [INFO] KANTOR_ROUTE - [GET] /kantor Incoming request ...
[2023-07-09T12:23:29.367Z] GET /kantor 304 | - bytes - 30.631 ms
[2023-07-09T19:23:29.351] [INFO] TAMBANG_ROUTE - [GET] /tambang Incoming request ...
[2023-07-09T12:23:29.388Z] GET /unit 304 | - bytes - 51.931 ms
[2023-07-09T19:23:29.354] [INFO] DRIVER_ROUTE - [GET] /driver Incoming request ...
[2023-07-09T12:23:29.390Z] GET /tambang 304 | - bytes - 48.439 ms
[2023-07-09T12:23:29.394Z] GET /driver 304 | - bytes - 51.030 ms
[2023-07-09T12:23:35.042Z] OPTIONS /unit 204 | 0 bytes - 0.186 ms
[2023-07-09T12:23:35.044Z] OPTIONS /pegawai 204 | 0 bytes - 0.284 ms
[2023-07-09T12:23:35.046Z] OPTIONS /kantor 204 | 0 bytes - 0.211 ms
[2023-07-09T19:23:35.047] [INFO] UNIT_ROUTE - [GET] /unit Incoming request ...
[2023-07-09T19:23:35.052] [INFO] PEGAWAI_ROUTE - [GET] /pegawai Incoming request ...
[2023-07-09T12:23:35.061Z] OPTIONS /tambang 204 | 0 bytes - 0.251 ms
[2023-07-09T19:23:35.065] [INFO] KANTOR_ROUTE - [GET] /kantor Incoming request ...
[2023-07-09T12:23:35.064Z] OPTIONS /driver 204 | 0 bytes - 0.216 ms
[2023-07-09T12:23:35.074Z] GET /pegawai 304 | - bytes - 21.677 ms
[2023-07-09T19:23:35.076] [INFO] TAMBANG_ROUTE - [GET] /tambang Incoming request ...
[2023-07-09T12:23:35.087Z] GET /kantor 304 | - bytes - 27.476 ms
[2023-07-09T19:23:35.082] [INFO] DRIVER_ROUTE - [GET] /driver Incoming request ...
[2023-07-09T12:23:35.092Z] GET /tambang 304 | - bytes - 17.083 ms
[2023-07-09T12:23:35.097Z] GET /driver 304 | - bytes - 20.795 ms
[2023-07-09T12:23:35.117Z] GET /unit 304 | - bytes - 70.343 ms
[2023-07-09T19:23:35.121] [INFO] UNIT_ROUTE - [GET] /unit Incoming request ...
[2023-07-09T12:23:35.150Z] GET /unit 304 | - bytes - 29.683 ms
[2023-07-09T12:23:42.909Z] OPTIONS /unit 204 | 0 bytes - 0.112 ms
[2023-07-09T12:23:42.911Z] OPTIONS /pegawai 204 | 0 bytes - 0.165 ms
[2023-07-09T12:23:42.913Z] OPTIONS /kantor 204 | 0 bytes - 0.123 ms
[2023-07-09T19:23:42.914] [INFO] UNIT_ROUTE - [GET] /unit Incoming request ...
[2023-07-09T12:23:42.919Z] OPTIONS /tambang 204 | 0 bytes - 0.113 ms
[2023-07-09T19:23:42.920] [INFO] PEGAWAI_ROUTE - [GET] /pegawai Incoming request ...
[2023-07-09T12:23:42.931Z] OPTIONS /driver 204 | 0 bytes - 0.189 ms
[2023-07-09T19:23:42.936] [INFO] KANTOR_ROUTE - [GET] /kantor Incoming request ...
[2023-07-09T12:23:42.935Z] GET /pegawai 304 | - bytes - 16.806 ms
[2023-07-09T19:23:42.940] [INFO] TAMBANG_ROUTE - [GET] /tambang Incoming request ...
[2023-07-09T12:23:42.978Z] GET /unit 304 | - bytes - 65.623 ms
[2023-07-09T19:23:42.945] [INFO] DRIVER_ROUTE - [GET] /driver Incoming request ...
[2023-07-09T12:23:42.982Z] GET /tambang 304 | - bytes - 49.669 ms
[2023-07-09T12:23:42.984Z] GET /kantor 304 | - bytes - 53.794 ms
[2023-07-09T12:23:42.990Z] GET /driver 304 | - bytes - 45.768 ms
[2023-07-09T19:23:43.002] [INFO] UNIT_ROUTE - [GET] /unit Incoming request ...
[2023-07-09T12:23:43.038Z] GET /unit 304 | - bytes - 35.422 ms
[2023-07-09T12:23:52.930Z] OPTIONS /unit 204 | 0 bytes - 0.156 ms
[2023-07-09T12:23:52.932Z] OPTIONS /pegawai 204 | 0 bytes - 0.150 ms
[2023-07-09T19:23:52.933] [INFO] UNIT_ROUTE - [GET] /unit Incoming request ...
[2023-07-09T12:23:52.937Z] OPTIONS /kantor 204 | 0 bytes - 0.151 ms
[2023-07-09T12:23:52.940Z] OPTIONS /tambang 204 | 0 bytes - 0.168 ms
[2023-07-09T19:23:52.944] [INFO] PEGAWAI_ROUTE - [GET] /pegawai Incoming request ...
[2023-07-09T12:23:52.943Z] OPTIONS /driver 204 | 0 bytes - 0.100 ms
[2023-07-09T19:23:52.949] [INFO] KANTOR_ROUTE - [GET] /kantor Incoming request ...
[2023-07-09T12:23:52.983Z] GET /unit 304 | - bytes - 51.909 ms
[2023-07-09T19:23:52.985] [INFO] TAMBANG_ROUTE - [GET] /tambang Incoming request ...
[2023-07-09T12:23:52.995Z] GET /kantor 304 | - bytes - 52.599 ms
[2023-07-09T12:23:53.000Z] GET /pegawai 304 | - bytes - 60.874 ms
[2023-07-09T19:23:52.989] [INFO] DRIVER_ROUTE - [GET] /driver Incoming request ...
[2023-07-09T12:23:53.003Z] GET /tambang 304 | - bytes - 49.880 ms
[2023-07-09T19:23:53.004] [INFO] UNIT_ROUTE - [GET] /unit Incoming request ...
[2023-07-09T12:23:53.028Z] GET /driver 304 | - bytes - 43.135 ms
[2023-07-09T12:23:53.058Z] GET /unit 304 | - bytes - 56.357 ms
[2023-07-09T19:23:57.312] [INFO] UNIT_ROUTE - [GET] /unit Incoming request ...
[2023-07-09T19:23:57.320] [INFO] PEGAWAI_ROUTE - [GET] /pegawai Incoming request ...
[2023-07-09T12:23:57.347Z] GET /unit 304 | - bytes - 34.528 ms
[2023-07-09T19:23:57.327] [INFO] KANTOR_ROUTE - [GET] /kantor Incoming request ...
[2023-07-09T12:23:57.396Z] GET /pegawai 304 | - bytes - 77.871 ms
[2023-07-09T19:23:57.348] [INFO] TAMBANG_ROUTE - [GET] /tambang Incoming request ...
[2023-07-09T12:23:57.401Z] GET /kantor 304 | - bytes - 82.140 ms
[2023-07-09T19:23:57.386] [INFO] DRIVER_ROUTE - [GET] /driver Incoming request ...
[2023-07-09T12:23:57.408Z] GET /tambang 304 | - bytes - 76.864 ms
[2023-07-09T12:23:57.416Z] GET /driver 304 | - bytes - 67.969 ms
[2023-07-09T19:23:57.402] [INFO] UNIT_ROUTE - [GET] /unit Incoming request ...
[2023-07-09T12:23:57.448Z] GET /unit 304 | - bytes - 45.350 ms
[2023-07-09T12:24:00.242Z] OPTIONS /unit 204 | 0 bytes - 0.199 ms
[2023-07-09T19:24:00.245] [INFO] UNIT_ROUTE - [GET] /unit Incoming request ...
[2023-07-09T12:24:00.249Z] OPTIONS /pegawai 204 | 0 bytes - 0.150 ms
[2023-07-09T12:24:00.266Z] GET /unit 304 | - bytes - 21.904 ms
[2023-07-09T19:24:00.267] [INFO] PEGAWAI_ROUTE - [GET] /pegawai Incoming request ...
[2023-07-09T12:24:00.273Z] OPTIONS /kantor 204 | 0 bytes - 0.163 ms
[2023-07-09T12:24:00.275Z] OPTIONS /tambang 204 | 0 bytes - 0.185 ms
[2023-07-09T12:24:00.276Z] OPTIONS /driver 204 | 0 bytes - 0.146 ms
[2023-07-09T19:24:00.281] [INFO] UNIT_ROUTE - [GET] /unit Incoming request ...
[2023-07-09T19:24:00.288] [INFO] KANTOR_ROUTE - [GET] /kantor Incoming request ...
[2023-07-09T12:24:00.311Z] GET /pegawai 304 | - bytes - 59.647 ms
[2023-07-09T19:24:00.293] [INFO] TAMBANG_ROUTE - [GET] /tambang Incoming request ...
[2023-07-09T12:24:00.315Z] GET /kantor 304 | - bytes - 35.618 ms
[2023-07-09T12:24:00.335Z] GET /unit 304 | - bytes - 57.768 ms
[2023-07-09T19:24:00.302] [INFO] DRIVER_ROUTE - [GET] /driver Incoming request ...
[2023-07-09T12:24:00.339Z] GET /tambang 304 | - bytes - 58.153 ms
[2023-07-09T12:24:00.343Z] GET /driver 304 | - bytes - 45.597 ms
[2023-07-09T12:24:05.655Z] OPTIONS /unit 204 | 0 bytes - 0.115 ms
[2023-07-09T19:24:05.657] [INFO] UNIT_ROUTE - [GET] /unit Incoming request ...
[2023-07-09T12:24:05.663Z] OPTIONS /pegawai 204 | 0 bytes - 0.107 ms
[2023-07-09T12:24:05.664Z] OPTIONS /kantor 204 | 0 bytes - 0.136 ms
[2023-07-09T12:24:05.667Z] OPTIONS /tambang 204 | 0 bytes - 0.137 ms
[2023-07-09T12:24:05.669Z] OPTIONS /driver 204 | 0 bytes - 0.170 ms
[2023-07-09T12:24:05.685Z] GET /unit 304 | - bytes - 27.526 ms
[2023-07-09T19:24:05.688] [INFO] PEGAWAI_ROUTE - [GET] /pegawai Incoming request ...
[2023-07-09T19:24:05.693] [INFO] KANTOR_ROUTE - [GET] /kantor Incoming request ...
[2023-07-09T12:24:05.709Z] GET /pegawai 304 | - bytes - 22.283 ms
[2023-07-09T19:24:05.698] [INFO] TAMBANG_ROUTE - [GET] /tambang Incoming request ...
[2023-07-09T12:24:05.712Z] GET /kantor 304 | - bytes - 25.249 ms
[2023-07-09T19:24:05.703] [INFO] DRIVER_ROUTE - [GET] /driver Incoming request ...
[2023-07-09T12:24:05.720Z] GET /tambang 304 | - bytes - 31.978 ms
[2023-07-09T12:24:05.723Z] GET /driver 304 | - bytes - 20.790 ms
[2023-07-09T19:24:05.713] [INFO] UNIT_ROUTE - [GET] /unit Incoming request ...
[2023-07-09T12:24:05.746Z] GET /unit 304 | - bytes - 42.685 ms
[2023-07-09T12:24:12.978Z] OPTIONS /unit 204 | 0 bytes - 0.147 ms
[2023-07-09T12:24:12.980Z] OPTIONS /pegawai 204 | 0 bytes - 0.208 ms
[2023-07-09T12:24:12.982Z] OPTIONS /kantor 204 | 0 bytes - 0.157 ms
[2023-07-09T19:24:12.983] [INFO] UNIT_ROUTE - [GET] /unit Incoming request ...
[2023-07-09T19:24:12.987] [INFO] KANTOR_ROUTE - [GET] /kantor Incoming request ...
[2023-07-09T12:24:12.993Z] OPTIONS /tambang 204 | 0 bytes - 0.131 ms
[2023-07-09T19:24:12.998] [INFO] PEGAWAI_ROUTE - [GET] /pegawai Incoming request ...
[2023-07-09T12:24:12.995Z] OPTIONS /driver 204 | 0 bytes - 0.178 ms
[2023-07-09T12:24:13.006Z] GET /kantor 304 | - bytes - 18.767 ms
[2023-07-09T12:24:13.023Z] GET /unit 304 | - bytes - 41.886 ms
[2023-07-09T19:24:13.025] [INFO] TAMBANG_ROUTE - [GET] /tambang Incoming request ...
[2023-07-09T12:24:13.039Z] GET /pegawai 304 | - bytes - 51.859 ms
[2023-07-09T19:24:13.031] [INFO] DRIVER_ROUTE - [GET] /driver Incoming request ...
[2023-07-09T12:24:13.043Z] GET /tambang 304 | - bytes - 35.461 ms
[2023-07-09T12:24:13.046Z] GET /driver 304 | - bytes - 38.181 ms
[2023-07-09T19:24:13.047] [INFO] UNIT_ROUTE - [GET] /unit Incoming request ...
[2023-07-09T12:24:13.077Z] GET /unit 304 | - bytes - 36.367 ms
[2023-07-09T12:24:46.298Z] OPTIONS /unit 204 | 0 bytes - 0.173 ms
[2023-07-09T12:24:46.299Z] OPTIONS /pegawai 204 | 0 bytes - 0.115 ms
[2023-07-09T12:24:46.302Z] OPTIONS /kantor 204 | 0 bytes - 0.120 ms
[2023-07-09T19:24:46.302] [INFO] UNIT_ROUTE - [GET] /unit Incoming request ...
[2023-07-09T19:24:46.319] [INFO] PEGAWAI_ROUTE - [GET] /pegawai Incoming request ...
[2023-07-09T12:24:46.336Z] OPTIONS /tambang 204 | 0 bytes - 0.205 ms
[2023-07-09T19:24:46.327] [INFO] KANTOR_ROUTE - [GET] /kantor Incoming request ...
[2023-07-09T12:24:46.337Z] OPTIONS /driver 204 | 0 bytes - 0.448 ms
[2023-07-09T19:24:46.348] [INFO] TAMBANG_ROUTE - [GET] /tambang Incoming request ...
[2023-07-09T19:24:46.351] [INFO] DRIVER_ROUTE - [GET] /driver Incoming request ...
[2023-07-09T12:24:46.366Z] GET /pegawai 304 | - bytes - 47.178 ms
[2023-07-09T12:24:46.369Z] GET /kantor 304 | - bytes - 50.080 ms
[2023-07-09T12:24:46.371Z] GET /tambang 304 | - bytes - 24.607 ms
[2023-07-09T12:24:46.374Z] GET /driver 304 | - bytes - 27.419 ms
[2023-07-09T12:24:46.391Z] GET /unit 304 | - bytes - 89.654 ms
[2023-07-09T19:24:46.392] [INFO] UNIT_ROUTE - [GET] /unit Incoming request ...
[2023-07-09T12:24:46.415Z] GET /unit 304 | - bytes - 22.155 ms
[2023-07-09T19:24:51.005] [INFO] UNIT_ROUTE - [GET] /unit Incoming request ...
[2023-07-09T19:24:51.012] [INFO] PEGAWAI_ROUTE - [GET] /pegawai Incoming request ...
[2023-07-09T12:24:51.038Z] GET /unit 304 | - bytes - 32.552 ms
[2023-07-09T19:24:51.018] [INFO] KANTOR_ROUTE - [GET] /kantor Incoming request ...
[2023-07-09T12:24:51.049Z] GET /pegawai 304 | - bytes - 38.677 ms
[2023-07-09T19:24:51.038] [INFO] TAMBANG_ROUTE - [GET] /tambang Incoming request ...
[2023-07-09T12:24:51.052Z] GET /kantor 304 | - bytes - 41.527 ms
[2023-07-09T19:24:51.041] [INFO] DRIVER_ROUTE - [GET] /driver Incoming request ...
[2023-07-09T12:24:51.056Z] GET /tambang 304 | - bytes - 32.874 ms
[2023-07-09T12:24:51.058Z] GET /driver 304 | - bytes - 35.039 ms
[2023-07-09T19:24:51.059] [INFO] UNIT_ROUTE - [GET] /unit Incoming request ...
[2023-07-09T12:24:51.083Z] GET /unit 304 | - bytes - 29.851 ms
[2023-07-09T12:24:55.260Z] OPTIONS /unit 204 | 0 bytes - 0.128 ms
[2023-07-09T12:24:55.264Z] OPTIONS /pegawai 204 | 0 bytes - 0.195 ms
[2023-07-09T19:24:55.264] [INFO] UNIT_ROUTE - [GET] /unit Incoming request ...
[2023-07-09T12:24:55.269Z] OPTIONS /kantor 204 | 0 bytes - 0.184 ms
[2023-07-09T12:24:55.274Z] OPTIONS /tambang 204 | 0 bytes - 0.126 ms
[2023-07-09T19:24:55.274] [INFO] PEGAWAI_ROUTE - [GET] /pegawai Incoming request ...
[2023-07-09T12:24:55.281Z] OPTIONS /driver 204 | 0 bytes - 0.201 ms
[2023-07-09T12:24:55.303Z] GET /unit 304 | - bytes - 40.864 ms
[2023-07-09T19:24:55.305] [INFO] KANTOR_ROUTE - [GET] /kantor Incoming request ...
[2023-07-09T12:24:55.316Z] GET /pegawai 304 | - bytes - 45.847 ms
[2023-07-09T19:24:55.310] [INFO] TAMBANG_ROUTE - [GET] /tambang Incoming request ...
[2023-07-09T12:24:55.324Z] GET /kantor 304 | - bytes - 41.931 ms
[2023-07-09T12:24:55.327Z] GET /tambang 304 | - bytes - 21.454 ms
[2023-07-09T19:24:55.317] [INFO] DRIVER_ROUTE - [GET] /driver Incoming request ...
[2023-07-09T12:24:55.334Z] GET /driver 304 | - bytes - 17.220 ms
[2023-07-09T19:24:55.328] [INFO] UNIT_ROUTE - [GET] /unit Incoming request ...
[2023-07-09T12:24:55.350Z] GET /unit 304 | - bytes - 28.513 ms
[2023-07-09T12:25:01.116Z] OPTIONS /unit 204 | 0 bytes - 0.100 ms
[2023-07-09T12:25:01.119Z] OPTIONS /pegawai 204 | 0 bytes - 0.150 ms
[2023-07-09T19:25:01.119] [INFO] UNIT_ROUTE - [GET] /unit Incoming request ...
[2023-07-09T12:25:01.124Z] OPTIONS /kantor 204 | 0 bytes - 0.172 ms
[2023-07-09T12:25:01.126Z] OPTIONS /tambang 204 | 0 bytes - 0.118 ms
[2023-07-09T19:25:01.129] [INFO] PEGAWAI_ROUTE - [GET] /pegawai Incoming request ...
[2023-07-09T12:25:01.137Z] OPTIONS /driver 204 | 0 bytes - 0.235 ms
[2023-07-09T19:25:01.157] [INFO] KANTOR_ROUTE - [GET] /kantor Incoming request ...
[2023-07-09T12:25:01.157Z] GET /unit 304 | - bytes - 38.683 ms
[2023-07-09T19:25:01.162] [INFO] TAMBANG_ROUTE - [GET] /tambang Incoming request ...
[2023-07-09T12:25:01.169Z] GET /pegawai 304 | - bytes - 44.011 ms
[2023-07-09T19:25:01.173] [INFO] DRIVER_ROUTE - [GET] /driver Incoming request ...
[2023-07-09T12:25:01.186Z] GET /kantor 304 | - bytes - 50.626 ms
[2023-07-09T12:25:01.189Z] GET /tambang 304 | - bytes - 51.026 ms
[2023-07-09T19:25:01.179] [INFO] UNIT_ROUTE - [GET] /unit Incoming request ...
[2023-07-09T12:25:01.195Z] GET /driver 304 | - bytes - 27.733 ms
[2023-07-09T12:25:01.215Z] GET /unit 304 | - bytes - 42.257 ms
[2023-07-09T19:25:03.262] [INFO] UNIT_ROUTE - [GET] /unit Incoming request ...
[2023-07-09T19:25:03.270] [INFO] PEGAWAI_ROUTE - [GET] /pegawai Incoming request ...
[2023-07-09T12:25:03.297Z] GET /unit 304 | - bytes - 34.924 ms
[2023-07-09T19:25:03.277] [INFO] KANTOR_ROUTE - [GET] /kantor Incoming request ...
[2023-07-09T12:25:03.305Z] GET /pegawai 304 | - bytes - 36.776 ms
[2023-07-09T19:25:03.298] [INFO] TAMBANG_ROUTE - [GET] /tambang Incoming request ...
[2023-07-09T12:25:03.307Z] GET /kantor 304 | - bytes - 38.140 ms
[2023-07-09T19:25:03.308] [INFO] DRIVER_ROUTE - [GET] /driver Incoming request ...
[2023-07-09T12:25:03.317Z] GET /tambang 304 | - bytes - 35.485 ms
[2023-07-09T19:25:03.318] [INFO] UNIT_ROUTE - [GET] /unit Incoming request ...
[2023-07-09T12:25:03.326Z] GET /driver 304 | - bytes - 27.711 ms
[2023-07-09T12:25:03.346Z] GET /unit 304 | - bytes - 31.133 ms
[2023-07-09T12:25:24.004Z] OPTIONS /unit 204 | 0 bytes - 0.204 ms
[2023-07-09T12:25:24.006Z] OPTIONS /pegawai 204 | 0 bytes - 0.211 ms
[2023-07-09T12:25:24.009Z] OPTIONS /kantor 204 | 0 bytes - 0.195 ms
[2023-07-09T19:25:24.010] [INFO] UNIT_ROUTE - [GET] /unit Incoming request ...
[2023-07-09T19:25:24.016] [INFO] PEGAWAI_ROUTE - [GET] /pegawai Incoming request ...
[2023-07-09T12:25:24.027Z] OPTIONS /tambang 204 | 0 bytes - 0.172 ms
[2023-07-09T19:25:24.022] [INFO] KANTOR_ROUTE - [GET] /kantor Incoming request ...
[2023-07-09T12:25:24.028Z] OPTIONS /driver 204 | 0 bytes - 0.183 ms
[2023-07-09T19:25:24.035] [INFO] TAMBANG_ROUTE - [GET] /tambang Incoming request ...
[2023-07-09T19:25:24.038] [INFO] DRIVER_ROUTE - [GET] /driver Incoming request ...
[2023-07-09T12:25:24.070Z] GET /pegawai 304 | - bytes - 53.774 ms
[2023-07-09T12:25:24.074Z] GET /driver 304 | - bytes - 40.666 ms
[2023-07-09T12:25:24.076Z] GET /kantor 304 | - bytes - 60.028 ms
[2023-07-09T12:25:24.080Z] GET /tambang 304 | - bytes - 46.451 ms
[2023-07-09T12:25:24.100Z] GET /unit 304 | - bytes - 92.115 ms
[2023-07-09T19:25:24.103] [INFO] UNIT_ROUTE - [GET] /unit Incoming request ...
[2023-07-09T12:25:24.128Z] GET /unit 304 | - bytes - 26.311 ms
[2023-07-09T19:25:28.262] [INFO] UNIT_ROUTE - [GET] /unit Incoming request ...
[2023-07-09T19:25:28.270] [INFO] PEGAWAI_ROUTE - [GET] /pegawai Incoming request ...
[2023-07-09T12:25:28.303Z] GET /unit 304 | - bytes - 40.901 ms
[2023-07-09T19:25:28.276] [INFO] KANTOR_ROUTE - [GET] /kantor Incoming request ...
[2023-07-09T12:25:28.336Z] GET /pegawai 304 | - bytes - 69.389 ms
[2023-07-09T19:25:28.309] [INFO] TAMBANG_ROUTE - [GET] /tambang Incoming request ...
[2023-07-09T12:25:28.347Z] GET /kantor 304 | - bytes - 78.844 ms
[2023-07-09T19:25:28.352] [INFO] DRIVER_ROUTE - [GET] /driver Incoming request ...
[2023-07-09T12:25:28.377Z] GET /tambang 304 | - bytes - 68.591 ms
[2023-07-09T19:25:28.369] [INFO] UNIT_ROUTE - [GET] /unit Incoming request ...
[2023-07-09T12:25:28.382Z] GET /driver 304 | - bytes - 58.562 ms
[2023-07-09T12:25:28.403Z] GET /unit 304 | - bytes - 52.163 ms
[2023-07-09T12:25:30.296Z] OPTIONS /unit 204 | 0 bytes - 0.215 ms
[2023-07-09T19:25:30.299] [INFO] UNIT_ROUTE - [GET] /unit Incoming request ...
[2023-07-09T12:25:30.304Z] OPTIONS /pegawai 204 | 0 bytes - 0.252 ms
[2023-07-09T12:25:30.306Z] OPTIONS /kantor 204 | 0 bytes - 0.167 ms
[2023-07-09T12:25:30.310Z] OPTIONS /tambang 204 | 0 bytes - 0.185 ms
[2023-07-09T19:25:30.311] [INFO] PEGAWAI_ROUTE - [GET] /pegawai Incoming request ...
[2023-07-09T12:25:30.340Z] GET /unit 304 | - bytes - 42.067 ms
[2023-07-09T12:25:30.341Z] OPTIONS /driver 204 | 0 bytes - 0.193 ms
[2023-07-09T19:25:30.318] [INFO] KANTOR_ROUTE - [GET] /kantor Incoming request ...
[2023-07-09T12:25:30.346Z] GET /pegawai 304 | - bytes - 36.758 ms
[2023-07-09T12:25:30.349Z] GET /kantor 304 | - bytes - 37.792 ms
[2023-07-09T19:25:30.351] [INFO] TAMBANG_ROUTE - [GET] /tambang Incoming request ...
[2023-07-09T19:25:30.357] [INFO] UNIT_ROUTE - [GET] /unit Incoming request ...
[2023-07-09T12:25:30.366Z] GET /tambang 304 | - bytes - 22.996 ms
[2023-07-09T19:25:30.360] [INFO] DRIVER_ROUTE - [GET] /driver Incoming request ...
[2023-07-09T12:25:30.373Z] GET /driver 304 | - bytes - 16.032 ms
[2023-07-09T12:25:30.391Z] GET /unit 304 | - bytes - 41.189 ms
[2023-07-09T12:26:03.633Z] OPTIONS /unit 204 | 0 bytes - 0.155 ms
[2023-07-09T19:26:03.635] [INFO] UNIT_ROUTE - [GET] /unit Incoming request ...
[2023-07-09T12:26:03.643Z] OPTIONS /pegawai 204 | 0 bytes - 0.187 ms
[2023-07-09T12:26:03.645Z] OPTIONS /kantor 204 | 0 bytes - 0.205 ms
[2023-07-09T12:26:03.648Z] OPTIONS /tambang 204 | 0 bytes - 0.179 ms
[2023-07-09T12:26:03.652Z] OPTIONS /driver 204 | 0 bytes - 1.119 ms
[2023-07-09T19:26:03.657] [INFO] PEGAWAI_ROUTE - [GET] /pegawai Incoming request ...
[2023-07-09T19:26:03.664] [INFO] TAMBANG_ROUTE - [GET] /tambang Incoming request ...
[2023-07-09T19:26:03.672] [INFO] KANTOR_ROUTE - [GET] /kantor Incoming request ...
[2023-07-09T12:26:03.688Z] GET /pegawai 304 | - bytes - 33.914 ms
[2023-07-09T19:26:03.675] [INFO] DRIVER_ROUTE - [GET] /driver Incoming request ...
[2023-07-09T12:26:03.694Z] GET /tambang 304 | - bytes - 38.085 ms
[2023-07-09T12:26:03.700Z] GET /kantor 304 | - bytes - 43.184 ms
[2023-07-09T12:26:03.703Z] GET /driver 304 | - bytes - 32.981 ms
[2023-07-09T12:26:03.720Z] GET /unit 304 | - bytes - 85.505 ms
[2023-07-09T19:26:03.723] [INFO] UNIT_ROUTE - [GET] /unit Incoming request ...
[2023-07-09T12:26:03.752Z] GET /unit 304 | - bytes - 29.184 ms
[2023-07-09T12:26:19.591Z] OPTIONS /unit 204 | 0 bytes - 0.189 ms
[2023-07-09T19:26:19.593] [INFO] UNIT_ROUTE - [GET] /unit Incoming request ...
[2023-07-09T12:26:19.599Z] OPTIONS /pegawai 204 | 0 bytes - 0.134 ms
[2023-07-09T12:26:19.600Z] OPTIONS /kantor 204 | 0 bytes - 0.191 ms
[2023-07-09T12:26:19.604Z] OPTIONS /driver 204 | 0 bytes - 0.181 ms
[2023-07-09T12:26:19.607Z] OPTIONS /tambang 204 | 0 bytes - 0.179 ms
[2023-07-09T19:26:19.608] [INFO] PEGAWAI_ROUTE - [GET] /pegawai Incoming request ...
[2023-07-09T19:26:19.622] [INFO] DRIVER_ROUTE - [GET] /driver Incoming request ...
[2023-07-09T19:26:19.629] [INFO] KANTOR_ROUTE - [GET] /kantor Incoming request ...
[2023-07-09T12:26:19.644Z] GET /pegawai 304 | - bytes - 38.560 ms
[2023-07-09T19:26:19.631] [INFO] TAMBANG_ROUTE - [GET] /tambang Incoming request ...
[2023-07-09T12:26:19.649Z] GET /driver 304 | - bytes - 30.428 ms
[2023-07-09T12:26:19.654Z] GET /kantor 304 | - bytes - 34.312 ms
[2023-07-09T12:26:19.655Z] GET /tambang 304 | - bytes - 34.330 ms
[2023-07-09T12:26:19.680Z] GET /unit 304 | - bytes - 87.192 ms
[2023-07-09T19:26:19.684] [INFO] UNIT_ROUTE - [GET] /unit Incoming request ...
[2023-07-09T12:26:19.705Z] GET /unit 304 | - bytes - 21.575 ms
[2023-07-09T12:26:24.840Z] OPTIONS /unit 204 | 0 bytes - 0.131 ms
[2023-07-09T12:26:24.842Z] OPTIONS /pegawai 204 | 0 bytes - 0.161 ms
[2023-07-09T19:26:24.844] [INFO] UNIT_ROUTE - [GET] /unit Incoming request ...
[2023-07-09T12:26:24.850Z] OPTIONS /kantor 204 | 0 bytes - 0.403 ms
[2023-07-09T12:26:24.853Z] OPTIONS /tambang 204 | 0 bytes - 0.162 ms
[2023-07-09T19:26:24.859] [INFO] PEGAWAI_ROUTE - [GET] /pegawai Incoming request ...
[2023-07-09T12:26:24.858Z] OPTIONS /driver 204 | 0 bytes - 0.200 ms
[2023-07-09T19:26:24.865] [INFO] KANTOR_ROUTE - [GET] /kantor Incoming request ...
[2023-07-09T12:26:24.891Z] GET /unit 304 | - bytes - 48.006 ms
[2023-07-09T19:26:24.893] [INFO] TAMBANG_ROUTE - [GET] /tambang Incoming request ...
[2023-07-09T12:26:24.905Z] GET /pegawai 304 | - bytes - 52.721 ms
[2023-07-09T12:26:24.907Z] GET /kantor 304 | - bytes - 48.380 ms
[2023-07-09T19:26:24.908] [INFO] DRIVER_ROUTE - [GET] /driver Incoming request ...
[2023-07-09T12:26:24.919Z] GET /tambang 304 | - bytes - 48.823 ms
[2023-07-09T19:26:24.922] [INFO] UNIT_ROUTE - [GET] /unit Incoming request ...
[2023-07-09T12:26:24.931Z] GET /driver 304 | - bytes - 38.080 ms
[2023-07-09T12:26:24.951Z] GET /unit 304 | - bytes - 33.552 ms
[2023-07-09T12:26:36.895Z] OPTIONS /unit 204 | 0 bytes - 0.143 ms
[2023-07-09T12:26:36.897Z] OPTIONS /pegawai 204 | 0 bytes - 0.117 ms
[2023-07-09T12:26:36.899Z] OPTIONS /kantor 204 | 0 bytes - 0.140 ms
[2023-07-09T19:26:36.903] [INFO] UNIT_ROUTE - [GET] /unit Incoming request ...
[2023-07-09T19:26:36.910] [INFO] KANTOR_ROUTE - [GET] /kantor Incoming request ...
[2023-07-09T12:26:36.920Z] OPTIONS /tambang 204 | 0 bytes - 0.114 ms
[2023-07-09T19:26:36.914] [INFO] PEGAWAI_ROUTE - [GET] /pegawai Incoming request ...
[2023-07-09T12:26:36.921Z] OPTIONS /driver 204 | 0 bytes - 0.181 ms
[2023-07-09T19:26:36.927] [INFO] TAMBANG_ROUTE - [GET] /tambang Incoming request ...
[2023-07-09T19:26:36.930] [INFO] DRIVER_ROUTE - [GET] /driver Incoming request ...
[2023-07-09T12:26:36.967Z] GET /kantor 304 | - bytes - 58.072 ms
[2023-07-09T12:26:36.969Z] GET /tambang 304 | - bytes - 43.606 ms
[2023-07-09T12:26:36.991Z] GET /unit 304 | - bytes - 88.142 ms
[2023-07-09T12:26:36.992Z] GET /driver 304 | - bytes - 65.744 ms
[2023-07-09T19:26:36.994] [INFO] UNIT_ROUTE - [GET] /unit Incoming request ...
[2023-07-09T12:26:37.007Z] GET /pegawai 304 | - bytes - 97.453 ms
[2023-07-09T12:26:37.029Z] GET /unit 304 | - bytes - 34.798 ms
[2023-07-09T12:27:16.644Z] OPTIONS /unit 204 | 0 bytes - 0.155 ms
[2023-07-09T12:27:16.648Z] OPTIONS /pegawai 204 | 0 bytes - 0.110 ms
[2023-07-09T19:27:16.649] [INFO] UNIT_ROUTE - [GET] /unit Incoming request ...
[2023-07-09T12:27:16.654Z] OPTIONS /kantor 204 | 0 bytes - 0.121 ms
[2023-07-09T12:27:16.658Z] OPTIONS /tambang 204 | 0 bytes - 0.196 ms
[2023-07-09T19:27:16.661] [INFO] PEGAWAI_ROUTE - [GET] /pegawai Incoming request ...
[2023-07-09T12:27:16.660Z] OPTIONS /driver 204 | 0 bytes - 0.150 ms
[2023-07-09T19:27:16.669] [INFO] KANTOR_ROUTE - [GET] /kantor Incoming request ...
[2023-07-09T19:27:16.676] [INFO] TAMBANG_ROUTE - [GET] /tambang Incoming request ...
[2023-07-09T19:27:16.678] [INFO] DRIVER_ROUTE - [GET] /driver Incoming request ...
[2023-07-09T12:27:16.699Z] GET /pegawai 304 | - bytes - 43.065 ms
[2023-07-09T12:27:16.704Z] GET /kantor 304 | - bytes - 43.763 ms
[2023-07-09T12:27:16.707Z] GET /tambang 304 | - bytes - 31.813 ms
[2023-07-09T12:27:16.709Z] GET /driver 304 | - bytes - 32.869 ms
[2023-07-09T12:27:16.730Z] GET /unit 304 | - bytes - 82.631 ms
[2023-07-09T19:27:16.736] [INFO] UNIT_ROUTE - [GET] /unit Incoming request ...
[2023-07-09T12:27:16.758Z] GET /unit 304 | - bytes - 21.706 ms
[2023-07-09T12:27:33.020Z] OPTIONS /unit 204 | 0 bytes - 0.110 ms
[2023-07-09T12:27:33.022Z] OPTIONS /pegawai 204 | 0 bytes - 0.182 ms
[2023-07-09T19:27:33.024] [INFO] UNIT_ROUTE - [GET] /unit Incoming request ...
[2023-07-09T12:27:33.029Z] OPTIONS /kantor 204 | 0 bytes - 0.165 ms
[2023-07-09T12:27:33.032Z] OPTIONS /tambang 204 | 0 bytes - 0.155 ms
[2023-07-09T19:27:33.035] [INFO] PEGAWAI_ROUTE - [GET] /pegawai Incoming request ...
[2023-07-09T12:27:33.033Z] OPTIONS /driver 204 | 0 bytes - 0.139 ms
[2023-07-09T19:27:33.046] [INFO] KANTOR_ROUTE - [GET] /kantor Incoming request ...
[2023-07-09T19:27:33.051] [INFO] TAMBANG_ROUTE - [GET] /tambang Incoming request ...
[2023-07-09T19:27:33.054] [INFO] DRIVER_ROUTE - [GET] /driver Incoming request ...
[2023-07-09T12:27:33.074Z] GET /pegawai 304 | - bytes - 44.083 ms
[2023-07-09T12:27:33.081Z] GET /kantor 304 | - bytes - 36.071 ms
[2023-07-09T12:27:33.085Z] GET /tambang 304 | - bytes - 40.022 ms
[2023-07-09T12:27:33.087Z] GET /driver 304 | - bytes - 41.222 ms
[2023-07-09T12:27:33.107Z] GET /unit 304 | - bytes - 83.341 ms
[2023-07-09T19:27:33.109] [INFO] UNIT_ROUTE - [GET] /unit Incoming request ...
[2023-07-09T12:27:33.138Z] GET /unit 304 | - bytes - 28.663 ms
[2023-07-09T12:27:39.848Z] OPTIONS /unit 204 | 0 bytes - 0.205 ms
[2023-07-09T19:27:39.850] [INFO] UNIT_ROUTE - [GET] /unit Incoming request ...
[2023-07-09T12:27:39.857Z] OPTIONS /pegawai 204 | 0 bytes - 0.164 ms
[2023-07-09T12:27:39.859Z] OPTIONS /kantor 204 | 0 bytes - 0.157 ms
[2023-07-09T12:27:39.863Z] OPTIONS /tambang 204 | 0 bytes - 0.107 ms
[2023-07-09T12:27:39.865Z] OPTIONS /driver 204 | 0 bytes - 0.202 ms
[2023-07-09T12:27:39.884Z] GET /unit 304 | - bytes - 34.195 ms
[2023-07-09T19:27:39.886] [INFO] PEGAWAI_ROUTE - [GET] /pegawai Incoming request ...
[2023-07-09T19:27:39.892] [INFO] KANTOR_ROUTE - [GET] /kantor Incoming request ...
[2023-07-09T12:27:39.910Z] GET /pegawai 304 | - bytes - 43.825 ms
[2023-07-09T19:27:39.899] [INFO] TAMBANG_ROUTE - [GET] /tambang Incoming request ...
[2023-07-09T12:27:39.913Z] GET /kantor 304 | - bytes - 27.245 ms
[2023-07-09T19:27:39.902] [INFO] DRIVER_ROUTE - [GET] /driver Incoming request ...
[2023-07-09T12:27:39.920Z] GET /tambang 304 | - bytes - 22.222 ms
[2023-07-09T12:27:39.922Z] GET /driver 304 | - bytes - 23.720 ms
[2023-07-09T19:27:39.914] [INFO] UNIT_ROUTE - [GET] /unit Incoming request ...
[2023-07-09T12:27:39.943Z] GET /unit 304 | - bytes - 36.546 ms
[2023-07-09T12:27:55.221Z] OPTIONS /unit 204 | 0 bytes - 0.176 ms
[2023-07-09T19:27:55.224] [INFO] UNIT_ROUTE - [GET] /unit Incoming request ...
[2023-07-09T12:27:55.230Z] OPTIONS /pegawai 204 | 0 bytes - 0.166 ms
[2023-07-09T12:27:55.231Z] OPTIONS /kantor 204 | 0 bytes - 0.196 ms
[2023-07-09T12:27:55.235Z] OPTIONS /tambang 204 | 0 bytes - 0.246 ms
[2023-07-09T12:27:55.238Z] OPTIONS /driver 204 | 0 bytes - 0.131 ms
[2023-07-09T19:27:55.239] [INFO] PEGAWAI_ROUTE - [GET] /pegawai Incoming request ...
[2023-07-09T19:27:55.248] [INFO] TAMBANG_ROUTE - [GET] /tambang Incoming request ...
[2023-07-09T19:27:55.259] [INFO] KANTOR_ROUTE - [GET] /kantor Incoming request ...
[2023-07-09T12:27:55.276Z] GET /pegawai 304 | - bytes - 39.051 ms
[2023-07-09T19:27:55.263] [INFO] DRIVER_ROUTE - [GET] /driver Incoming request ...
[2023-07-09T12:27:55.281Z] GET /tambang 304 | - bytes - 34.331 ms
[2023-07-09T12:27:55.287Z] GET /kantor 304 | - bytes - 39.140 ms
[2023-07-09T12:27:55.290Z] GET /driver 304 | - bytes - 33.712 ms
[2023-07-09T12:27:55.307Z] GET /unit 304 | - bytes - 83.433 ms
[2023-07-09T19:27:55.309] [INFO] UNIT_ROUTE - [GET] /unit Incoming request ...
[2023-07-09T12:27:55.338Z] GET /unit 304 | - bytes - 28.726 ms
[2023-07-09T12:28:38.200Z] OPTIONS /unit 204 | 0 bytes - 0.187 ms
[2023-07-09T19:28:38.203] [INFO] UNIT_ROUTE - [GET] /unit Incoming request ...
[2023-07-09T12:28:38.211Z] OPTIONS /pegawai 204 | 0 bytes - 0.110 ms
[2023-07-09T12:28:38.212Z] OPTIONS /kantor 204 | 0 bytes - 0.161 ms
[2023-07-09T12:28:38.215Z] OPTIONS /tambang 204 | 0 bytes - 0.156 ms
[2023-07-09T12:28:38.217Z] OPTIONS /driver 204 | 0 bytes - 0.172 ms
[2023-07-09T19:28:38.219] [INFO] PEGAWAI_ROUTE - [GET] /pegawai Incoming request ...
[2023-07-09T19:28:38.230] [INFO] TAMBANG_ROUTE - [GET] /tambang Incoming request ...
[2023-07-09T19:28:38.237] [INFO] KANTOR_ROUTE - [GET] /kantor Incoming request ...
[2023-07-09T12:28:38.258Z] GET /pegawai 304 | - bytes - 39.492 ms
[2023-07-09T19:28:38.239] [INFO] DRIVER_ROUTE - [GET] /driver Incoming request ...
[2023-07-09T12:28:38.262Z] GET /tambang 304 | - bytes - 33.182 ms
[2023-07-09T12:28:38.267Z] GET /kantor 304 | - bytes - 37.641 ms
[2023-07-09T12:28:38.269Z] GET /driver 304 | - bytes - 39.539 ms
[2023-07-09T12:28:38.286Z] GET /unit 304 | - bytes - 83.388 ms
[2023-07-09T19:28:38.290] [INFO] UNIT_ROUTE - [GET] /unit Incoming request ...
[2023-07-09T12:28:38.319Z] GET /unit 304 | - bytes - 30.362 ms
[2023-07-09T12:28:47.869Z] OPTIONS / 204 | 0 bytes - 0.115 ms
[2023-07-09T12:28:47.873Z] GET / 404 | 33 bytes - 2.139 ms
[2023-07-09T12:28:47.876Z] OPTIONS /pegawai 204 | 0 bytes - 0.124 ms
[2023-07-09T12:28:47.877Z] OPTIONS /kantor 204 | 0 bytes - 0.170 ms
[2023-07-09T12:28:47.878Z] OPTIONS /unit 204 | 0 bytes - 0.143 ms
[2023-07-09T12:28:47.879Z] OPTIONS /tambang 204 | 0 bytes - 0.173 ms
[2023-07-09T19:28:47.880] [INFO] PEGAWAI_ROUTE - [GET] /pegawai Incoming request ...
[2023-07-09T12:28:47.888Z] OPTIONS /driver 204 | 0 bytes - 0.106 ms
[2023-07-09T19:28:47.892] [INFO] UNIT_ROUTE - [GET] /unit Incoming request ...
[2023-07-09T12:28:47.891Z] GET /pegawai 304 | - bytes - 12.471 ms
[2023-07-09T19:28:47.897] [INFO] KANTOR_ROUTE - [GET] /kantor Incoming request ...
[2023-07-09T12:28:47.916Z] GET /kantor 304 | - bytes - 28.533 ms
[2023-07-09T19:28:47.902] [INFO] TAMBANG_ROUTE - [GET] /tambang Incoming request ...
[2023-07-09T12:28:47.934Z] GET /unit 304 | - bytes - 46.910 ms
[2023-07-09T19:28:47.905] [INFO] DRIVER_ROUTE - [GET] /driver Incoming request ...
[2023-07-09T12:28:47.937Z] GET /tambang 304 | - bytes - 44.297 ms
[2023-07-09T12:28:47.941Z] GET /driver 304 | - bytes - 35.557 ms
[2023-07-09T19:28:50.603] [INFO] UNIT_ROUTE - [GET] /unit Incoming request ...
[2023-07-09T19:28:50.610] [INFO] PEGAWAI_ROUTE - [GET] /pegawai Incoming request ...
[2023-07-09T12:28:50.638Z] GET /unit 304 | - bytes - 35.261 ms
[2023-07-09T19:28:50.639] [INFO] KANTOR_ROUTE - [GET] /kantor Incoming request ...
[2023-07-09T12:28:50.650Z] GET /pegawai 304 | - bytes - 43.199 ms
[2023-07-09T19:28:50.652] [INFO] TAMBANG_ROUTE - [GET] /tambang Incoming request ...
[2023-07-09T12:28:50.670Z] GET /kantor 304 | - bytes - 59.518 ms
[2023-07-09T19:28:50.658] [INFO] DRIVER_ROUTE - [GET] /driver Incoming request ...
[2023-07-09T12:28:50.673Z] GET /tambang 304 | - bytes - 26.586 ms
[2023-07-09T19:28:50.664] [INFO] UNIT_ROUTE - [GET] /unit Incoming request ...
[2023-07-09T12:28:50.677Z] GET /driver 304 | - bytes - 28.823 ms
[2023-07-09T12:28:50.697Z] GET /unit 304 | - bytes - 45.357 ms
[2023-07-09T12:30:57.847Z] OPTIONS /unit 204 | 0 bytes - 0.134 ms
[2023-07-09T19:30:57.850] [INFO] UNIT_ROUTE - [GET] /unit Incoming request ...
[2023-07-09T12:30:57.856Z] OPTIONS /pegawai 204 | 0 bytes - 0.119 ms
[2023-07-09T12:30:57.858Z] OPTIONS /kantor 204 | 0 bytes - 0.370 ms
[2023-07-09T12:30:57.863Z] OPTIONS /tambang 204 | 0 bytes - 0.436 ms
[2023-07-09T12:30:57.866Z] OPTIONS /driver 204 | 0 bytes - 0.193 ms
[2023-07-09T19:30:57.873] [INFO] PEGAWAI_ROUTE - [GET] /pegawai Incoming request ...
[2023-07-09T19:30:57.883] [INFO] TAMBANG_ROUTE - [GET] /tambang Incoming request ...
[2023-07-09T19:30:57.895] [INFO] KANTOR_ROUTE - [GET] /kantor Incoming request ...
[2023-07-09T12:30:57.912Z] GET /pegawai 304 | - bytes - 42.480 ms
[2023-07-09T19:30:57.899] [INFO] DRIVER_ROUTE - [GET] /driver Incoming request ...
[2023-07-09T12:30:57.917Z] GET /tambang 304 | - bytes - 45.721 ms
[2023-07-09T12:30:57.923Z] GET /kantor 304 | - bytes - 34.344 ms
[2023-07-09T12:30:57.927Z] GET /driver 304 | - bytes - 35.743 ms
[2023-07-09T12:30:57.951Z] GET /unit 304 | - bytes - 101.561 ms
[2023-07-09T19:30:57.956] [INFO] UNIT_ROUTE - [GET] /unit Incoming request ...
[2023-07-09T12:30:57.991Z] GET /unit 304 | - bytes - 34.920 ms
[2023-07-09T12:31:32.166Z] OPTIONS /unit 204 | 0 bytes - 0.161 ms
[2023-07-09T12:31:32.171Z] OPTIONS /pegawai 204 | 0 bytes - 0.194 ms
[2023-07-09T19:31:32.171] [INFO] UNIT_ROUTE - [GET] /unit Incoming request ...
[2023-07-09T12:31:32.178Z] OPTIONS /kantor 204 | 0 bytes - 0.149 ms
[2023-07-09T19:31:32.179] [INFO] PEGAWAI_ROUTE - [GET] /pegawai Incoming request ...
[2023-07-09T12:31:32.190Z] OPTIONS /tambang 204 | 0 bytes - 0.150 ms
[2023-07-09T12:31:32.192Z] OPTIONS /driver 204 | 0 bytes - 0.168 ms
[2023-07-09T19:31:32.198] [INFO] KANTOR_ROUTE - [GET] /kantor Incoming request ...
[2023-07-09T19:31:32.204] [INFO] TAMBANG_ROUTE - [GET] /tambang Incoming request ...
[2023-07-09T19:31:32.211] [INFO] DRIVER_ROUTE - [GET] /driver Incoming request ...
[2023-07-09T12:31:32.230Z] GET /pegawai 304 | - bytes - 52.847 ms
[2023-07-09T12:31:32.233Z] GET /kantor 304 | - bytes - 39.384 ms
[2023-07-09T12:31:32.237Z] GET /driver 304 | - bytes - 39.528 ms
[2023-07-09T12:31:32.240Z] GET /tambang 304 | - bytes - 44.230 ms
[2023-07-09T12:31:32.257Z] GET /unit 304 | - bytes - 87.669 ms
[2023-07-09T19:31:32.265] [INFO] UNIT_ROUTE - [GET] /unit Incoming request ...
[2023-07-09T12:31:32.291Z] GET /unit 304 | - bytes - 26.861 ms
[2023-07-09T12:32:03.383Z] OPTIONS /unit 204 | 0 bytes - 0.182 ms
[2023-07-09T12:32:03.385Z] OPTIONS /pegawai 204 | 0 bytes - 0.112 ms
[2023-07-09T12:32:03.387Z] OPTIONS /kantor 204 | 0 bytes - 0.136 ms
[2023-07-09T19:32:03.388] [INFO] UNIT_ROUTE - [GET] /unit Incoming request ...
[2023-07-09T12:32:03.396Z] OPTIONS /tambang 204 | 0 bytes - 0.175 ms
[2023-07-09T19:32:03.397] [INFO] PEGAWAI_ROUTE - [GET] /pegawai Incoming request ...
[2023-07-09T12:32:03.406Z] OPTIONS /driver 204 | 0 bytes - 0.112 ms
[2023-07-09T19:32:03.409] [INFO] KANTOR_ROUTE - [GET] /kantor Incoming request ...
[2023-07-09T19:32:03.417] [INFO] TAMBANG_ROUTE - [GET] /tambang Incoming request ...
[2023-07-09T19:32:03.419] [INFO] DRIVER_ROUTE - [GET] /driver Incoming request ...
[2023-07-09T12:32:03.437Z] GET /pegawai 304 | - bytes - 42.392 ms
[2023-07-09T12:32:03.441Z] GET /kantor 304 | - bytes - 35.795 ms
[2023-07-09T12:32:03.443Z] GET /tambang 304 | - bytes - 35.156 ms
[2023-07-09T12:32:03.446Z] GET /driver 304 | - bytes - 30.430 ms
[2023-07-09T12:32:03.465Z] GET /unit 304 | - bytes - 77.191 ms
[2023-07-09T19:32:03.468] [INFO] UNIT_ROUTE - [GET] /unit Incoming request ...
[2023-07-09T12:32:03.500Z] GET /unit 304 | - bytes - 32.477 ms
[2023-07-09T19:32:07.181] [INFO] UNIT_ROUTE - [GET] /unit Incoming request ...
[2023-07-09T19:32:07.187] [INFO] PEGAWAI_ROUTE - [GET] /pegawai Incoming request ...
[2023-07-09T19:32:07.193] [INFO] KANTOR_ROUTE - [GET] /kantor Incoming request ...
[2023-07-09T12:32:07.202Z] GET /pegawai 304 | - bytes - 16.814 ms
[2023-07-09T19:32:07.206] [INFO] TAMBANG_ROUTE - [GET] /tambang Incoming request ...
[2023-07-09T12:32:07.205Z] GET /kantor 304 | - bytes - 18.903 ms
[2023-07-09T19:32:07.210] [INFO] DRIVER_ROUTE - [GET] /driver Incoming request ...
[2023-07-09T12:32:07.236Z] GET /unit 304 | - bytes - 56.179 ms
[2023-07-09T12:32:07.240Z] GET /tambang 304 | - bytes - 40.291 ms
[2023-07-09T12:32:07.244Z] GET /driver 304 | - bytes - 44.599 ms
[2023-07-09T19:32:07.247] [INFO] UNIT_ROUTE - [GET] /unit Incoming request ...
[2023-07-09T12:32:07.280Z] GET /unit 304 | - bytes - 33.706 ms
[2023-07-09T12:32:11.018Z] OPTIONS /unit 204 | 0 bytes - 0.119 ms
[2023-07-09T12:32:11.023Z] OPTIONS /pegawai 204 | 0 bytes - 0.220 ms
[2023-07-09T19:32:11.024] [INFO] UNIT_ROUTE - [GET] /unit Incoming request ...
[2023-07-09T12:32:11.030Z] OPTIONS /kantor 204 | 0 bytes - 0.239 ms
[2023-07-09T12:32:11.039Z] OPTIONS /tambang 204 | 0 bytes - 0.164 ms
[2023-07-09T19:32:11.039] [INFO] PEGAWAI_ROUTE - [GET] /pegawai Incoming request ...
[2023-07-09T12:32:11.047Z] OPTIONS /driver 204 | 0 bytes - 0.164 ms
[2023-07-09T19:32:11.065] [INFO] KANTOR_ROUTE - [GET] /kantor Incoming request ...
[2023-07-09T12:32:11.063Z] GET /unit 304 | - bytes - 39.469 ms
[2023-07-09T19:32:11.069] [INFO] TAMBANG_ROUTE - [GET] /tambang Incoming request ...
[2023-07-09T12:32:11.074Z] GET /pegawai 304 | - bytes - 42.372 ms
[2023-07-09T19:32:11.076] [INFO] DRIVER_ROUTE - [GET] /driver Incoming request ...
[2023-07-09T12:32:11.084Z] GET /kantor 304 | - bytes - 37.862 ms
[2023-07-09T12:32:11.086Z] GET /tambang 304 | - bytes - 21.366 ms
[2023-07-09T19:32:11.087] [INFO] UNIT_ROUTE - [GET] /unit Incoming request ...
[2023-07-09T12:32:11.094Z] GET /driver 304 | - bytes - 18.398 ms
[2023-07-09T12:32:11.112Z] GET /unit 304 | - bytes - 35.972 ms
[2023-07-09T12:32:20.739Z] OPTIONS /unit 204 | 0 bytes - 0.154 ms
[2023-07-09T19:32:20.740] [INFO] UNIT_ROUTE - [GET] /unit Incoming request ...
[2023-07-09T12:32:20.745Z] OPTIONS /pegawai 204 | 0 bytes - 0.107 ms
[2023-07-09T12:32:20.746Z] OPTIONS /kantor 204 | 0 bytes - 0.179 ms
[2023-07-09T12:32:20.750Z] OPTIONS /tambang 204 | 0 bytes - 0.164 ms
[2023-07-09T12:32:20.752Z] OPTIONS /driver 204 | 0 bytes - 0.156 ms
[2023-07-09T12:32:20.770Z] GET /unit 304 | - bytes - 29.848 ms
[2023-07-09T19:32:20.773] [INFO] PEGAWAI_ROUTE - [GET] /pegawai Incoming request ...
[2023-07-09T19:32:20.778] [INFO] KANTOR_ROUTE - [GET] /kantor Incoming request ...
[2023-07-09T12:32:20.794Z] GET /pegawai 304 | - bytes - 22.012 ms
[2023-07-09T19:32:20.785] [INFO] TAMBANG_ROUTE - [GET] /tambang Incoming request ...
[2023-07-09T12:32:20.797Z] GET /kantor 304 | - bytes - 24.427 ms
[2023-07-09T19:32:20.788] [INFO] DRIVER_ROUTE - [GET] /driver Incoming request ...
[2023-07-09T12:32:20.803Z] GET /tambang 304 | - bytes - 30.174 ms
[2023-07-09T12:32:20.807Z] GET /driver 304 | - bytes - 23.598 ms
[2023-07-09T19:32:20.797] [INFO] UNIT_ROUTE - [GET] /unit Incoming request ...
[2023-07-09T12:32:20.827Z] GET /unit 304 | - bytes - 42.238 ms
