[2023-07-05T15:38:48.580Z] POST /pegawai 403 | 33 bytes - 10.908 ms
[2023-07-05T22:38:48.566] [INFO] PEGAWAI_ROUTE - [POST] /pegawai Incoming request ...
[2023-07-05T23:01:15.137] [INFO] PEGAWAI_ROUTE - [POST] /pegawai Incoming request ...
[2023-07-05T23:04:22.701] [INFO] PEGAWAI_ROUTE - [POST] /pegawai Incoming request ...
[2023-07-05T23:06:43.100] [INFO] PEGAWAI_ROUTE - [POST] /pegawai Incoming request ...
[2023-07-05T23:07:47.377] [INFO] PEGAWAI_ROUTE - [POST] /pegawai Incoming request ...
[2023-07-05T23:09:14.811] [INFO] PEGAWAI_ROUTE - [POST] /pegawai Incoming request ...
[2023-07-05T23:13:11.028] [INFO] PEGAWAI_ROUTE - [POST] /pegawai Incoming request ...
[2023-07-05T16:13:11.277Z] POST /pegawai 200 | 231 bytes - 375.046 ms
[2023-07-05T16:16:56.888Z] GET /login 404 | 33 bytes - 16.949 ms
[2023-07-05T23:17:02.740] [INFO] LOGIN_ROUTE - [POST] /login Incoming request ...
[2023-07-05T16:17:02.822Z] POST /login 200 | 452 bytes - 83.231 ms
[2023-07-05T16:17:58.294Z] GET /pegawai 403 | 33 bytes - 3.321 ms
[2023-07-05T23:17:58.290] [INFO] PEGAWAI_ROUTE - [GET] /pegawai Incoming request ...
[2023-07-05T16:18:08.788Z] GET /pegawai 403 | 33 bytes - 3.312 ms
[2023-07-05T23:18:08.785] [INFO] PEGAWAI_ROUTE - [GET] /pegawai Incoming request ...
[2023-07-05T16:18:15.782Z] GET /pegawai 403 | 33 bytes - 1.782 ms
[2023-07-05T23:18:15.781] [INFO] PEGAWAI_ROUTE - [GET] /pegawai Incoming request ...
[2023-07-05T23:18:27.936] [INFO] PEGAWAI_ROUTE - [GET] /pegawai Incoming request ...
[2023-07-05T16:18:27.955Z] GET /pegawai 200 | 294 bytes - 18.737 ms
[2023-07-05T23:22:19.791] [INFO] PEGAWAI_ROUTE - [GET] /pegawai Incoming request ...
[2023-07-05T16:22:19.856Z] GET /pegawai 200 | 220 bytes - 65.938 ms
[2023-07-05T23:23:39.442] [INFO] PEGAWAI_ROUTE - [GET] /pegawai Incoming request ...
[2023-07-05T23:24:06.898] [INFO] PEGAWAI_ROUTE - [GET] /pegawai Incoming request ...
[2023-07-05T16:24:06.979Z] GET /pegawai 200 | 220 bytes - 82.700 ms
[2023-07-05T23:25:07.024] [INFO] PEGAWAI_ROUTE - [GET] /pegawai Incoming request ...
[2023-07-05T16:25:07.101Z] GET /pegawai 200 | 220 bytes - 78.582 ms
[2023-07-05T23:27:09.007] [INFO] PEGAWAI_ROUTE - [GET] /pegawai/1 Incoming request ...
[2023-07-05T16:27:09.078Z] GET /pegawai/1 200 | 229 bytes - 70.070 ms
[2023-07-05T23:30:55.512] [INFO] PEGAWAI_ROUTE - [GET] /pegawai/1 Incoming request ...
[2023-07-05T16:30:55.597Z] GET /pegawai/1 200 | 381 bytes - 85.968 ms
